# JRE version: OpenJDK Runtime Environment (8.0_152-b01) (build 1.8.0_152-release-915-b01)
# Java VM: OpenJDK 64-Bit Server VM (25.152-b01 mixed mode windows-amd64 compressed oops)
Heap:
 PSYoungGen      total 293888K, used 130708K [0x00000000e0000000, 0x00000000f6d00000, 0x0000000100000000)
  eden space 256512K, 48% used [0x00000000e0000000,0x00000000e799f420,0x00000000efa80000)
  from space 37376K, 16% used [0x00000000efa80000,0x00000000f0085d90,0x00000000f1f00000)
  to   space 35840K, 0% used [0x00000000f4a00000,0x00000000f4a00000,0x00000000f6d00000)
 ParOldGen       total 162816K, used 80977K [0x00000000a0000000, 0x00000000a9f00000, 0x00000000e0000000)
  object space 162816K, 49% used [0x00000000a0000000,0x00000000a4f14768,0x00000000a9f00000)
 Metaspace       used 78960K, capacity 83678K, committed 86144K, reserved 1124352K
  class space    used 9886K, capacity 10951K, committed 11648K, reserved 1048576K
GC Heap History (10 events):
Event: 2828.976 GC heap before
{Heap before GC invocations=25 (full 3):
 PSYoungGen      total 266240K, used 265804K [0x00000000e0000000, 0x00000000f2880000, 0x0000000100000000)
  eden space 244224K, 100% used [0x00000000e0000000,0x00000000eee80000,0x00000000eee80000)
  from space 22016K, 98% used [0x00000000f0c00000,0x00000000f2113148,0x00000000f2180000)
  to   space 7168K, 0% used [0x00000000f2180000,0x00000000f2180000,0x00000000f2880000)
 ParOldGen       total 98816K, used 61335K [0x00000000a0000000, 0x00000000a6080000, 0x00000000e0000000)
  object space 98816K, 62% used [0x00000000a0000000,0x00000000a3be5e30,0x00000000a6080000)
 Metaspace       used 80602K, capacity 86014K, committed 86144K, reserved 1124352K
  class space    used 10311K, capacity 11565K, committed 11648K, reserved 1048576K
Event: 2829.582 GC heap after
Heap after GC invocations=25 (full 3):
 PSYoungGen      total 241152K, used 7148K [0x00000000e0000000, 0x00000000f2f80000, 0x0000000100000000)
  eden space 233984K, 0% used [0x00000000e0000000,0x00000000e0000000,0x00000000ee480000)
  from space 7168K, 99% used [0x00000000f2180000,0x00000000f287b0b0,0x00000000f2880000)
  to   space 38400K, 0% used [0x00000000ee480000,0x00000000ee480000,0x00000000f0a00000)
 ParOldGen       total 103424K, used 102968K [0x00000000a0000000, 0x00000000a6500000, 0x00000000e0000000)
  object space 103424K, 99% used [0x00000000a0000000,0x00000000a648e2e8,0x00000000a6500000)
 Metaspace       used 80602K, capacity 86014K, committed 86144K, reserved 1124352K
  class space    used 10311K, capacity 11565K, committed 11648K, reserved 1048576K
}
Event: 2829.624 GC heap before
{Heap before GC invocations=26 (full 4):
 PSYoungGen      total 241152K, used 7148K [0x00000000e0000000, 0x00000000f2f80000, 0x0000000100000000)
  eden space 233984K, 0% used [0x00000000e0000000,0x00000000e0000000,0x00000000ee480000)
  from space 7168K, 99% used [0x00000000f2180000,0x00000000f287b0b0,0x00000000f2880000)
  to   space 38400K, 0% used [0x00000000ee480000,0x00000000ee480000,0x00000000f0a00000)
 ParOldGen       total 103424K, used 102968K [0x00000000a0000000, 0x00000000a6500000, 0x00000000e0000000)
  object space 103424K, 99% used [0x00000000a0000000,0x00000000a648e2e8,0x00000000a6500000)
 Metaspace       used 80602K, capacity 86014K, committed 86144K, reserved 1124352K
  class space    used 10311K, capacity 11565K, committed 11648K, reserved 1048576K
Event: 2911.021 GC heap after
Heap after GC invocations=26 (full 4):
 PSYoungGen      total 241152K, used 0K [0x00000000e0000000, 0x00000000f2f80000, 0x0000000100000000)
  eden space 233984K, 0% used [0x00000000e0000000,0x00000000e0000000,0x00000000ee480000)
  from space 7168K, 0% used [0x00000000f2180000,0x00000000f2180000,0x00000000f2880000)
  to   space 38400K, 0% used [0x00000000ee480000,0x00000000ee480000,0x00000000f0a00000)
 ParOldGen       total 162816K, used 80961K [0x00000000a0000000, 0x00000000a9f00000, 0x00000000e0000000)
  object space 162816K, 49% used [0x00000000a0000000,0x00000000a4f10768,0x00000000a9f00000)
 Metaspace       used 78325K, capacity 82706K, committed 86144K, reserved 1124352K
  class space    used 9833K, capacity 10837K, committed 11648K, reserved 1048576K
}
Event: 2918.343 GC heap before
{Heap before GC invocations=27 (full 4):
 PSYoungGen      total 241152K, used 233939K [0x00000000e0000000, 0x00000000f2f80000, 0x0000000100000000)
  eden space 233984K, 99% used [0x00000000e0000000,0x00000000ee474e80,0x00000000ee480000)
  from space 7168K, 0% used [0x00000000f2180000,0x00000000f2180000,0x00000000f2880000)
  to   space 38400K, 0% used [0x00000000ee480000,0x00000000ee480000,0x00000000f0a00000)
 ParOldGen       total 162816K, used 80961K [0x00000000a0000000, 0x00000000a9f00000, 0x00000000e0000000)
  object space 162816K, 49% used [0x00000000a0000000,0x00000000a4f10768,0x00000000a9f00000)
 Metaspace       used 78402K, capacity 82922K, committed 86144K, reserved 1124352K
  class space    used 9841K, capacity 10851K, committed 11648K, reserved 1048576K
Event: 2918.359 GC heap after
Heap after GC invocations=27 (full 4):
 PSYoungGen      total 272384K, used 5300K [0x00000000e0000000, 0x00000000f4400000, 0x0000000100000000)
  eden space 233984K, 0% used [0x00000000e0000000,0x00000000e0000000,0x00000000ee480000)
  from space 38400K, 13% used [0x00000000ee480000,0x00000000ee9ad1f0,0x00000000f0a00000)
  to   space 37888K, 0% used [0x00000000f1f00000,0x00000000f1f00000,0x00000000f4400000)
 ParOldGen       total 162816K, used 80969K [0x00000000a0000000, 0x00000000a9f00000, 0x00000000e0000000)
  object space 162816K, 49% used [0x00000000a0000000,0x00000000a4f12768,0x00000000a9f00000)
 Metaspace       used 78402K, capacity 82922K, committed 86144K, reserved 1124352K
  class space    used 9841K, capacity 10851K, committed 11648K, reserved 1048576K
}
Event: 2918.521 GC heap before
{Heap before GC invocations=28 (full 4):
 PSYoungGen      total 272384K, used 239031K [0x00000000e0000000, 0x00000000f4400000, 0x0000000100000000)
  eden space 233984K, 99% used [0x00000000e0000000,0x00000000ee440ac0,0x00000000ee480000)
  from space 38400K, 13% used [0x00000000ee480000,0x00000000ee9ad1f0,0x00000000f0a00000)
  to   space 37888K, 0% used [0x00000000f1f00000,0x00000000f1f00000,0x00000000f4400000)
 ParOldGen       total 162816K, used 80969K [0x00000000a0000000, 0x00000000a9f00000, 0x00000000e0000000)
  object space 162816K, 49% used [0x00000000a0000000,0x00000000a4f12768,0x00000000a9f00000)
 Metaspace       used 78402K, capacity 82922K, committed 86144K, reserved 1124352K
  class space    used 9841K, capacity 10851K, committed 11648K, reserved 1048576K
Event: 2918.540 GC heap after
Heap after GC invocations=28 (full 4):
 PSYoungGen      total 294400K, used 1686K [0x00000000e0000000, 0x00000000f6900000, 0x0000000100000000)
  eden space 256512K, 0% used [0x00000000e0000000,0x00000000e0000000,0x00000000efa80000)
  from space 37888K, 4% used [0x00000000f1f00000,0x00000000f20a58e0,0x00000000f4400000)
  to   space 37376K, 0% used [0x00000000efa80000,0x00000000efa80000,0x00000000f1f00000)
 ParOldGen       total 162816K, used 80969K [0x00000000a0000000, 0x00000000a9f00000, 0x00000000e0000000)
  object space 162816K, 49% used [0x00000000a0000000,0x00000000a4f12768,0x00000000a9f00000)
 Metaspace       used 78402K, capacity 82922K, committed 86144K, reserved 1124352K
  class space    used 9841K, capacity 10851K, committed 11648K, reserved 1048576K
}
Event: 3030.477 GC heap before
{Heap before GC invocations=29 (full 4):
 PSYoungGen      total 294400K, used 258198K [0x00000000e0000000, 0x00000000f6900000, 0x0000000100000000)
  eden space 256512K, 100% used [0x00000000e0000000,0x00000000efa80000,0x00000000efa80000)
  from space 37888K, 4% used [0x00000000f1f00000,0x00000000f20a58e0,0x00000000f4400000)
  to   space 37376K, 0% used [0x00000000efa80000,0x00000000efa80000,0x00000000f1f00000)
 ParOldGen       total 162816K, used 80969K [0x00000000a0000000, 0x00000000a9f00000, 0x00000000e0000000)
  object space 162816K, 49% used [0x00000000a0000000,0x00000000a4f12768,0x00000000a9f00000)
 Metaspace       used 78905K, capacity 83614K, committed 86144K, reserved 1124352K
  class space    used 9886K, capacity 10951K, committed 11648K, reserved 1048576K
Event: 3030.526 GC heap after
Heap after GC invocations=29 (full 4):
 PSYoungGen      total 293888K, used 6167K [0x00000000e0000000, 0x00000000f6d00000, 0x0000000100000000)
  eden space 256512K, 0% used [0x00000000e0000000,0x00000000e0000000,0x00000000efa80000)
  from space 37376K, 16% used [0x00000000efa80000,0x00000000f0085d90,0x00000000f1f00000)
  to   space 35840K, 0% used [0x00000000f4a00000,0x00000000f4a00000,0x00000000f6d00000)
 ParOldGen       total 162816K, used 80977K [0x00000000a0000000, 0x00000000a9f00000, 0x00000000e0000000)
  object space 162816K, 49% used [0x00000000a0000000,0x00000000a4f14768,0x00000000a9f00000)
 Metaspace       used 78905K, capacity 83614K, committed 86144K, reserved 1124352K
  class space    used 9886K, capacity 10951K, committed 11648K, reserved 1048576K
}

