# JRE version: OpenJDK Runtime Environment (8.0_152-b01) (build 1.8.0_152-release-915-b01)
# Java VM: OpenJDK 64-Bit Server VM (25.152-b01 mixed mode windows-amd64 compressed oops)
Heap:
 PSYoungGen      total 243200K, used 35608K [0x00000000e0000000, 0x00000000f0900000, 0x0000000100000000)
  eden space 225280K, 8% used [0x00000000e0000000,0x00000000e1382768,0x00000000edc00000)
  from space 17920K, 87% used [0x00000000ef780000,0x00000000f06c39b8,0x00000000f0900000)
  to   space 23040K, 0% used [0x00000000edc00000,0x00000000edc00000,0x00000000ef280000)
 ParOldGen       total 72192K, used 50265K [0x00000000a0000000, 0x00000000a4680000, 0x00000000e0000000)
  object space 72192K, 69% used [0x00000000a0000000,0x00000000a3116670,0x00000000a4680000)
 Metaspace       used 66909K, capacity 70776K, committed 70872K, reserved 1110016K
  class space    used 8835K, capacity 9728K, committed 9728K, reserved 1048576K
GC Heap History (10 events):
Event: 42.961 GC heap before
{Heap before GC invocations=15 (full 3):
 PSYoungGen      total 166400K, used 2721K [0x00000000e0000000, 0x00000000eb400000, 0x0000000100000000)
  eden space 155136K, 0% used [0x00000000e0000000,0x00000000e0000000,0x00000000e9780000)
  from space 11264K, 24% used [0x00000000ea900000,0x00000000eaba8608,0x00000000eb400000)
  to   space 13312K, 0% used [0x00000000e9a00000,0x00000000e9a00000,0x00000000ea700000)
 ParOldGen       total 47104K, used 31266K [0x00000000a0000000, 0x00000000a2e00000, 0x00000000e0000000)
  object space 47104K, 66% used [0x00000000a0000000,0x00000000a1e88a48,0x00000000a2e00000)
 Metaspace       used 57298K, capacity 58904K, committed 58968K, reserved 1099776K
  class space    used 7655K, capacity 8053K, committed 8064K, reserved 1048576K
Event: 43.464 GC heap after
Heap after GC invocations=15 (full 3):
 PSYoungGen      total 166400K, used 0K [0x00000000e0000000, 0x00000000eb400000, 0x0000000100000000)
  eden space 155136K, 0% used [0x00000000e0000000,0x00000000e0000000,0x00000000e9780000)
  from space 11264K, 0% used [0x00000000ea900000,0x00000000ea900000,0x00000000eb400000)
  to   space 13312K, 0% used [0x00000000e9a00000,0x00000000e9a00000,0x00000000ea700000)
 ParOldGen       total 72192K, used 28934K [0x00000000a0000000, 0x00000000a4680000, 0x00000000e0000000)
  object space 72192K, 40% used [0x00000000a0000000,0x00000000a1c41828,0x00000000a4680000)
 Metaspace       used 57298K, capacity 58904K, committed 58968K, reserved 1099776K
  class space    used 7655K, capacity 8053K, committed 8064K, reserved 1048576K
}
Event: 430.421 GC heap before
{Heap before GC invocations=16 (full 3):
 PSYoungGen      total 166400K, used 155136K [0x00000000e0000000, 0x00000000eb400000, 0x0000000100000000)
  eden space 155136K, 100% used [0x00000000e0000000,0x00000000e9780000,0x00000000e9780000)
  from space 11264K, 0% used [0x00000000ea900000,0x00000000ea900000,0x00000000eb400000)
  to   space 13312K, 0% used [0x00000000e9a00000,0x00000000e9a00000,0x00000000ea700000)
 ParOldGen       total 72192K, used 28934K [0x00000000a0000000, 0x00000000a4680000, 0x00000000e0000000)
  object space 72192K, 40% used [0x00000000a0000000,0x00000000a1c41828,0x00000000a4680000)
 Metaspace       used 62362K, capacity 64570K, committed 64856K, reserved 1105920K
  class space    used 8216K, capacity 8772K, committed 8832K, reserved 1048576K
Event: 430.474 GC heap after
Heap after GC invocations=16 (full 3):
 PSYoungGen      total 171008K, used 11002K [0x00000000e0000000, 0x00000000ee100000, 0x0000000100000000)
  eden space 157696K, 0% used [0x00000000e0000000,0x00000000e0000000,0x00000000e9a00000)
  from space 13312K, 82% used [0x00000000e9a00000,0x00000000ea4bead0,0x00000000ea700000)
  to   space 18432K, 0% used [0x00000000ecf00000,0x00000000ecf00000,0x00000000ee100000)
 ParOldGen       total 72192K, used 28942K [0x00000000a0000000, 0x00000000a4680000, 0x00000000e0000000)
  object space 72192K, 40% used [0x00000000a0000000,0x00000000a1c43828,0x00000000a4680000)
 Metaspace       used 62362K, capacity 64570K, committed 64856K, reserved 1105920K
  class space    used 8216K, capacity 8772K, committed 8832K, reserved 1048576K
}
Event: 444.487 GC heap before
{Heap before GC invocations=17 (full 3):
 PSYoungGen      total 171008K, used 168698K [0x00000000e0000000, 0x00000000ee100000, 0x0000000100000000)
  eden space 157696K, 100% used [0x00000000e0000000,0x00000000e9a00000,0x00000000e9a00000)
  from space 13312K, 82% used [0x00000000e9a00000,0x00000000ea4bead0,0x00000000ea700000)
  to   space 18432K, 0% used [0x00000000ecf00000,0x00000000ecf00000,0x00000000ee100000)
 ParOldGen       total 72192K, used 28942K [0x00000000a0000000, 0x00000000a4680000, 0x00000000e0000000)
  object space 72192K, 40% used [0x00000000a0000000,0x00000000a1c43828,0x00000000a4680000)
 Metaspace       used 65405K, capacity 68322K, committed 68568K, reserved 1107968K
  class space    used 8690K, capacity 9383K, committed 9472K, reserved 1048576K
Event: 444.730 GC heap after
Heap after GC invocations=17 (full 3):
 PSYoungGen      total 208384K, used 18426K [0x00000000e0000000, 0x00000000eed00000, 0x0000000100000000)
  eden space 189952K, 0% used [0x00000000e0000000,0x00000000e0000000,0x00000000eb980000)
  from space 18432K, 99% used [0x00000000ecf00000,0x00000000ee0fea00,0x00000000ee100000)
  to   space 22016K, 0% used [0x00000000eb980000,0x00000000eb980000,0x00000000ecf00000)
 ParOldGen       total 72192K, used 31885K [0x00000000a0000000, 0x00000000a4680000, 0x00000000e0000000)
  object space 72192K, 44% used [0x00000000a0000000,0x00000000a1f23410,0x00000000a4680000)
 Metaspace       used 65405K, capacity 68322K, committed 68568K, reserved 1107968K
  class space    used 8690K, capacity 9383K, committed 9472K, reserved 1048576K
}
Event: 532.966 GC heap before
{Heap before GC invocations=18 (full 3):
 PSYoungGen      total 208384K, used 208378K [0x00000000e0000000, 0x00000000eed00000, 0x0000000100000000)
  eden space 189952K, 100% used [0x00000000e0000000,0x00000000eb980000,0x00000000eb980000)
  from space 18432K, 99% used [0x00000000ecf00000,0x00000000ee0fea00,0x00000000ee100000)
  to   space 22016K, 0% used [0x00000000eb980000,0x00000000eb980000,0x00000000ecf00000)
 ParOldGen       total 72192K, used 31885K [0x00000000a0000000, 0x00000000a4680000, 0x00000000e0000000)
  object space 72192K, 44% used [0x00000000a0000000,0x00000000a1f23410,0x00000000a4680000)
 Metaspace       used 66144K, capacity 69282K, committed 69464K, reserved 1110016K
  class space    used 8740K, capacity 9495K, committed 9600K, reserved 1048576K
Event: 533.042 GC heap after
Heap after GC invocations=18 (full 3):
 PSYoungGen      total 211968K, used 5536K [0x00000000e0000000, 0x00000000f0c80000, 0x0000000100000000)
  eden space 189952K, 0% used [0x00000000e0000000,0x00000000e0000000,0x00000000eb980000)
  from space 22016K, 25% used [0x00000000eb980000,0x00000000ebee8000,0x00000000ecf00000)
  to   space 21504K, 0% used [0x00000000ef780000,0x00000000ef780000,0x00000000f0c80000)
 ParOldGen       total 72192K, used 50257K [0x00000000a0000000, 0x00000000a4680000, 0x00000000e0000000)
  object space 72192K, 69% used [0x00000000a0000000,0x00000000a3114670,0x00000000a4680000)
 Metaspace       used 66144K, capacity 69282K, committed 69464K, reserved 1110016K
  class space    used 8740K, capacity 9495K, committed 9600K, reserved 1048576K
}
Event: 653.936 GC heap before
{Heap before GC invocations=19 (full 3):
 PSYoungGen      total 211968K, used 195488K [0x00000000e0000000, 0x00000000f0c80000, 0x0000000100000000)
  eden space 189952K, 100% used [0x00000000e0000000,0x00000000eb980000,0x00000000eb980000)
  from space 22016K, 25% used [0x00000000eb980000,0x00000000ebee8000,0x00000000ecf00000)
  to   space 21504K, 0% used [0x00000000ef780000,0x00000000ef780000,0x00000000f0c80000)
 ParOldGen       total 72192K, used 50257K [0x00000000a0000000, 0x00000000a4680000, 0x00000000e0000000)
  object space 72192K, 69% used [0x00000000a0000000,0x00000000a3114670,0x00000000a4680000)
 Metaspace       used 66801K, capacity 70572K, committed 70872K, reserved 1110016K
  class space    used 8817K, capacity 9674K, committed 9728K, reserved 1048576K
Event: 653.988 GC heap after
Heap after GC invocations=19 (full 3):
 PSYoungGen      total 243200K, used 15630K [0x00000000e0000000, 0x00000000f0900000, 0x0000000100000000)
  eden space 225280K, 0% used [0x00000000e0000000,0x00000000e0000000,0x00000000edc00000)
  from space 17920K, 87% used [0x00000000ef780000,0x00000000f06c39b8,0x00000000f0900000)
  to   space 23040K, 0% used [0x00000000edc00000,0x00000000edc00000,0x00000000ef280000)
 ParOldGen       total 72192K, used 50265K [0x00000000a0000000, 0x00000000a4680000, 0x00000000e0000000)
  object space 72192K, 69% used [0x00000000a0000000,0x00000000a3116670,0x00000000a4680000)
 Metaspace       used 66801K, capacity 70572K, committed 70872K, reserved 1110016K
  class space    used 8817K, capacity 9674K, committed 9728K, reserved 1048576K
}

