# JRE version: OpenJDK Runtime Environment (8.0_152-b01) (build 1.8.0_152-release-915-b01)
# Java VM: OpenJDK 64-Bit Server VM (25.152-b01 mixed mode windows-amd64 compressed oops)
Heap:
 PSYoungGen      total 111104K, used 19538K [0x00000000e0000000, 0x00000000e7800000, 0x0000000100000000)
  eden space 102912K, 11% used [0x00000000e0000000,0x00000000e0b19cb0,0x00000000e6480000)
  from space 8192K, 99% used [0x00000000e7000000,0x00000000e77fac00,0x00000000e7800000)
  to   space 9728K, 0% used [0x00000000e6500000,0x00000000e6500000,0x00000000e6e80000)
 ParOldGen       total 36864K, used 19164K [0x00000000a0000000, 0x00000000a2400000, 0x00000000e0000000)
  object space 36864K, 51% used [0x00000000a0000000,0x00000000a12b7290,0x00000000a2400000)
 Metaspace       used 41797K, capacity 42606K, committed 42968K, reserved 1087488K
  class space    used 5564K, capacity 5840K, committed 5888K, reserved 1048576K
GC Heap History (10 events):
Event: 13.356 GC heap before
{Heap before GC invocations=8 (full 1):
 PSYoungGen      total 72192K, used 64512K [0x00000000e0000000, 0x00000000e5100000, 0x0000000100000000)
  eden space 64512K, 100% used [0x00000000e0000000,0x00000000e3f00000,0x00000000e3f00000)
  from space 7680K, 0% used [0x00000000e4780000,0x00000000e4780000,0x00000000e4f00000)
  to   space 8704K, 0% used [0x00000000e3f00000,0x00000000e3f00000,0x00000000e4780000)
 ParOldGen       total 36864K, used 10270K [0x00000000a0000000, 0x00000000a2400000, 0x00000000e0000000)
  object space 36864K, 27% used [0x00000000a0000000,0x00000000a0a07b10,0x00000000a2400000)
 Metaspace       used 25708K, capacity 26248K, committed 26496K, reserved 1073152K
  class space    used 3503K, capacity 3681K, committed 3712K, reserved 1048576K
Event: 13.379 GC heap after
Heap after GC invocations=8 (full 1):
 PSYoungGen      total 73216K, used 7005K [0x00000000e0000000, 0x00000000e7900000, 0x0000000100000000)
  eden space 64512K, 0% used [0x00000000e0000000,0x00000000e0000000,0x00000000e3f00000)
  from space 8704K, 80% used [0x00000000e3f00000,0x00000000e45d7568,0x00000000e4780000)
  to   space 9216K, 0% used [0x00000000e7000000,0x00000000e7000000,0x00000000e7900000)
 ParOldGen       total 36864K, used 10270K [0x00000000a0000000, 0x00000000a2400000, 0x00000000e0000000)
  object space 36864K, 27% used [0x00000000a0000000,0x00000000a0a07b10,0x00000000a2400000)
 Metaspace       used 25708K, capacity 26248K, committed 26496K, reserved 1073152K
  class space    used 3503K, capacity 3681K, committed 3712K, reserved 1048576K
}
Event: 17.098 GC heap before
{Heap before GC invocations=9 (full 1):
 PSYoungGen      total 73216K, used 71517K [0x00000000e0000000, 0x00000000e7900000, 0x0000000100000000)
  eden space 64512K, 100% used [0x00000000e0000000,0x00000000e3f00000,0x00000000e3f00000)
  from space 8704K, 80% used [0x00000000e3f00000,0x00000000e45d7568,0x00000000e4780000)
  to   space 9216K, 0% used [0x00000000e7000000,0x00000000e7000000,0x00000000e7900000)
 ParOldGen       total 36864K, used 10270K [0x00000000a0000000, 0x00000000a2400000, 0x00000000e0000000)
  object space 36864K, 27% used [0x00000000a0000000,0x00000000a0a07b10,0x00000000a2400000)
 Metaspace       used 29996K, capacity 30418K, committed 30720K, reserved 1075200K
  class space    used 4070K, capacity 4238K, committed 4352K, reserved 1048576K
Event: 17.133 GC heap after
Heap after GC invocations=9 (full 1):
 PSYoungGen      total 111104K, used 7798K [0x00000000e0000000, 0x00000000e7800000, 0x0000000100000000)
  eden space 102912K, 0% used [0x00000000e0000000,0x00000000e0000000,0x00000000e6480000)
  from space 8192K, 95% used [0x00000000e7000000,0x00000000e779dac8,0x00000000e7800000)
  to   space 9728K, 0% used [0x00000000e6500000,0x00000000e6500000,0x00000000e6e80000)
 ParOldGen       total 36864K, used 10278K [0x00000000a0000000, 0x00000000a2400000, 0x00000000e0000000)
  object space 36864K, 27% used [0x00000000a0000000,0x00000000a0a09b10,0x00000000a2400000)
 Metaspace       used 29996K, capacity 30418K, committed 30720K, reserved 1075200K
  class space    used 4070K, capacity 4238K, committed 4352K, reserved 1048576K
}
Event: 22.995 GC heap before
{Heap before GC invocations=10 (full 1):
 PSYoungGen      total 111104K, used 66499K [0x00000000e0000000, 0x00000000e7800000, 0x0000000100000000)
  eden space 102912K, 57% used [0x00000000e0000000,0x00000000e3953330,0x00000000e6480000)
  from space 8192K, 95% used [0x00000000e7000000,0x00000000e779dac8,0x00000000e7800000)
  to   space 9728K, 0% used [0x00000000e6500000,0x00000000e6500000,0x00000000e6e80000)
 ParOldGen       total 36864K, used 10278K [0x00000000a0000000, 0x00000000a2400000, 0x00000000e0000000)
  object space 36864K, 27% used [0x00000000a0000000,0x00000000a0a09b10,0x00000000a2400000)
 Metaspace       used 34717K, capacity 35264K, committed 35416K, reserved 1079296K
  class space    used 4684K, capacity 4946K, committed 4992K, reserved 1048576K
Event: 23.026 GC heap after
Heap after GC invocations=10 (full 1):
 PSYoungGen      total 112640K, used 9697K [0x00000000e0000000, 0x00000000e7800000, 0x0000000100000000)
  eden space 102912K, 0% used [0x00000000e0000000,0x00000000e0000000,0x00000000e6480000)
  from space 9728K, 99% used [0x00000000e6500000,0x00000000e6e78480,0x00000000e6e80000)
  to   space 8192K, 0% used [0x00000000e7000000,0x00000000e7000000,0x00000000e7800000)
 ParOldGen       total 36864K, used 10375K [0x00000000a0000000, 0x00000000a2400000, 0x00000000e0000000)
  object space 36864K, 28% used [0x00000000a0000000,0x00000000a0a21eb0,0x00000000a2400000)
 Metaspace       used 34717K, capacity 35264K, committed 35416K, reserved 1079296K
  class space    used 4684K, capacity 4946K, committed 4992K, reserved 1048576K
}
Event: 23.026 GC heap before
{Heap before GC invocations=11 (full 2):
 PSYoungGen      total 112640K, used 9697K [0x00000000e0000000, 0x00000000e7800000, 0x0000000100000000)
  eden space 102912K, 0% used [0x00000000e0000000,0x00000000e0000000,0x00000000e6480000)
  from space 9728K, 99% used [0x00000000e6500000,0x00000000e6e78480,0x00000000e6e80000)
  to   space 8192K, 0% used [0x00000000e7000000,0x00000000e7000000,0x00000000e7800000)
 ParOldGen       total 36864K, used 10375K [0x00000000a0000000, 0x00000000a2400000, 0x00000000e0000000)
  object space 36864K, 28% used [0x00000000a0000000,0x00000000a0a21eb0,0x00000000a2400000)
 Metaspace       used 34717K, capacity 35264K, committed 35416K, reserved 1079296K
  class space    used 4684K, capacity 4946K, committed 4992K, reserved 1048576K
Event: 23.212 GC heap after
Heap after GC invocations=11 (full 2):
 PSYoungGen      total 112640K, used 0K [0x00000000e0000000, 0x00000000e7800000, 0x0000000100000000)
  eden space 102912K, 0% used [0x00000000e0000000,0x00000000e0000000,0x00000000e6480000)
  from space 9728K, 0% used [0x00000000e6500000,0x00000000e6500000,0x00000000e6e80000)
  to   space 8192K, 0% used [0x00000000e7000000,0x00000000e7000000,0x00000000e7800000)
 ParOldGen       total 36864K, used 15800K [0x00000000a0000000, 0x00000000a2400000, 0x00000000e0000000)
  object space 36864K, 42% used [0x00000000a0000000,0x00000000a0f6e0b0,0x00000000a2400000)
 Metaspace       used 34717K, capacity 35264K, committed 35416K, reserved 1079296K
  class space    used 4684K, capacity 4946K, committed 4992K, reserved 1048576K
}
Event: 26.599 GC heap before
{Heap before GC invocations=12 (full 2):
 PSYoungGen      total 112640K, used 102912K [0x00000000e0000000, 0x00000000e7800000, 0x0000000100000000)
  eden space 102912K, 100% used [0x00000000e0000000,0x00000000e6480000,0x00000000e6480000)
  from space 9728K, 0% used [0x00000000e6500000,0x00000000e6500000,0x00000000e6e80000)
  to   space 8192K, 0% used [0x00000000e7000000,0x00000000e7000000,0x00000000e7800000)
 ParOldGen       total 36864K, used 15800K [0x00000000a0000000, 0x00000000a2400000, 0x00000000e0000000)
  object space 36864K, 42% used [0x00000000a0000000,0x00000000a0f6e0b0,0x00000000a2400000)
 Metaspace       used 41249K, capacity 41948K, committed 42328K, reserved 1085440K
  class space    used 5473K, capacity 5709K, committed 5760K, reserved 1048576K
Event: 26.631 GC heap after
Heap after GC invocations=12 (full 2):
 PSYoungGen      total 111104K, used 8171K [0x00000000e0000000, 0x00000000e7800000, 0x0000000100000000)
  eden space 102912K, 0% used [0x00000000e0000000,0x00000000e0000000,0x00000000e6480000)
  from space 8192K, 99% used [0x00000000e7000000,0x00000000e77fac00,0x00000000e7800000)
  to   space 9728K, 0% used [0x00000000e6500000,0x00000000e6500000,0x00000000e6e80000)
 ParOldGen       total 36864K, used 19164K [0x00000000a0000000, 0x00000000a2400000, 0x00000000e0000000)
  object space 36864K, 51% used [0x00000000a0000000,0x00000000a12b7290,0x00000000a2400000)
 Metaspace       used 41249K, capacity 41948K, committed 42328K, reserved 1085440K
  class space    used 5473K, capacity 5709K, committed 5760K, reserved 1048576K
}

