# JRE version: OpenJDK Runtime Environment (8.0_152-b02) (build 1.8.0_152-release-1024-b02)
# Java VM: OpenJDK 64-Bit Server VM (25.152-b02 mixed mode windows-amd64 compressed oops)
Heap:
 PSYoungGen      total 261632K, used 79741K [0x00000000e0000000, 0x00000000f1600000, 0x0000000100000000)
  eden space 242688K, 32% used [0x00000000e0000000,0x00000000e4ddf430,0x00000000eed00000)
  from space 18944K, 0% used [0x00000000f0380000,0x00000000f0380000,0x00000000f1600000)
  to   space 20992K, 0% used [0x00000000eed00000,0x00000000eed00000,0x00000000f0180000)
 ParOldGen       total 84480K, used 38194K [0x00000000a0000000, 0x00000000a5280000, 0x00000000e0000000)
  object space 84480K, 45% used [0x00000000a0000000,0x00000000a254c810,0x00000000a5280000)
 Metaspace       used 58764K, capacity 60384K, committed 60504K, reserved 1101824K
  class space    used 7872K, capacity 8245K, committed 8320K, reserved 1048576K
GC Heap History (10 events):
Event: 49.771 GC heap before
{Heap before GC invocations=9 (full 2):
 PSYoungGen      total 137728K, used 10743K [0x00000000e0000000, 0x00000000ecd00000, 0x0000000100000000)
  eden space 126976K, 0% used [0x00000000e0000000,0x00000000e0000000,0x00000000e7c00000)
  from space 10752K, 99% used [0x00000000e7c00000,0x00000000e867dcd8,0x00000000e8680000)
  to   space 13312K, 0% used [0x00000000ec000000,0x00000000ec000000,0x00000000ecd00000)
 ParOldGen       total 41984K, used 15193K [0x00000000a0000000, 0x00000000a2900000, 0x00000000e0000000)
  object space 41984K, 36% used [0x00000000a0000000,0x00000000a0ed6488,0x00000000a2900000)
 Metaspace       used 34811K, capacity 35272K, committed 35416K, reserved 1079296K
  class space    used 4778K, capacity 4950K, committed 4992K, reserved 1048576K
Event: 49.945 GC heap after
Heap after GC invocations=9 (full 2):
 PSYoungGen      total 137728K, used 0K [0x00000000e0000000, 0x00000000ecd00000, 0x0000000100000000)
  eden space 126976K, 0% used [0x00000000e0000000,0x00000000e0000000,0x00000000e7c00000)
  from space 10752K, 0% used [0x00000000e7c00000,0x00000000e7c00000,0x00000000e8680000)
  to   space 13312K, 0% used [0x00000000ec000000,0x00000000ec000000,0x00000000ecd00000)
 ParOldGen       total 54272K, used 19232K [0x00000000a0000000, 0x00000000a3500000, 0x00000000e0000000)
  object space 54272K, 35% used [0x00000000a0000000,0x00000000a12c81c0,0x00000000a3500000)
 Metaspace       used 34811K, capacity 35272K, committed 35416K, reserved 1079296K
  class space    used 4778K, capacity 4950K, committed 4992K, reserved 1048576K
}
Event: 62.736 GC heap before
{Heap before GC invocations=10 (full 2):
 PSYoungGen      total 137728K, used 126976K [0x00000000e0000000, 0x00000000ecd00000, 0x0000000100000000)
  eden space 126976K, 100% used [0x00000000e0000000,0x00000000e7c00000,0x00000000e7c00000)
  from space 10752K, 0% used [0x00000000e7c00000,0x00000000e7c00000,0x00000000e8680000)
  to   space 13312K, 0% used [0x00000000ec000000,0x00000000ec000000,0x00000000ecd00000)
 ParOldGen       total 54272K, used 19232K [0x00000000a0000000, 0x00000000a3500000, 0x00000000e0000000)
  object space 54272K, 35% used [0x00000000a0000000,0x00000000a12c81c0,0x00000000a3500000)
 Metaspace       used 42757K, capacity 43488K, committed 43736K, reserved 1087488K
  class space    used 5884K, capacity 6121K, committed 6144K, reserved 1048576K
Event: 62.785 GC heap after
Heap after GC invocations=10 (full 2):
 PSYoungGen      total 194048K, used 13308K [0x00000000e0000000, 0x00000000ee980000, 0x0000000100000000)
  eden space 180736K, 0% used [0x00000000e0000000,0x00000000e0000000,0x00000000eb080000)
  from space 13312K, 99% used [0x00000000ec000000,0x00000000eccff120,0x00000000ecd00000)
  to   space 15872K, 0% used [0x00000000eb080000,0x00000000eb080000,0x00000000ec000000)
 ParOldGen       total 54272K, used 19662K [0x00000000a0000000, 0x00000000a3500000, 0x00000000e0000000)
  object space 54272K, 36% used [0x00000000a0000000,0x00000000a1333a30,0x00000000a3500000)
 Metaspace       used 42757K, capacity 43488K, committed 43736K, reserved 1087488K
  class space    used 5884K, capacity 6121K, committed 6144K, reserved 1048576K
}
Event: 96.015 GC heap before
{Heap before GC invocations=11 (full 2):
 PSYoungGen      total 194048K, used 194044K [0x00000000e0000000, 0x00000000ee980000, 0x0000000100000000)
  eden space 180736K, 100% used [0x00000000e0000000,0x00000000eb080000,0x00000000eb080000)
  from space 13312K, 99% used [0x00000000ec000000,0x00000000eccff120,0x00000000ecd00000)
  to   space 15872K, 0% used [0x00000000eb080000,0x00000000eb080000,0x00000000ec000000)
 ParOldGen       total 54272K, used 19662K [0x00000000a0000000, 0x00000000a3500000, 0x00000000e0000000)
  object space 54272K, 36% used [0x00000000a0000000,0x00000000a1333a30,0x00000000a3500000)
 Metaspace       used 56507K, capacity 58046K, committed 58200K, reserved 1099776K
  class space    used 7638K, capacity 8010K, committed 8064K, reserved 1048576K
Event: 96.093 GC heap after
Heap after GC invocations=11 (full 2):
 PSYoungGen      total 196608K, used 15854K [0x00000000e0000000, 0x00000000f1900000, 0x0000000100000000)
  eden space 180736K, 0% used [0x00000000e0000000,0x00000000e0000000,0x00000000eb080000)
  from space 15872K, 99% used [0x00000000eb080000,0x00000000ebffbbc0,0x00000000ec000000)
  to   space 22016K, 0% used [0x00000000f0380000,0x00000000f0380000,0x00000000f1900000)
 ParOldGen       total 54272K, used 28808K [0x00000000a0000000, 0x00000000a3500000, 0x00000000e0000000)
  object space 54272K, 53% used [0x00000000a0000000,0x00000000a1c22348,0x00000000a3500000)
 Metaspace       used 56507K, capacity 58046K, committed 58200K, reserved 1099776K
  class space    used 7638K, capacity 8010K, committed 8064K, reserved 1048576K
}
Event: 102.314 GC heap before
{Heap before GC invocations=12 (full 2):
 PSYoungGen      total 196608K, used 32581K [0x00000000e0000000, 0x00000000f1900000, 0x0000000100000000)
  eden space 180736K, 9% used [0x00000000e0000000,0x00000000e1055c18,0x00000000eb080000)
  from space 15872K, 99% used [0x00000000eb080000,0x00000000ebffbbc0,0x00000000ec000000)
  to   space 22016K, 0% used [0x00000000f0380000,0x00000000f0380000,0x00000000f1900000)
 ParOldGen       total 54272K, used 28808K [0x00000000a0000000, 0x00000000a3500000, 0x00000000e0000000)
  object space 54272K, 53% used [0x00000000a0000000,0x00000000a1c22348,0x00000000a3500000)
 Metaspace       used 57299K, capacity 58942K, committed 59028K, reserved 1099776K
  class space    used 7738K, capacity 8126K, committed 8192K, reserved 1048576K
Event: 102.373 GC heap after
Heap after GC invocations=12 (full 2):
 PSYoungGen      total 261632K, used 9561K [0x00000000e0000000, 0x00000000f1600000, 0x0000000100000000)
  eden space 242688K, 0% used [0x00000000e0000000,0x00000000e0000000,0x00000000eed00000)
  from space 18944K, 50% used [0x00000000f0380000,0x00000000f0cd6590,0x00000000f1600000)
  to   space 20992K, 0% used [0x00000000eed00000,0x00000000eed00000,0x00000000f0180000)
 ParOldGen       total 54272K, used 36582K [0x00000000a0000000, 0x00000000a3500000, 0x00000000e0000000)
  object space 54272K, 67% used [0x00000000a0000000,0x00000000a23b9aa0,0x00000000a3500000)
 Metaspace       used 57299K, capacity 58942K, committed 59028K, reserved 1099776K
  class space    used 7738K, capacity 8126K, committed 8192K, reserved 1048576K
}
Event: 102.373 GC heap before
{Heap before GC invocations=13 (full 3):
 PSYoungGen      total 261632K, used 9561K [0x00000000e0000000, 0x00000000f1600000, 0x0000000100000000)
  eden space 242688K, 0% used [0x00000000e0000000,0x00000000e0000000,0x00000000eed00000)
  from space 18944K, 50% used [0x00000000f0380000,0x00000000f0cd6590,0x00000000f1600000)
  to   space 20992K, 0% used [0x00000000eed00000,0x00000000eed00000,0x00000000f0180000)
 ParOldGen       total 54272K, used 36582K [0x00000000a0000000, 0x00000000a3500000, 0x00000000e0000000)
  object space 54272K, 67% used [0x00000000a0000000,0x00000000a23b9aa0,0x00000000a3500000)
 Metaspace       used 57299K, capacity 58942K, committed 59028K, reserved 1099776K
  class space    used 7738K, capacity 8126K, committed 8192K, reserved 1048576K
Event: 102.829 GC heap after
Heap after GC invocations=13 (full 3):
 PSYoungGen      total 261632K, used 0K [0x00000000e0000000, 0x00000000f1600000, 0x0000000100000000)
  eden space 242688K, 0% used [0x00000000e0000000,0x00000000e0000000,0x00000000eed00000)
  from space 18944K, 0% used [0x00000000f0380000,0x00000000f0380000,0x00000000f1600000)
  to   space 20992K, 0% used [0x00000000eed00000,0x00000000eed00000,0x00000000f0180000)
 ParOldGen       total 84480K, used 38194K [0x00000000a0000000, 0x00000000a5280000, 0x00000000e0000000)
  object space 84480K, 45% used [0x00000000a0000000,0x00000000a254c810,0x00000000a5280000)
 Metaspace       used 57299K, capacity 58942K, committed 59028K, reserved 1099776K
  class space    used 7738K, capacity 8126K, committed 8192K, reserved 1048576K
}

