# JRE version: OpenJDK Runtime Environment (8.0_152-b02) (build 1.8.0_152-release-1024-b02)
# Java VM: OpenJDK 64-Bit Server VM (25.152-b02 mixed mode windows-amd64 compressed oops)
Heap:
 PSYoungGen      total 253440K, used 206718K [0x00000000e0000000, 0x00000000f5a80000, 0x0000000100000000)
  eden space 241664K, 85% used [0x00000000e0000000,0x00000000ec9df850,0x00000000eec00000)
  from space 11776K, 0% used [0x00000000f4f00000,0x00000000f4f00000,0x00000000f5a80000)
  to   space 17920K, 0% used [0x00000000f3780000,0x00000000f3780000,0x00000000f4900000)
 ParOldGen       total 47616K, used 41382K [0x00000000a0000000, 0x00000000a2e80000, 0x00000000e0000000)
  object space 47616K, 86% used [0x00000000a0000000,0x00000000a2869a28,0x00000000a2e80000)
 Metaspace       used 64813K, capacity 66870K, committed 67032K, reserved 1107968K
  class space    used 8416K, capacity 8935K, committed 8960K, reserved 1048576K
GC Heap History (10 events):
Event: 128.010 GC heap before
{Heap before GC invocations=13 (full 2):
 PSYoungGen      total 198144K, used 188928K [0x00000000e0000000, 0x00000000ed500000, 0x0000000100000000)
  eden space 188928K, 100% used [0x00000000e0000000,0x00000000eb880000,0x00000000eb880000)
  from space 9216K, 0% used [0x00000000ec400000,0x00000000ec400000,0x00000000ecd00000)
  to   space 11776K, 0% used [0x00000000eb880000,0x00000000eb880000,0x00000000ec400000)
 ParOldGen       total 47616K, used 19199K [0x00000000a0000000, 0x00000000a2e80000, 0x00000000e0000000)
  object space 47616K, 40% used [0x00000000a0000000,0x00000000a12bfea0,0x00000000a2e80000)
 Metaspace       used 40868K, capacity 41604K, committed 41944K, reserved 1085440K
  class space    used 5292K, capacity 5533K, committed 5632K, reserved 1048576K
Event: 128.078 GC heap after
Heap after GC invocations=13 (full 2):
 PSYoungGen      total 200704K, used 6746K [0x00000000e0000000, 0x00000000f1500000, 0x0000000100000000)
  eden space 188928K, 0% used [0x00000000e0000000,0x00000000e0000000,0x00000000eb880000)
  from space 11776K, 57% used [0x00000000eb880000,0x00000000ebf16838,0x00000000ec400000)
  to   space 11776K, 0% used [0x00000000f0980000,0x00000000f0980000,0x00000000f1500000)
 ParOldGen       total 47616K, used 19207K [0x00000000a0000000, 0x00000000a2e80000, 0x00000000e0000000)
  object space 47616K, 40% used [0x00000000a0000000,0x00000000a12c1ea0,0x00000000a2e80000)
 Metaspace       used 40868K, capacity 41604K, committed 41944K, reserved 1085440K
  class space    used 5292K, capacity 5533K, committed 5632K, reserved 1048576K
}
Event: 168.963 GC heap before
{Heap before GC invocations=14 (full 2):
 PSYoungGen      total 200704K, used 195674K [0x00000000e0000000, 0x00000000f1500000, 0x0000000100000000)
  eden space 188928K, 100% used [0x00000000e0000000,0x00000000eb880000,0x00000000eb880000)
  from space 11776K, 57% used [0x00000000eb880000,0x00000000ebf16838,0x00000000ec400000)
  to   space 11776K, 0% used [0x00000000f0980000,0x00000000f0980000,0x00000000f1500000)
 ParOldGen       total 47616K, used 19207K [0x00000000a0000000, 0x00000000a2e80000, 0x00000000e0000000)
  object space 47616K, 40% used [0x00000000a0000000,0x00000000a12c1ea0,0x00000000a2e80000)
 Metaspace       used 41017K, capacity 41814K, committed 42200K, reserved 1085440K
  class space    used 5294K, capacity 5536K, committed 5632K, reserved 1048576K
Event: 168.989 GC heap after
Heap after GC invocations=14 (full 2):
 PSYoungGen      total 257536K, used 913K [0x00000000e0000000, 0x00000000f0e00000, 0x0000000100000000)
  eden space 252928K, 0% used [0x00000000e0000000,0x00000000e0000000,0x00000000ef700000)
  from space 4608K, 19% used [0x00000000f0980000,0x00000000f0a64690,0x00000000f0e00000)
  to   space 11776K, 0% used [0x00000000ef700000,0x00000000ef700000,0x00000000f0280000)
 ParOldGen       total 47616K, used 23634K [0x00000000a0000000, 0x00000000a2e80000, 0x00000000e0000000)
  object space 47616K, 49% used [0x00000000a0000000,0x00000000a1714a40,0x00000000a2e80000)
 Metaspace       used 41017K, capacity 41814K, committed 42200K, reserved 1085440K
  class space    used 5294K, capacity 5536K, committed 5632K, reserved 1048576K
}
Event: 179.300 GC heap before
{Heap before GC invocations=15 (full 2):
 PSYoungGen      total 257536K, used 253841K [0x00000000e0000000, 0x00000000f0e00000, 0x0000000100000000)
  eden space 252928K, 100% used [0x00000000e0000000,0x00000000ef700000,0x00000000ef700000)
  from space 4608K, 19% used [0x00000000f0980000,0x00000000f0a64690,0x00000000f0e00000)
  to   space 11776K, 0% used [0x00000000ef700000,0x00000000ef700000,0x00000000f0280000)
 ParOldGen       total 47616K, used 23634K [0x00000000a0000000, 0x00000000a2e80000, 0x00000000e0000000)
  object space 47616K, 49% used [0x00000000a0000000,0x00000000a1714a40,0x00000000a2e80000)
 Metaspace       used 41079K, capacity 41814K, committed 42200K, reserved 1085440K
  class space    used 5294K, capacity 5536K, committed 5632K, reserved 1048576K
Event: 179.321 GC heap after
Heap after GC invocations=15 (full 2):
 PSYoungGen      total 264704K, used 2144K [0x00000000e0000000, 0x00000000f5a80000, 0x0000000100000000)
  eden space 252928K, 0% used [0x00000000e0000000,0x00000000e0000000,0x00000000ef700000)
  from space 11776K, 18% used [0x00000000ef700000,0x00000000ef918040,0x00000000f0280000)
  to   space 11776K, 0% used [0x00000000f4f00000,0x00000000f4f00000,0x00000000f5a80000)
 ParOldGen       total 47616K, used 24005K [0x00000000a0000000, 0x00000000a2e80000, 0x00000000e0000000)
  object space 47616K, 50% used [0x00000000a0000000,0x00000000a1771638,0x00000000a2e80000)
 Metaspace       used 41079K, capacity 41814K, committed 42200K, reserved 1085440K
  class space    used 5294K, capacity 5536K, committed 5632K, reserved 1048576K
}
Event: 205.835 GC heap before
{Heap before GC invocations=16 (full 2):
 PSYoungGen      total 264704K, used 218393K [0x00000000e0000000, 0x00000000f5a80000, 0x0000000100000000)
  eden space 252928K, 85% used [0x00000000e0000000,0x00000000ed32e670,0x00000000ef700000)
  from space 11776K, 18% used [0x00000000ef700000,0x00000000ef918040,0x00000000f0280000)
  to   space 11776K, 0% used [0x00000000f4f00000,0x00000000f4f00000,0x00000000f5a80000)
 ParOldGen       total 47616K, used 24005K [0x00000000a0000000, 0x00000000a2e80000, 0x00000000e0000000)
  object space 47616K, 50% used [0x00000000a0000000,0x00000000a1771638,0x00000000a2e80000)
 Metaspace       used 57551K, capacity 58842K, committed 58968K, reserved 1099776K
  class space    used 7397K, capacity 7766K, committed 7808K, reserved 1048576K
Event: 205.918 GC heap after
Heap after GC invocations=16 (full 2):
 PSYoungGen      total 253440K, used 11744K [0x00000000e0000000, 0x00000000f5a80000, 0x0000000100000000)
  eden space 241664K, 0% used [0x00000000e0000000,0x00000000e0000000,0x00000000eec00000)
  from space 11776K, 99% used [0x00000000f4f00000,0x00000000f5a78328,0x00000000f5a80000)
  to   space 17920K, 0% used [0x00000000f3780000,0x00000000f3780000,0x00000000f4900000)
 ParOldGen       total 47616K, used 36108K [0x00000000a0000000, 0x00000000a2e80000, 0x00000000e0000000)
  object space 47616K, 75% used [0x00000000a0000000,0x00000000a2343218,0x00000000a2e80000)
 Metaspace       used 57551K, capacity 58842K, committed 58968K, reserved 1099776K
  class space    used 7397K, capacity 7766K, committed 7808K, reserved 1048576K
}
Event: 205.918 GC heap before
{Heap before GC invocations=17 (full 3):
 PSYoungGen      total 253440K, used 11744K [0x00000000e0000000, 0x00000000f5a80000, 0x0000000100000000)
  eden space 241664K, 0% used [0x00000000e0000000,0x00000000e0000000,0x00000000eec00000)
  from space 11776K, 99% used [0x00000000f4f00000,0x00000000f5a78328,0x00000000f5a80000)
  to   space 17920K, 0% used [0x00000000f3780000,0x00000000f3780000,0x00000000f4900000)
 ParOldGen       total 47616K, used 36108K [0x00000000a0000000, 0x00000000a2e80000, 0x00000000e0000000)
  object space 47616K, 75% used [0x00000000a0000000,0x00000000a2343218,0x00000000a2e80000)
 Metaspace       used 57551K, capacity 58842K, committed 58968K, reserved 1099776K
  class space    used 7397K, capacity 7766K, committed 7808K, reserved 1048576K
Event: 206.322 GC heap after
Heap after GC invocations=17 (full 3):
 PSYoungGen      total 253440K, used 0K [0x00000000e0000000, 0x00000000f5a80000, 0x0000000100000000)
  eden space 241664K, 0% used [0x00000000e0000000,0x00000000e0000000,0x00000000eec00000)
  from space 11776K, 0% used [0x00000000f4f00000,0x00000000f4f00000,0x00000000f5a80000)
  to   space 17920K, 0% used [0x00000000f3780000,0x00000000f3780000,0x00000000f4900000)
 ParOldGen       total 47616K, used 41382K [0x00000000a0000000, 0x00000000a2e80000, 0x00000000e0000000)
  object space 47616K, 86% used [0x00000000a0000000,0x00000000a2869a28,0x00000000a2e80000)
 Metaspace       used 57512K, capacity 58736K, committed 58968K, reserved 1099776K
  class space    used 7385K, capacity 7752K, committed 7808K, reserved 1048576K
}

