# JRE version: OpenJDK Runtime Environment (8.0_152-b01) (build 1.8.0_152-release-915-b01)
# Java VM: OpenJDK 64-Bit Server VM (25.152-b01 mixed mode windows-amd64 compressed oops)
Heap:
 PSYoungGen      total 436224K, used 213611K [0x00000000e0000000, 0x0000000100000000, 0x0000000100000000)
  eden space 404480K, 51% used [0x00000000e0000000,0x00000000ec99fc80,0x00000000f8b00000)
  from space 31744K, 22% used [0x00000000f8b00000,0x00000000f91fb0a8,0x00000000faa00000)
  to   space 30720K, 0% used [0x00000000fe200000,0x00000000fe200000,0x0000000100000000)
 ParOldGen       total 97792K, used 75555K [0x00000000a0000000, 0x00000000a5f80000, 0x00000000e0000000)
  object space 97792K, 77% used [0x00000000a0000000,0x00000000a49c8d48,0x00000000a5f80000)
 Metaspace       used 78614K, capacity 83640K, committed 83800K, reserved 1122304K
  class space    used 10155K, capacity 11334K, committed 11392K, reserved 1048576K
GC Heap History (10 events):
Event: 535.870 GC heap before
{Heap before GC invocations=20 (full 3):
 PSYoungGen      total 330752K, used 329775K [0x00000000e0000000, 0x00000000f6c80000, 0x0000000100000000)
  eden space 312320K, 99% used [0x00000000e0000000,0x00000000f300dcd0,0x00000000f3100000)
  from space 18432K, 99% used [0x00000000f4880000,0x00000000f5a7e190,0x00000000f5a80000)
  to   space 24064K, 0% used [0x00000000f3100000,0x00000000f3100000,0x00000000f4880000)
 ParOldGen       total 97792K, used 59407K [0x00000000a0000000, 0x00000000a5f80000, 0x00000000e0000000)
  object space 97792K, 60% used [0x00000000a0000000,0x00000000a3a03cc0,0x00000000a5f80000)
 Metaspace       used 70849K, capacity 74942K, committed 75224K, reserved 1114112K
  class space    used 9206K, capacity 10139K, committed 10240K, reserved 1048576K
Event: 536.094 GC heap after
Heap after GC invocations=20 (full 3):
 PSYoungGen      total 336384K, used 24059K [0x00000000e0000000, 0x00000000fab80000, 0x0000000100000000)
  eden space 312320K, 0% used [0x00000000e0000000,0x00000000e0000000,0x00000000f3100000)
  from space 24064K, 99% used [0x00000000f3100000,0x00000000f487efe8,0x00000000f4880000)
  to   space 33280K, 0% used [0x00000000f8b00000,0x00000000f8b00000,0x00000000fab80000)
 ParOldGen       total 97792K, used 74363K [0x00000000a0000000, 0x00000000a5f80000, 0x00000000e0000000)
  object space 97792K, 76% used [0x00000000a0000000,0x00000000a489ed20,0x00000000a5f80000)
 Metaspace       used 70849K, capacity 74942K, committed 75224K, reserved 1114112K
  class space    used 9206K, capacity 10139K, committed 10240K, reserved 1048576K
}
Event: 547.067 GC heap before
{Heap before GC invocations=21 (full 3):
 PSYoungGen      total 336384K, used 335978K [0x00000000e0000000, 0x00000000fab80000, 0x0000000100000000)
  eden space 312320K, 99% used [0x00000000e0000000,0x00000000f309b970,0x00000000f3100000)
  from space 24064K, 99% used [0x00000000f3100000,0x00000000f487efe8,0x00000000f4880000)
  to   space 33280K, 0% used [0x00000000f8b00000,0x00000000f8b00000,0x00000000fab80000)
 ParOldGen       total 97792K, used 74363K [0x00000000a0000000, 0x00000000a5f80000, 0x00000000e0000000)
  object space 97792K, 76% used [0x00000000a0000000,0x00000000a489ed20,0x00000000a5f80000)
 Metaspace       used 71839K, capacity 76000K, committed 76120K, reserved 1116160K
  class space    used 9313K, capacity 10288K, committed 10368K, reserved 1048576K
Event: 547.085 GC heap after
Heap after GC invocations=21 (full 3):
 PSYoungGen      total 386048K, used 5561K [0x00000000e0000000, 0x00000000fa180000, 0x0000000100000000)
  eden space 363008K, 0% used [0x00000000e0000000,0x00000000e0000000,0x00000000f6280000)
  from space 23040K, 24% used [0x00000000f8b00000,0x00000000f906e558,0x00000000fa180000)
  to   space 32256K, 0% used [0x00000000f6280000,0x00000000f6280000,0x00000000f8200000)
 ParOldGen       total 97792K, used 75531K [0x00000000a0000000, 0x00000000a5f80000, 0x00000000e0000000)
  object space 97792K, 77% used [0x00000000a0000000,0x00000000a49c2d48,0x00000000a5f80000)
 Metaspace       used 71839K, capacity 76000K, committed 76120K, reserved 1116160K
  class space    used 9313K, capacity 10288K, committed 10368K, reserved 1048576K
}
Event: 847.574 GC heap before
{Heap before GC invocations=22 (full 3):
 PSYoungGen      total 386048K, used 368569K [0x00000000e0000000, 0x00000000fa180000, 0x0000000100000000)
  eden space 363008K, 100% used [0x00000000e0000000,0x00000000f6280000,0x00000000f6280000)
  from space 23040K, 24% used [0x00000000f8b00000,0x00000000f906e558,0x00000000fa180000)
  to   space 32256K, 0% used [0x00000000f6280000,0x00000000f6280000,0x00000000f8200000)
 ParOldGen       total 97792K, used 75531K [0x00000000a0000000, 0x00000000a5f80000, 0x00000000e0000000)
  object space 97792K, 77% used [0x00000000a0000000,0x00000000a49c2d48,0x00000000a5f80000)
 Metaspace       used 73139K, capacity 77724K, committed 77912K, reserved 1116160K
  class space    used 9488K, capacity 10550K, committed 10624K, reserved 1048576K
Event: 847.594 GC heap after
Heap after GC invocations=22 (full 3):
 PSYoungGen      total 395264K, used 5033K [0x00000000e0000000, 0x00000000fd080000, 0x0000000100000000)
  eden space 363008K, 0% used [0x00000000e0000000,0x00000000e0000000,0x00000000f6280000)
  from space 32256K, 15% used [0x00000000f6280000,0x00000000f676a7c0,0x00000000f8200000)
  to   space 31744K, 0% used [0x00000000fb180000,0x00000000fb180000,0x00000000fd080000)
 ParOldGen       total 97792K, used 75539K [0x00000000a0000000, 0x00000000a5f80000, 0x00000000e0000000)
  object space 97792K, 77% used [0x00000000a0000000,0x00000000a49c4d48,0x00000000a5f80000)
 Metaspace       used 73139K, capacity 77724K, committed 77912K, reserved 1116160K
  class space    used 9488K, capacity 10550K, committed 10624K, reserved 1048576K
}
Event: 922.988 GC heap before
{Heap before GC invocations=23 (full 3):
 PSYoungGen      total 395264K, used 367747K [0x00000000e0000000, 0x00000000fd080000, 0x0000000100000000)
  eden space 363008K, 99% used [0x00000000e0000000,0x00000000f62366c0,0x00000000f6280000)
  from space 32256K, 15% used [0x00000000f6280000,0x00000000f676a7c0,0x00000000f8200000)
  to   space 31744K, 0% used [0x00000000fb180000,0x00000000fb180000,0x00000000fd080000)
 ParOldGen       total 97792K, used 75539K [0x00000000a0000000, 0x00000000a5f80000, 0x00000000e0000000)
  object space 97792K, 77% used [0x00000000a0000000,0x00000000a49c4d48,0x00000000a5f80000)
 Metaspace       used 73528K, capacity 78292K, committed 78424K, reserved 1118208K
  class space    used 9507K, capacity 10572K, committed 10624K, reserved 1048576K
Event: 923.103 GC heap after
Heap after GC invocations=23 (full 3):
 PSYoungGen      total 428544K, used 17273K [0x00000000e0000000, 0x00000000fc900000, 0x0000000100000000)
  eden space 404480K, 0% used [0x00000000e0000000,0x00000000e0000000,0x00000000f8b00000)
  from space 24064K, 71% used [0x00000000fb180000,0x00000000fc25e698,0x00000000fc900000)
  to   space 31744K, 0% used [0x00000000f8b00000,0x00000000f8b00000,0x00000000faa00000)
 ParOldGen       total 97792K, used 75547K [0x00000000a0000000, 0x00000000a5f80000, 0x00000000e0000000)
  object space 97792K, 77% used [0x00000000a0000000,0x00000000a49c6d48,0x00000000a5f80000)
 Metaspace       used 73528K, capacity 78292K, committed 78424K, reserved 1118208K
  class space    used 9507K, capacity 10572K, committed 10624K, reserved 1048576K
}
Event: 923.490 GC heap before
{Heap before GC invocations=24 (full 3):
 PSYoungGen      total 428544K, used 420785K [0x00000000e0000000, 0x00000000fc900000, 0x0000000100000000)
  eden space 404480K, 99% used [0x00000000e0000000,0x00000000f8a0de00,0x00000000f8b00000)
  from space 24064K, 71% used [0x00000000fb180000,0x00000000fc25e698,0x00000000fc900000)
  to   space 31744K, 0% used [0x00000000f8b00000,0x00000000f8b00000,0x00000000faa00000)
 ParOldGen       total 97792K, used 75547K [0x00000000a0000000, 0x00000000a5f80000, 0x00000000e0000000)
  object space 97792K, 77% used [0x00000000a0000000,0x00000000a49c6d48,0x00000000a5f80000)
 Metaspace       used 73528K, capacity 78292K, committed 78424K, reserved 1118208K
  class space    used 9507K, capacity 10572K, committed 10624K, reserved 1048576K
Event: 923.516 GC heap after
Heap after GC invocations=24 (full 3):
 PSYoungGen      total 436224K, used 7148K [0x00000000e0000000, 0x0000000100000000, 0x0000000100000000)
  eden space 404480K, 0% used [0x00000000e0000000,0x00000000e0000000,0x00000000f8b00000)
  from space 31744K, 22% used [0x00000000f8b00000,0x00000000f91fb0a8,0x00000000faa00000)
  to   space 30720K, 0% used [0x00000000fe200000,0x00000000fe200000,0x0000000100000000)
 ParOldGen       total 97792K, used 75555K [0x00000000a0000000, 0x00000000a5f80000, 0x00000000e0000000)
  object space 97792K, 77% used [0x00000000a0000000,0x00000000a49c8d48,0x00000000a5f80000)
 Metaspace       used 73528K, capacity 78292K, committed 78424K, reserved 1118208K
  class space    used 9507K, capacity 10572K, committed 10624K, reserved 1048576K
}

