# JRE version: OpenJDK Runtime Environment (8.0_152-b01) (build 1.8.0_152-release-915-b01)
# Java VM: OpenJDK 64-Bit Server VM (25.152-b01 mixed mode windows-amd64 compressed oops)
Heap:
 PSYoungGen      total 68096K, used 904K [0x00000000e0000000, 0x00000000e4500000, 0x0000000100000000)
  eden space 65536K, 1% used [0x00000000e0000000,0x00000000e00e2318,0x00000000e4000000)
  from space 2560K, 0% used [0x00000000e4280000,0x00000000e4280000,0x00000000e4500000)
  to   space 2560K, 0% used [0x00000000e4000000,0x00000000e4000000,0x00000000e4280000)
 ParOldGen       total 44032K, used 13222K [0x00000000a0000000, 0x00000000a2b00000, 0x00000000e0000000)
  object space 44032K, 30% used [0x00000000a0000000,0x00000000a0ce9890,0x00000000a2b00000)
 Metaspace       used 25378K, capacity 25864K, committed 26240K, reserved 1073152K
  class space    used 3443K, capacity 3617K, committed 3712K, reserved 1048576K
GC Heap History (10 events):
Event: 3.971 GC heap after
Heap after GC invocations=3 (full 0):
 PSYoungGen      total 35328K, used 2528K [0x00000000e0000000, 0x00000000e4500000, 0x0000000100000000)
  eden space 32768K, 0% used [0x00000000e0000000,0x00000000e0000000,0x00000000e2000000)
  from space 2560K, 98% used [0x00000000e2000000,0x00000000e2278020,0x00000000e2280000)
  to   space 2560K, 0% used [0x00000000e4280000,0x00000000e4280000,0x00000000e4500000)
 ParOldGen       total 44032K, used 3965K [0x00000000a0000000, 0x00000000a2b00000, 0x00000000e0000000)
  object space 44032K, 9% used [0x00000000a0000000,0x00000000a03df788,0x00000000a2b00000)
 Metaspace       used 12187K, capacity 12526K, committed 12800K, reserved 1060864K
  class space    used 1629K, capacity 1765K, committed 1792K, reserved 1048576K
}
Event: 5.414 GC heap before
{Heap before GC invocations=4 (full 0):
 PSYoungGen      total 35328K, used 35296K [0x00000000e0000000, 0x00000000e4500000, 0x0000000100000000)
  eden space 32768K, 100% used [0x00000000e0000000,0x00000000e2000000,0x00000000e2000000)
  from space 2560K, 98% used [0x00000000e2000000,0x00000000e2278020,0x00000000e2280000)
  to   space 2560K, 0% used [0x00000000e4280000,0x00000000e4280000,0x00000000e4500000)
 ParOldGen       total 44032K, used 3965K [0x00000000a0000000, 0x00000000a2b00000, 0x00000000e0000000)
  object space 44032K, 9% used [0x00000000a0000000,0x00000000a03df788,0x00000000a2b00000)
 Metaspace       used 15554K, capacity 15890K, committed 16256K, reserved 1062912K
  class space    used 2191K, capacity 2311K, committed 2432K, reserved 1048576K
Event: 5.472 GC heap after
Heap after GC invocations=4 (full 0):
 PSYoungGen      total 68096K, used 2528K [0x00000000e0000000, 0x00000000e4500000, 0x0000000100000000)
  eden space 65536K, 0% used [0x00000000e0000000,0x00000000e0000000,0x00000000e4000000)
  from space 2560K, 98% used [0x00000000e4280000,0x00000000e44f8020,0x00000000e4500000)
  to   space 2560K, 0% used [0x00000000e4000000,0x00000000e4000000,0x00000000e4280000)
 ParOldGen       total 44032K, used 8431K [0x00000000a0000000, 0x00000000a2b00000, 0x00000000e0000000)
  object space 44032K, 19% used [0x00000000a0000000,0x00000000a083bd40,0x00000000a2b00000)
 Metaspace       used 15554K, capacity 15890K, committed 16256K, reserved 1062912K
  class space    used 2191K, capacity 2311K, committed 2432K, reserved 1048576K
}
Event: 7.238 GC heap before
{Heap before GC invocations=5 (full 0):
 PSYoungGen      total 68096K, used 31005K [0x00000000e0000000, 0x00000000e4500000, 0x0000000100000000)
  eden space 65536K, 43% used [0x00000000e0000000,0x00000000e1bcf400,0x00000000e4000000)
  from space 2560K, 98% used [0x00000000e4280000,0x00000000e44f8020,0x00000000e4500000)
  to   space 2560K, 0% used [0x00000000e4000000,0x00000000e4000000,0x00000000e4280000)
 ParOldGen       total 44032K, used 8431K [0x00000000a0000000, 0x00000000a2b00000, 0x00000000e0000000)
  object space 44032K, 19% used [0x00000000a0000000,0x00000000a083bd40,0x00000000a2b00000)
 Metaspace       used 20716K, capacity 21072K, committed 21248K, reserved 1067008K
  class space    used 2851K, capacity 2989K, committed 3072K, reserved 1048576K
Event: 7.316 GC heap after
Heap after GC invocations=5 (full 0):
 PSYoungGen      total 68096K, used 2548K [0x00000000e0000000, 0x00000000e4500000, 0x0000000100000000)
  eden space 65536K, 0% used [0x00000000e0000000,0x00000000e0000000,0x00000000e4000000)
  from space 2560K, 99% used [0x00000000e4000000,0x00000000e427d020,0x00000000e4280000)
  to   space 2560K, 0% used [0x00000000e4280000,0x00000000e4280000,0x00000000e4500000)
 ParOldGen       total 44032K, used 12946K [0x00000000a0000000, 0x00000000a2b00000, 0x00000000e0000000)
  object space 44032K, 29% used [0x00000000a0000000,0x00000000a0ca4ae8,0x00000000a2b00000)
 Metaspace       used 20716K, capacity 21072K, committed 21248K, reserved 1067008K
  class space    used 2851K, capacity 2989K, committed 3072K, reserved 1048576K
}
Event: 7.316 GC heap before
{Heap before GC invocations=6 (full 1):
 PSYoungGen      total 68096K, used 2548K [0x00000000e0000000, 0x00000000e4500000, 0x0000000100000000)
  eden space 65536K, 0% used [0x00000000e0000000,0x00000000e0000000,0x00000000e4000000)
  from space 2560K, 99% used [0x00000000e4000000,0x00000000e427d020,0x00000000e4280000)
  to   space 2560K, 0% used [0x00000000e4280000,0x00000000e4280000,0x00000000e4500000)
 ParOldGen       total 44032K, used 12946K [0x00000000a0000000, 0x00000000a2b00000, 0x00000000e0000000)
  object space 44032K, 29% used [0x00000000a0000000,0x00000000a0ca4ae8,0x00000000a2b00000)
 Metaspace       used 20716K, capacity 21072K, committed 21248K, reserved 1067008K
  class space    used 2851K, capacity 2989K, committed 3072K, reserved 1048576K
Event: 7.520 GC heap after
Heap after GC invocations=6 (full 1):
 PSYoungGen      total 68096K, used 0K [0x00000000e0000000, 0x00000000e4500000, 0x0000000100000000)
  eden space 65536K, 0% used [0x00000000e0000000,0x00000000e0000000,0x00000000e4000000)
  from space 2560K, 0% used [0x00000000e4000000,0x00000000e4000000,0x00000000e4280000)
  to   space 2560K, 0% used [0x00000000e4280000,0x00000000e4280000,0x00000000e4500000)
 ParOldGen       total 44032K, used 12696K [0x00000000a0000000, 0x00000000a2b00000, 0x00000000e0000000)
  object space 44032K, 28% used [0x00000000a0000000,0x00000000a0c663e8,0x00000000a2b00000)
 Metaspace       used 20716K, capacity 21072K, committed 21248K, reserved 1067008K
  class space    used 2851K, capacity 2989K, committed 3072K, reserved 1048576K
}
Event: 9.820 GC heap before
{Heap before GC invocations=7 (full 1):
 PSYoungGen      total 68096K, used 61116K [0x00000000e0000000, 0x00000000e4500000, 0x0000000100000000)
  eden space 65536K, 93% used [0x00000000e0000000,0x00000000e3baf200,0x00000000e4000000)
  from space 2560K, 0% used [0x00000000e4000000,0x00000000e4000000,0x00000000e4280000)
  to   space 2560K, 0% used [0x00000000e4280000,0x00000000e4280000,0x00000000e4500000)
 ParOldGen       total 44032K, used 12696K [0x00000000a0000000, 0x00000000a2b00000, 0x00000000e0000000)
  object space 44032K, 28% used [0x00000000a0000000,0x00000000a0c663e8,0x00000000a2b00000)
 Metaspace       used 25364K, capacity 25800K, committed 25984K, reserved 1075200K
  class space    used 3441K, capacity 3617K, committed 3712K, reserved 1048576K
Event: 9.877 GC heap after
Heap after GC invocations=7 (full 1):
 PSYoungGen      total 68096K, used 2544K [0x00000000e0000000, 0x00000000e4500000, 0x0000000100000000)
  eden space 65536K, 0% used [0x00000000e0000000,0x00000000e0000000,0x00000000e4000000)
  from space 2560K, 99% used [0x00000000e4280000,0x00000000e44fc010,0x00000000e4500000)
  to   space 2560K, 0% used [0x00000000e4000000,0x00000000e4000000,0x00000000e4280000)
 ParOldGen       total 44032K, used 17303K [0x00000000a0000000, 0x00000000a2b00000, 0x00000000e0000000)
  object space 44032K, 39% used [0x00000000a0000000,0x00000000a10e5e40,0x00000000a2b00000)
 Metaspace       used 25364K, capacity 25800K, committed 25984K, reserved 1075200K
  class space    used 3441K, capacity 3617K, committed 3712K, reserved 1048576K
}
Event: 9.877 GC heap before
{Heap before GC invocations=8 (full 2):
 PSYoungGen      total 68096K, used 2544K [0x00000000e0000000, 0x00000000e4500000, 0x0000000100000000)
  eden space 65536K, 0% used [0x00000000e0000000,0x00000000e0000000,0x00000000e4000000)
  from space 2560K, 99% used [0x00000000e4280000,0x00000000e44fc010,0x00000000e4500000)
  to   space 2560K, 0% used [0x00000000e4000000,0x00000000e4000000,0x00000000e4280000)
 ParOldGen       total 44032K, used 17303K [0x00000000a0000000, 0x00000000a2b00000, 0x00000000e0000000)
  object space 44032K, 39% used [0x00000000a0000000,0x00000000a10e5e40,0x00000000a2b00000)
 Metaspace       used 25364K, capacity 25800K, committed 25984K, reserved 1075200K
  class space    used 3441K, capacity 3617K, committed 3712K, reserved 1048576K

