# JRE version: OpenJDK Runtime Environment (8.0_152-b01) (build 1.8.0_152-release-915-b01)
# Java VM: OpenJDK 64-Bit Server VM (25.152-b01 mixed mode windows-amd64 compressed oops)
Heap:
 PSYoungGen      total 29184K, used 18424K [0x00000000e0000000, 0x00000000e5100000, 0x0000000100000000)
  eden space 26624K, 69% used [0x00000000e0000000,0x00000000e11fe3b8,0x00000000e1a00000)
  from space 2560K, 0% used [0x00000000e2280000,0x00000000e2280000,0x00000000e2500000)
  to   space 8704K, 0% used [0x00000000e1a00000,0x00000000e1a00000,0x00000000e2280000)
 ParOldGen       total 38400K, used 8976K [0x00000000a0000000, 0x00000000a2580000, 0x00000000e0000000)
  object space 38400K, 23% used [0x00000000a0000000,0x00000000a08c43f8,0x00000000a2580000)
 Metaspace       used 22512K, capacity 22918K, committed 23168K, reserved 1069056K
  class space    used 3018K, capacity 3184K, committed 3200K, reserved 1048576K
GC Heap History (10 events):
Event: 3.323 GC heap before
{Heap before GC invocations=3 (full 0):
 PSYoungGen      total 18944K, used 18914K [0x00000000e0000000, 0x00000000e2500000, 0x0000000100000000)
  eden space 16384K, 100% used [0x00000000e0000000,0x00000000e1000000,0x00000000e1000000)
  from space 2560K, 98% used [0x00000000e1280000,0x00000000e14f8978,0x00000000e1500000)
  to   space 2560K, 0% used [0x00000000e1000000,0x00000000e1000000,0x00000000e1280000)
 ParOldGen       total 44032K, used 543K [0x00000000a0000000, 0x00000000a2b00000, 0x00000000e0000000)
  object space 44032K, 1% used [0x00000000a0000000,0x00000000a0087d18,0x00000000a2b00000)
 Metaspace       used 8572K, capacity 8804K, committed 8960K, reserved 1056768K
  class space    used 1096K, capacity 1230K, committed 1280K, reserved 1048576K
Event: 3.333 GC heap after
Heap after GC invocations=3 (full 0):
 PSYoungGen      total 18944K, used 2544K [0x00000000e0000000, 0x00000000e2500000, 0x0000000100000000)
  eden space 16384K, 0% used [0x00000000e0000000,0x00000000e0000000,0x00000000e1000000)
  from space 2560K, 99% used [0x00000000e1000000,0x00000000e127c030,0x00000000e1280000)
  to   space 2560K, 0% used [0x00000000e2280000,0x00000000e2280000,0x00000000e2500000)
 ParOldGen       total 44032K, used 1477K [0x00000000a0000000, 0x00000000a2b00000, 0x00000000e0000000)
  object space 44032K, 3% used [0x00000000a0000000,0x00000000a01715e8,0x00000000a2b00000)
 Metaspace       used 8572K, capacity 8804K, committed 8960K, reserved 1056768K
  class space    used 1096K, capacity 1230K, committed 1280K, reserved 1048576K
}
Event: 6.919 GC heap before
{Heap before GC invocations=4 (full 0):
 PSYoungGen      total 18944K, used 18928K [0x00000000e0000000, 0x00000000e2500000, 0x0000000100000000)
  eden space 16384K, 100% used [0x00000000e0000000,0x00000000e1000000,0x00000000e1000000)
  from space 2560K, 99% used [0x00000000e1000000,0x00000000e127c030,0x00000000e1280000)
  to   space 2560K, 0% used [0x00000000e2280000,0x00000000e2280000,0x00000000e2500000)
 ParOldGen       total 44032K, used 1477K [0x00000000a0000000, 0x00000000a2b00000, 0x00000000e0000000)
  object space 44032K, 3% used [0x00000000a0000000,0x00000000a01715e8,0x00000000a2b00000)
 Metaspace       used 12291K, capacity 12716K, committed 12928K, reserved 1060864K
  class space    used 1650K, capacity 1802K, committed 1920K, reserved 1048576K
Event: 6.935 GC heap after
Heap after GC invocations=4 (full 0):
 PSYoungGen      total 35328K, used 2544K [0x00000000e0000000, 0x00000000e2500000, 0x0000000100000000)
  eden space 32768K, 0% used [0x00000000e0000000,0x00000000e0000000,0x00000000e2000000)
  from space 2560K, 99% used [0x00000000e2280000,0x00000000e24fc010,0x00000000e2500000)
  to   space 2560K, 0% used [0x00000000e2000000,0x00000000e2000000,0x00000000e2280000)
 ParOldGen       total 44032K, used 4001K [0x00000000a0000000, 0x00000000a2b00000, 0x00000000e0000000)
  object space 44032K, 9% used [0x00000000a0000000,0x00000000a03e8428,0x00000000a2b00000)
 Metaspace       used 12291K, capacity 12716K, committed 12928K, reserved 1060864K
  class space    used 1650K, capacity 1802K, committed 1920K, reserved 1048576K
}
Event: 12.611 GC heap before
{Heap before GC invocations=5 (full 0):
 PSYoungGen      total 35328K, used 35312K [0x00000000e0000000, 0x00000000e2500000, 0x0000000100000000)
  eden space 32768K, 100% used [0x00000000e0000000,0x00000000e2000000,0x00000000e2000000)
  from space 2560K, 99% used [0x00000000e2280000,0x00000000e24fc010,0x00000000e2500000)
  to   space 2560K, 0% used [0x00000000e2000000,0x00000000e2000000,0x00000000e2280000)
 ParOldGen       total 44032K, used 4001K [0x00000000a0000000, 0x00000000a2b00000, 0x00000000e0000000)
  object space 44032K, 9% used [0x00000000a0000000,0x00000000a03e8428,0x00000000a2b00000)
 Metaspace       used 15721K, capacity 16112K, committed 16256K, reserved 1062912K
  class space    used 2206K, capacity 2316K, committed 2432K, reserved 1048576K
Event: 12.637 GC heap after
Heap after GC invocations=5 (full 0):
 PSYoungGen      total 35328K, used 2544K [0x00000000e0000000, 0x00000000e2500000, 0x0000000100000000)
  eden space 32768K, 0% used [0x00000000e0000000,0x00000000e0000000,0x00000000e2000000)
  from space 2560K, 99% used [0x00000000e2000000,0x00000000e227c030,0x00000000e2280000)
  to   space 2560K, 0% used [0x00000000e2280000,0x00000000e2280000,0x00000000e2500000)
 ParOldGen       total 44032K, used 8558K [0x00000000a0000000, 0x00000000a2b00000, 0x00000000e0000000)
  object space 44032K, 19% used [0x00000000a0000000,0x00000000a085b8f0,0x00000000a2b00000)
 Metaspace       used 15721K, capacity 16112K, committed 16256K, reserved 1062912K
  class space    used 2206K, capacity 2316K, committed 2432K, reserved 1048576K
}
Event: 18.390 GC heap before
{Heap before GC invocations=6 (full 0):
 PSYoungGen      total 35328K, used 30481K [0x00000000e0000000, 0x00000000e2500000, 0x0000000100000000)
  eden space 32768K, 85% used [0x00000000e0000000,0x00000000e1b48690,0x00000000e2000000)
  from space 2560K, 99% used [0x00000000e2000000,0x00000000e227c030,0x00000000e2280000)
  to   space 2560K, 0% used [0x00000000e2280000,0x00000000e2280000,0x00000000e2500000)
 ParOldGen       total 44032K, used 8558K [0x00000000a0000000, 0x00000000a2b00000, 0x00000000e0000000)
  object space 44032K, 19% used [0x00000000a0000000,0x00000000a085b8f0,0x00000000a2b00000)
 Metaspace       used 20725K, capacity 21124K, committed 21248K, reserved 1067008K
  class space    used 2865K, capacity 3039K, committed 3072K, reserved 1048576K
Event: 18.413 GC heap after
Heap after GC invocations=6 (full 0):
 PSYoungGen      total 29184K, used 2528K [0x00000000e0000000, 0x00000000e5100000, 0x0000000100000000)
  eden space 26624K, 0% used [0x00000000e0000000,0x00000000e0000000,0x00000000e1a00000)
  from space 2560K, 98% used [0x00000000e2280000,0x00000000e24f8010,0x00000000e2500000)
  to   space 8704K, 0% used [0x00000000e1a00000,0x00000000e1a00000,0x00000000e2280000)
 ParOldGen       total 44032K, used 13053K [0x00000000a0000000, 0x00000000a2b00000, 0x00000000e0000000)
  object space 44032K, 29% used [0x00000000a0000000,0x00000000a0cbf470,0x00000000a2b00000)
 Metaspace       used 20725K, capacity 21124K, committed 21248K, reserved 1067008K
  class space    used 2865K, capacity 3039K, committed 3072K, reserved 1048576K
}
Event: 18.413 GC heap before
{Heap before GC invocations=7 (full 1):
 PSYoungGen      total 29184K, used 2528K [0x00000000e0000000, 0x00000000e5100000, 0x0000000100000000)
  eden space 26624K, 0% used [0x00000000e0000000,0x00000000e0000000,0x00000000e1a00000)
  from space 2560K, 98% used [0x00000000e2280000,0x00000000e24f8010,0x00000000e2500000)
  to   space 8704K, 0% used [0x00000000e1a00000,0x00000000e1a00000,0x00000000e2280000)
 ParOldGen       total 44032K, used 13053K [0x00000000a0000000, 0x00000000a2b00000, 0x00000000e0000000)
  object space 44032K, 29% used [0x00000000a0000000,0x00000000a0cbf470,0x00000000a2b00000)
 Metaspace       used 20725K, capacity 21124K, committed 21248K, reserved 1067008K
  class space    used 2865K, capacity 3039K, committed 3072K, reserved 1048576K
Event: 18.553 GC heap after
Heap after GC invocations=7 (full 1):
 PSYoungGen      total 29184K, used 0K [0x00000000e0000000, 0x00000000e5100000, 0x0000000100000000)
  eden space 26624K, 0% used [0x00000000e0000000,0x00000000e0000000,0x00000000e1a00000)
  from space 2560K, 0% used [0x00000000e2280000,0x00000000e2280000,0x00000000e2500000)
  to   space 8704K, 0% used [0x00000000e1a00000,0x00000000e1a00000,0x00000000e2280000)
 ParOldGen       total 38400K, used 8976K [0x00000000a0000000, 0x00000000a2580000, 0x00000000e0000000)
  object space 38400K, 23% used [0x00000000a0000000,0x00000000a08c43f8,0x00000000a2580000)
 Metaspace       used 20725K, capacity 21124K, committed 21248K, reserved 1067008K
  class space    used 2865K, capacity 3039K, committed 3072K, reserved 1048576K
}

