# JRE version: OpenJDK Runtime Environment (8.0_152-b01) (build 1.8.0_152-release-915-b01)
# Java VM: OpenJDK 64-Bit Server VM (25.152-b01 mixed mode windows-amd64 compressed oops)
Heap:
 PSYoungGen      total 68096K, used 63090K [0x00000000e0000000, 0x00000000e4500000, 0x0000000100000000)
  eden space 65536K, 92% used [0x00000000e0000000,0x00000000e3b1cbc0,0x00000000e4000000)
  from space 2560K, 100% used [0x00000000e4280000,0x00000000e4500000,0x00000000e4500000)
  to   space 2560K, 0% used [0x00000000e4000000,0x00000000e4000000,0x00000000e4280000)
 ParOldGen       total 37888K, used 16378K [0x00000000a0000000, 0x00000000a2500000, 0x00000000e0000000)
  object space 37888K, 43% used [0x00000000a0000000,0x00000000a0ffe8c0,0x00000000a2500000)
 Metaspace       used 31146K, capacity 31798K, committed 32000K, reserved 1077248K
  class space    used 4297K, capacity 4584K, committed 4608K, reserved 1048576K
GC Heap History (10 events):
Event: 8.018 GC heap before
{Heap before GC invocations=3 (full 0):
 PSYoungGen      total 35328K, used 35314K [0x00000000e0000000, 0x00000000e2500000, 0x0000000100000000)
  eden space 32768K, 100% used [0x00000000e0000000,0x00000000e2000000,0x00000000e2000000)
  from space 2560K, 99% used [0x00000000e2280000,0x00000000e24fc9a8,0x00000000e2500000)
  to   space 2560K, 0% used [0x00000000e2000000,0x00000000e2000000,0x00000000e2280000)
 ParOldGen       total 44032K, used 520K [0x00000000a0000000, 0x00000000a2b00000, 0x00000000e0000000)
  object space 44032K, 1% used [0x00000000a0000000,0x00000000a00820d8,0x00000000a2b00000)
 Metaspace       used 12209K, capacity 12556K, committed 12800K, reserved 1060864K
  class space    used 1626K, capacity 1770K, committed 1792K, reserved 1048576K
Event: 8.071 GC heap after
Heap after GC invocations=3 (full 0):
 PSYoungGen      total 35328K, used 2560K [0x00000000e0000000, 0x00000000e4500000, 0x0000000100000000)
  eden space 32768K, 0% used [0x00000000e0000000,0x00000000e0000000,0x00000000e2000000)
  from space 2560K, 100% used [0x00000000e2000000,0x00000000e2280000,0x00000000e2280000)
  to   space 2560K, 0% used [0x00000000e4280000,0x00000000e4280000,0x00000000e4500000)
 ParOldGen       total 44032K, used 3891K [0x00000000a0000000, 0x00000000a2b00000, 0x00000000e0000000)
  object space 44032K, 8% used [0x00000000a0000000,0x00000000a03ccc58,0x00000000a2b00000)
 Metaspace       used 12209K, capacity 12556K, committed 12800K, reserved 1060864K
  class space    used 1626K, capacity 1770K, committed 1792K, reserved 1048576K
}
Event: 16.622 GC heap before
{Heap before GC invocations=4 (full 0):
 PSYoungGen      total 35328K, used 35328K [0x00000000e0000000, 0x00000000e4500000, 0x0000000100000000)
  eden space 32768K, 100% used [0x00000000e0000000,0x00000000e2000000,0x00000000e2000000)
  from space 2560K, 100% used [0x00000000e2000000,0x00000000e2280000,0x00000000e2280000)
  to   space 2560K, 0% used [0x00000000e4280000,0x00000000e4280000,0x00000000e4500000)
 ParOldGen       total 44032K, used 3891K [0x00000000a0000000, 0x00000000a2b00000, 0x00000000e0000000)
  object space 44032K, 8% used [0x00000000a0000000,0x00000000a03ccc58,0x00000000a2b00000)
 Metaspace       used 15535K, capacity 15824K, committed 15872K, reserved 1062912K
  class space    used 2188K, capacity 2284K, committed 2304K, reserved 1048576K
Event: 17.630 GC heap after
Heap after GC invocations=4 (full 0):
 PSYoungGen      total 68096K, used 2528K [0x00000000e0000000, 0x00000000e4500000, 0x0000000100000000)
  eden space 65536K, 0% used [0x00000000e0000000,0x00000000e0000000,0x00000000e4000000)
  from space 2560K, 98% used [0x00000000e4280000,0x00000000e44f8020,0x00000000e4500000)
  to   space 2560K, 0% used [0x00000000e4000000,0x00000000e4000000,0x00000000e4280000)
 ParOldGen       total 44032K, used 8263K [0x00000000a0000000, 0x00000000a2b00000, 0x00000000e0000000)
  object space 44032K, 18% used [0x00000000a0000000,0x00000000a0811e38,0x00000000a2b00000)
 Metaspace       used 15535K, capacity 15824K, committed 15872K, reserved 1062912K
  class space    used 2188K, capacity 2284K, committed 2304K, reserved 1048576K
}
Event: 30.821 GC heap before
{Heap before GC invocations=5 (full 0):
 PSYoungGen      total 68096K, used 32163K [0x00000000e0000000, 0x00000000e4500000, 0x0000000100000000)
  eden space 65536K, 45% used [0x00000000e0000000,0x00000000e1cf0c68,0x00000000e4000000)
  from space 2560K, 98% used [0x00000000e4280000,0x00000000e44f8020,0x00000000e4500000)
  to   space 2560K, 0% used [0x00000000e4000000,0x00000000e4000000,0x00000000e4280000)
 ParOldGen       total 44032K, used 8263K [0x00000000a0000000, 0x00000000a2b00000, 0x00000000e0000000)
  object space 44032K, 18% used [0x00000000a0000000,0x00000000a0811e38,0x00000000a2b00000)
 Metaspace       used 20759K, capacity 21124K, committed 21248K, reserved 1067008K
  class space    used 2873K, capacity 3039K, committed 3072K, reserved 1048576K
Event: 31.070 GC heap after
Heap after GC invocations=5 (full 0):
 PSYoungGen      total 68096K, used 2548K [0x00000000e0000000, 0x00000000e4500000, 0x0000000100000000)
  eden space 65536K, 0% used [0x00000000e0000000,0x00000000e0000000,0x00000000e4000000)
  from space 2560K, 99% used [0x00000000e4000000,0x00000000e427d020,0x00000000e4280000)
  to   space 2560K, 0% used [0x00000000e4280000,0x00000000e4280000,0x00000000e4500000)
 ParOldGen       total 44032K, used 13101K [0x00000000a0000000, 0x00000000a2b00000, 0x00000000e0000000)
  object space 44032K, 29% used [0x00000000a0000000,0x00000000a0ccb410,0x00000000a2b00000)
 Metaspace       used 20759K, capacity 21124K, committed 21248K, reserved 1067008K
  class space    used 2873K, capacity 3039K, committed 3072K, reserved 1048576K
}
Event: 31.070 GC heap before
{Heap before GC invocations=6 (full 1):
 PSYoungGen      total 68096K, used 2548K [0x00000000e0000000, 0x00000000e4500000, 0x0000000100000000)
  eden space 65536K, 0% used [0x00000000e0000000,0x00000000e0000000,0x00000000e4000000)
  from space 2560K, 99% used [0x00000000e4000000,0x00000000e427d020,0x00000000e4280000)
  to   space 2560K, 0% used [0x00000000e4280000,0x00000000e4280000,0x00000000e4500000)
 ParOldGen       total 44032K, used 13101K [0x00000000a0000000, 0x00000000a2b00000, 0x00000000e0000000)
  object space 44032K, 29% used [0x00000000a0000000,0x00000000a0ccb410,0x00000000a2b00000)
 Metaspace       used 20759K, capacity 21124K, committed 21248K, reserved 1067008K
  class space    used 2873K, capacity 3039K, committed 3072K, reserved 1048576K
Event: 31.224 GC heap after
Heap after GC invocations=6 (full 1):
 PSYoungGen      total 68096K, used 0K [0x00000000e0000000, 0x00000000e4500000, 0x0000000100000000)
  eden space 65536K, 0% used [0x00000000e0000000,0x00000000e0000000,0x00000000e4000000)
  from space 2560K, 0% used [0x00000000e4000000,0x00000000e4000000,0x00000000e4280000)
  to   space 2560K, 0% used [0x00000000e4280000,0x00000000e4280000,0x00000000e4500000)
 ParOldGen       total 37888K, used 12245K [0x00000000a0000000, 0x00000000a2500000, 0x00000000e0000000)
  object space 37888K, 32% used [0x00000000a0000000,0x00000000a0bf57a8,0x00000000a2500000)
 Metaspace       used 20759K, capacity 21124K, committed 21248K, reserved 1067008K
  class space    used 2873K, capacity 3039K, committed 3072K, reserved 1048576K
}
Event: 40.706 GC heap before
{Heap before GC invocations=7 (full 1):
 PSYoungGen      total 68096K, used 65536K [0x00000000e0000000, 0x00000000e4500000, 0x0000000100000000)
  eden space 65536K, 100% used [0x00000000e0000000,0x00000000e4000000,0x00000000e4000000)
  from space 2560K, 0% used [0x00000000e4000000,0x00000000e4000000,0x00000000e4280000)
  to   space 2560K, 0% used [0x00000000e4280000,0x00000000e4280000,0x00000000e4500000)
 ParOldGen       total 37888K, used 12245K [0x00000000a0000000, 0x00000000a2500000, 0x00000000e0000000)
  object space 37888K, 32% used [0x00000000a0000000,0x00000000a0bf57a8,0x00000000a2500000)
 Metaspace       used 26151K, capacity 26682K, committed 26880K, reserved 1073152K
  class space    used 3552K, capacity 3754K, committed 3840K, reserved 1048576K
Event: 40.729 GC heap after
Heap after GC invocations=7 (full 1):
 PSYoungGen      total 68096K, used 2560K [0x00000000e0000000, 0x00000000e4500000, 0x0000000100000000)
  eden space 65536K, 0% used [0x00000000e0000000,0x00000000e0000000,0x00000000e4000000)
  from space 2560K, 100% used [0x00000000e4280000,0x00000000e4500000,0x00000000e4500000)
  to   space 2560K, 0% used [0x00000000e4000000,0x00000000e4000000,0x00000000e4280000)
 ParOldGen       total 37888K, used 16378K [0x00000000a0000000, 0x00000000a2500000, 0x00000000e0000000)
  object space 37888K, 43% used [0x00000000a0000000,0x00000000a0ffe8c0,0x00000000a2500000)
 Metaspace       used 26151K, capacity 26682K, committed 26880K, reserved 1073152K
  class space    used 3552K, capacity 3754K, committed 3840K, reserved 1048576K
}

