# JRE version: OpenJDK Runtime Environment (8.0_152-b01) (build 1.8.0_152-release-915-b01)
# Java VM: OpenJDK 64-Bit Server VM (25.152-b01 mixed mode windows-amd64 compressed oops)
Heap:
 PSYoungGen      total 72192K, used 39533K [0x00000000e0000000, 0x00000000e5100000, 0x0000000100000000)
  eden space 64512K, 61% used [0x00000000e0000000,0x00000000e269b4a0,0x00000000e3f00000)
  from space 7680K, 0% used [0x00000000e4780000,0x00000000e4780000,0x00000000e4f00000)
  to   space 8704K, 0% used [0x00000000e3f00000,0x00000000e3f00000,0x00000000e4780000)
 ParOldGen       total 39424K, used 12014K [0x00000000a0000000, 0x00000000a2680000, 0x00000000e0000000)
  object space 39424K, 30% used [0x00000000a0000000,0x00000000a0bbbae0,0x00000000a2680000)
 Metaspace       used 23920K, capacity 24332K, committed 24448K, reserved 1071104K
  class space    used 3279K, capacity 3441K, committed 3456K, reserved 1048576K
GC Heap History (10 events):
Event: 2.856 GC heap before
{Heap before GC invocations=3 (full 0):
 PSYoungGen      total 18944K, used 18914K [0x00000000e0000000, 0x00000000e2500000, 0x0000000100000000)
  eden space 16384K, 100% used [0x00000000e0000000,0x00000000e1000000,0x00000000e1000000)
  from space 2560K, 98% used [0x00000000e1280000,0x00000000e14f8978,0x00000000e1500000)
  to   space 2560K, 0% used [0x00000000e1000000,0x00000000e1000000,0x00000000e1280000)
 ParOldGen       total 44032K, used 530K [0x00000000a0000000, 0x00000000a2b00000, 0x00000000e0000000)
  object space 44032K, 1% used [0x00000000a0000000,0x00000000a00849f8,0x00000000a2b00000)
 Metaspace       used 8596K, capacity 8868K, committed 8960K, reserved 1056768K
  class space    used 1096K, capacity 1230K, committed 1280K, reserved 1048576K
Event: 2.865 GC heap after
Heap after GC invocations=3 (full 0):
 PSYoungGen      total 18944K, used 2528K [0x00000000e0000000, 0x00000000e2500000, 0x0000000100000000)
  eden space 16384K, 0% used [0x00000000e0000000,0x00000000e0000000,0x00000000e1000000)
  from space 2560K, 98% used [0x00000000e1000000,0x00000000e1278040,0x00000000e1280000)
  to   space 2560K, 0% used [0x00000000e2280000,0x00000000e2280000,0x00000000e2500000)
 ParOldGen       total 44032K, used 1504K [0x00000000a0000000, 0x00000000a2b00000, 0x00000000e0000000)
  object space 44032K, 3% used [0x00000000a0000000,0x00000000a01782c8,0x00000000a2b00000)
 Metaspace       used 8596K, capacity 8868K, committed 8960K, reserved 1056768K
  class space    used 1096K, capacity 1230K, committed 1280K, reserved 1048576K
}
Event: 4.344 GC heap before
{Heap before GC invocations=4 (full 0):
 PSYoungGen      total 18944K, used 18912K [0x00000000e0000000, 0x00000000e2500000, 0x0000000100000000)
  eden space 16384K, 100% used [0x00000000e0000000,0x00000000e1000000,0x00000000e1000000)
  from space 2560K, 98% used [0x00000000e1000000,0x00000000e1278040,0x00000000e1280000)
  to   space 2560K, 0% used [0x00000000e2280000,0x00000000e2280000,0x00000000e2500000)
 ParOldGen       total 44032K, used 1504K [0x00000000a0000000, 0x00000000a2b00000, 0x00000000e0000000)
  object space 44032K, 3% used [0x00000000a0000000,0x00000000a01782c8,0x00000000a2b00000)
 Metaspace       used 12271K, capacity 12652K, committed 12928K, reserved 1060864K
  class space    used 1650K, capacity 1802K, committed 1920K, reserved 1048576K
Event: 4.364 GC heap after
Heap after GC invocations=4 (full 0):
 PSYoungGen      total 35328K, used 2528K [0x00000000e0000000, 0x00000000e2500000, 0x0000000100000000)
  eden space 32768K, 0% used [0x00000000e0000000,0x00000000e0000000,0x00000000e2000000)
  from space 2560K, 98% used [0x00000000e2280000,0x00000000e24f8020,0x00000000e2500000)
  to   space 2560K, 0% used [0x00000000e2000000,0x00000000e2000000,0x00000000e2280000)
 ParOldGen       total 44032K, used 4052K [0x00000000a0000000, 0x00000000a2b00000, 0x00000000e0000000)
  object space 44032K, 9% used [0x00000000a0000000,0x00000000a03f50a0,0x00000000a2b00000)
 Metaspace       used 12271K, capacity 12652K, committed 12928K, reserved 1060864K
  class space    used 1650K, capacity 1802K, committed 1920K, reserved 1048576K
}
Event: 5.662 GC heap before
{Heap before GC invocations=5 (full 0):
 PSYoungGen      total 35328K, used 35296K [0x00000000e0000000, 0x00000000e2500000, 0x0000000100000000)
  eden space 32768K, 100% used [0x00000000e0000000,0x00000000e2000000,0x00000000e2000000)
  from space 2560K, 98% used [0x00000000e2280000,0x00000000e24f8020,0x00000000e2500000)
  to   space 2560K, 0% used [0x00000000e2000000,0x00000000e2000000,0x00000000e2280000)
 ParOldGen       total 44032K, used 4052K [0x00000000a0000000, 0x00000000a2b00000, 0x00000000e0000000)
  object space 44032K, 9% used [0x00000000a0000000,0x00000000a03f50a0,0x00000000a2b00000)
 Metaspace       used 15686K, capacity 16048K, committed 16256K, reserved 1062912K
  class space    used 2206K, capacity 2316K, committed 2432K, reserved 1048576K
Event: 5.752 GC heap after
Heap after GC invocations=5 (full 0):
 PSYoungGen      total 35328K, used 2528K [0x00000000e0000000, 0x00000000e4f00000, 0x0000000100000000)
  eden space 32768K, 0% used [0x00000000e0000000,0x00000000e0000000,0x00000000e2000000)
  from space 2560K, 98% used [0x00000000e2000000,0x00000000e2278040,0x00000000e2280000)
  to   space 7680K, 0% used [0x00000000e4780000,0x00000000e4780000,0x00000000e4f00000)
 ParOldGen       total 44032K, used 8555K [0x00000000a0000000, 0x00000000a2b00000, 0x00000000e0000000)
  object space 44032K, 19% used [0x00000000a0000000,0x00000000a085ac00,0x00000000a2b00000)
 Metaspace       used 15686K, capacity 16048K, committed 16256K, reserved 1062912K
  class space    used 2206K, capacity 2316K, committed 2432K, reserved 1048576K
}
Event: 7.895 GC heap before
{Heap before GC invocations=6 (full 0):
 PSYoungGen      total 35328K, used 30928K [0x00000000e0000000, 0x00000000e4f00000, 0x0000000100000000)
  eden space 32768K, 86% used [0x00000000e0000000,0x00000000e1bbc1c8,0x00000000e2000000)
  from space 2560K, 98% used [0x00000000e2000000,0x00000000e2278040,0x00000000e2280000)
  to   space 7680K, 0% used [0x00000000e4780000,0x00000000e4780000,0x00000000e4f00000)
 ParOldGen       total 44032K, used 8555K [0x00000000a0000000, 0x00000000a2b00000, 0x00000000e0000000)
  object space 44032K, 19% used [0x00000000a0000000,0x00000000a085ac00,0x00000000a2b00000)
 Metaspace       used 20740K, capacity 21124K, committed 21248K, reserved 1067008K
  class space    used 2869K, capacity 3039K, committed 3072K, reserved 1048576K
Event: 7.928 GC heap after
Heap after GC invocations=6 (full 0):
 PSYoungGen      total 72192K, used 7171K [0x00000000e0000000, 0x00000000e5100000, 0x0000000100000000)
  eden space 64512K, 0% used [0x00000000e0000000,0x00000000e0000000,0x00000000e3f00000)
  from space 7680K, 93% used [0x00000000e4780000,0x00000000e4e80ee0,0x00000000e4f00000)
  to   space 8704K, 0% used [0x00000000e3f00000,0x00000000e3f00000,0x00000000e4780000)
 ParOldGen       total 44032K, used 8563K [0x00000000a0000000, 0x00000000a2b00000, 0x00000000e0000000)
  object space 44032K, 19% used [0x00000000a0000000,0x00000000a085cc00,0x00000000a2b00000)
 Metaspace       used 20740K, capacity 21124K, committed 21248K, reserved 1067008K
  class space    used 2869K, capacity 3039K, committed 3072K, reserved 1048576K
}
Event: 7.928 GC heap before
{Heap before GC invocations=7 (full 1):
 PSYoungGen      total 72192K, used 7171K [0x00000000e0000000, 0x00000000e5100000, 0x0000000100000000)
  eden space 64512K, 0% used [0x00000000e0000000,0x00000000e0000000,0x00000000e3f00000)
  from space 7680K, 93% used [0x00000000e4780000,0x00000000e4e80ee0,0x00000000e4f00000)
  to   space 8704K, 0% used [0x00000000e3f00000,0x00000000e3f00000,0x00000000e4780000)
 ParOldGen       total 44032K, used 8563K [0x00000000a0000000, 0x00000000a2b00000, 0x00000000e0000000)
  object space 44032K, 19% used [0x00000000a0000000,0x00000000a085cc00,0x00000000a2b00000)
 Metaspace       used 20740K, capacity 21124K, committed 21248K, reserved 1067008K
  class space    used 2869K, capacity 3039K, committed 3072K, reserved 1048576K
Event: 8.039 GC heap after
Heap after GC invocations=7 (full 1):
 PSYoungGen      total 72192K, used 0K [0x00000000e0000000, 0x00000000e5100000, 0x0000000100000000)
  eden space 64512K, 0% used [0x00000000e0000000,0x00000000e0000000,0x00000000e3f00000)
  from space 7680K, 0% used [0x00000000e4780000,0x00000000e4780000,0x00000000e4f00000)
  to   space 8704K, 0% used [0x00000000e3f00000,0x00000000e3f00000,0x00000000e4780000)
 ParOldGen       total 39424K, used 12014K [0x00000000a0000000, 0x00000000a2680000, 0x00000000e0000000)
  object space 39424K, 30% used [0x00000000a0000000,0x00000000a0bbbae0,0x00000000a2680000)
 Metaspace       used 20740K, capacity 21124K, committed 21248K, reserved 1067008K
  class space    used 2869K, capacity 3039K, committed 3072K, reserved 1048576K
}

