# JRE version: OpenJDK Runtime Environment (8.0_152-b02) (build 1.8.0_152-release-1024-b02)
# Java VM: OpenJDK 64-Bit Server VM (25.152-b02 mixed mode windows-amd64 compressed oops)
Heap:
 PSYoungGen      total 153088K, used 107915K [0x00000000e0000000, 0x00000000ebe80000, 0x0000000100000000)
  eden space 141312K, 68% used [0x00000000e0000000,0x00000000e5de9390,0x00000000e8a00000)
  from space 11776K, 99% used [0x00000000e9800000,0x00000000ea379b50,0x00000000ea380000)
  to   space 14336K, 0% used [0x00000000e8a00000,0x00000000e8a00000,0x00000000e9800000)
 ParOldGen       total 56320K, used 21282K [0x00000000a0000000, 0x00000000a3700000, 0x00000000e0000000)
  object space 56320K, 37% used [0x00000000a0000000,0x00000000a14c8a88,0x00000000a3700000)
 Metaspace       used 51212K, capacity 52690K, committed 53032K, reserved 1095680K
  class space    used 7026K, capacity 7400K, committed 7472K, reserved 1048576K
GC Heap History (10 events):
Event: 21.621 GC heap before
{Heap before GC invocations=8 (full 1):
 PSYoungGen      total 72192K, used 5712K [0x00000000e0000000, 0x00000000e8e00000, 0x0000000100000000)
  eden space 64512K, 0% used [0x00000000e0000000,0x00000000e0000000,0x00000000e3f00000)
  from space 7680K, 74% used [0x00000000e3f00000,0x00000000e4494398,0x00000000e4680000)
  to   space 8192K, 0% used [0x00000000e8600000,0x00000000e8600000,0x00000000e8e00000)
 ParOldGen       total 44032K, used 7393K [0x00000000a0000000, 0x00000000a2b00000, 0x00000000e0000000)
  object space 44032K, 16% used [0x00000000a0000000,0x00000000a0738690,0x00000000a2b00000)
 Metaspace       used 20831K, capacity 21240K, committed 21296K, reserved 1067008K
  class space    used 2911K, capacity 3074K, committed 3120K, reserved 1048576K
Event: 21.761 GC heap after
Heap after GC invocations=8 (full 1):
 PSYoungGen      total 72192K, used 0K [0x00000000e0000000, 0x00000000e8e00000, 0x0000000100000000)
  eden space 64512K, 0% used [0x00000000e0000000,0x00000000e0000000,0x00000000e3f00000)
  from space 7680K, 0% used [0x00000000e3f00000,0x00000000e3f00000,0x00000000e4680000)
  to   space 8192K, 0% used [0x00000000e8600000,0x00000000e8600000,0x00000000e8e00000)
 ParOldGen       total 36352K, used 10514K [0x00000000a0000000, 0x00000000a2380000, 0x00000000e0000000)
  object space 36352K, 28% used [0x00000000a0000000,0x00000000a0a44808,0x00000000a2380000)
 Metaspace       used 20831K, capacity 21240K, committed 21296K, reserved 1067008K
  class space    used 2911K, capacity 3074K, committed 3120K, reserved 1048576K
}
Event: 28.094 GC heap before
{Heap before GC invocations=9 (full 1):
 PSYoungGen      total 72192K, used 64512K [0x00000000e0000000, 0x00000000e8e00000, 0x0000000100000000)
  eden space 64512K, 100% used [0x00000000e0000000,0x00000000e3f00000,0x00000000e3f00000)
  from space 7680K, 0% used [0x00000000e3f00000,0x00000000e3f00000,0x00000000e4680000)
  to   space 8192K, 0% used [0x00000000e8600000,0x00000000e8600000,0x00000000e8e00000)
 ParOldGen       total 36352K, used 10514K [0x00000000a0000000, 0x00000000a2380000, 0x00000000e0000000)
  object space 36352K, 28% used [0x00000000a0000000,0x00000000a0a44808,0x00000000a2380000)
 Metaspace       used 26623K, capacity 27064K, committed 27184K, reserved 1073152K
  class space    used 3675K, capacity 3833K, committed 3888K, reserved 1048576K
Event: 28.132 GC heap after
Heap after GC invocations=9 (full 1):
 PSYoungGen      total 113152K, used 7263K [0x00000000e0000000, 0x00000000e8d80000, 0x0000000100000000)
  eden space 105472K, 0% used [0x00000000e0000000,0x00000000e0000000,0x00000000e6700000)
  from space 7680K, 94% used [0x00000000e8600000,0x00000000e8d17e60,0x00000000e8d80000)
  to   space 8704K, 0% used [0x00000000e7c80000,0x00000000e7c80000,0x00000000e8500000)
 ParOldGen       total 36352K, used 10522K [0x00000000a0000000, 0x00000000a2380000, 0x00000000e0000000)
  object space 36352K, 28% used [0x00000000a0000000,0x00000000a0a46808,0x00000000a2380000)
 Metaspace       used 26623K, capacity 27064K, committed 27184K, reserved 1073152K
  class space    used 3675K, capacity 3833K, committed 3888K, reserved 1048576K
}
Event: 48.329 GC heap before
{Heap before GC invocations=10 (full 1):
 PSYoungGen      total 113152K, used 96785K [0x00000000e0000000, 0x00000000e8d80000, 0x0000000100000000)
  eden space 105472K, 84% used [0x00000000e0000000,0x00000000e576c800,0x00000000e6700000)
  from space 7680K, 94% used [0x00000000e8600000,0x00000000e8d17e60,0x00000000e8d80000)
  to   space 8704K, 0% used [0x00000000e7c80000,0x00000000e7c80000,0x00000000e8500000)
 ParOldGen       total 36352K, used 10522K [0x00000000a0000000, 0x00000000a2380000, 0x00000000e0000000)
  object space 36352K, 28% used [0x00000000a0000000,0x00000000a0a46808,0x00000000a2380000)
 Metaspace       used 34858K, capacity 35414K, committed 35496K, reserved 1079296K
  class space    used 4797K, capacity 5003K, committed 5040K, reserved 1048576K
Event: 48.452 GC heap after
Heap after GC invocations=10 (full 1):
 PSYoungGen      total 136192K, used 8681K [0x00000000e0000000, 0x00000000ea380000, 0x0000000100000000)
  eden space 127488K, 0% used [0x00000000e0000000,0x00000000e0000000,0x00000000e7c80000)
  from space 8704K, 99% used [0x00000000e7c80000,0x00000000e84fa5d0,0x00000000e8500000)
  to   space 11776K, 0% used [0x00000000e9800000,0x00000000e9800000,0x00000000ea380000)
 ParOldGen       total 36352K, used 14805K [0x00000000a0000000, 0x00000000a2380000, 0x00000000e0000000)
  object space 36352K, 40% used [0x00000000a0000000,0x00000000a0e75590,0x00000000a2380000)
 Metaspace       used 34858K, capacity 35414K, committed 35496K, reserved 1079296K
  class space    used 4797K, capacity 5003K, committed 5040K, reserved 1048576K
}
Event: 48.452 GC heap before
{Heap before GC invocations=11 (full 2):
 PSYoungGen      total 136192K, used 8681K [0x00000000e0000000, 0x00000000ea380000, 0x0000000100000000)
  eden space 127488K, 0% used [0x00000000e0000000,0x00000000e0000000,0x00000000e7c80000)
  from space 8704K, 99% used [0x00000000e7c80000,0x00000000e84fa5d0,0x00000000e8500000)
  to   space 11776K, 0% used [0x00000000e9800000,0x00000000e9800000,0x00000000ea380000)
 ParOldGen       total 36352K, used 14805K [0x00000000a0000000, 0x00000000a2380000, 0x00000000e0000000)
  object space 36352K, 40% used [0x00000000a0000000,0x00000000a0e75590,0x00000000a2380000)
 Metaspace       used 34858K, capacity 35414K, committed 35496K, reserved 1079296K
  class space    used 4797K, capacity 5003K, committed 5040K, reserved 1048576K
Event: 48.736 GC heap after
Heap after GC invocations=11 (full 2):
 PSYoungGen      total 136192K, used 0K [0x00000000e0000000, 0x00000000ea380000, 0x0000000100000000)
  eden space 127488K, 0% used [0x00000000e0000000,0x00000000e0000000,0x00000000e7c80000)
  from space 8704K, 0% used [0x00000000e7c80000,0x00000000e7c80000,0x00000000e8500000)
  to   space 11776K, 0% used [0x00000000e9800000,0x00000000e9800000,0x00000000ea380000)
 ParOldGen       total 56320K, used 19242K [0x00000000a0000000, 0x00000000a3700000, 0x00000000e0000000)
  object space 56320K, 34% used [0x00000000a0000000,0x00000000a12cabf8,0x00000000a3700000)
 Metaspace       used 34858K, capacity 35414K, committed 35496K, reserved 1079296K
  class space    used 4797K, capacity 5003K, committed 5040K, reserved 1048576K
}
Event: 58.097 GC heap before
{Heap before GC invocations=12 (full 2):
 PSYoungGen      total 136192K, used 127488K [0x00000000e0000000, 0x00000000ea380000, 0x0000000100000000)
  eden space 127488K, 100% used [0x00000000e0000000,0x00000000e7c80000,0x00000000e7c80000)
  from space 8704K, 0% used [0x00000000e7c80000,0x00000000e7c80000,0x00000000e8500000)
  to   space 11776K, 0% used [0x00000000e9800000,0x00000000e9800000,0x00000000ea380000)
 ParOldGen       total 56320K, used 19242K [0x00000000a0000000, 0x00000000a3700000, 0x00000000e0000000)
  object space 56320K, 34% used [0x00000000a0000000,0x00000000a12cabf8,0x00000000a3700000)
 Metaspace       used 42859K, capacity 43758K, committed 43816K, reserved 1087488K
  class space    used 5911K, capacity 6174K, committed 6192K, reserved 1048576K
Event: 58.151 GC heap after
Heap after GC invocations=12 (full 2):
 PSYoungGen      total 153088K, used 11750K [0x00000000e0000000, 0x00000000ebe80000, 0x0000000100000000)
  eden space 141312K, 0% used [0x00000000e0000000,0x00000000e0000000,0x00000000e8a00000)
  from space 11776K, 99% used [0x00000000e9800000,0x00000000ea379b50,0x00000000ea380000)
  to   space 14336K, 0% used [0x00000000e8a00000,0x00000000e8a00000,0x00000000e9800000)
 ParOldGen       total 56320K, used 21282K [0x00000000a0000000, 0x00000000a3700000, 0x00000000e0000000)
  object space 56320K, 37% used [0x00000000a0000000,0x00000000a14c8a88,0x00000000a3700000)
 Metaspace       used 42859K, capacity 43758K, committed 43816K, reserved 1087488K
  class space    used 5911K, capacity 6174K, committed 6192K, reserved 1048576K
}

