# JRE version: OpenJDK Runtime Environment (8.0_152-b01) (build 1.8.0_152-release-915-b01)
# Java VM: OpenJDK 64-Bit Server VM (25.152-b01 mixed mode windows-amd64 compressed oops)
Heap:
 PSYoungGen      total 72704K, used 14948K [0x00000000e0000000, 0x00000000e6000000, 0x0000000100000000)
  eden space 64000K, 9% used [0x00000000e0000000,0x00000000e0621068,0x00000000e3e80000)
  from space 8704K, 99% used [0x00000000e3e80000,0x00000000e46f8200,0x00000000e4700000)
  to   space 11264K, 0% used [0x00000000e5500000,0x00000000e5500000,0x00000000e6000000)
 ParOldGen       total 61440K, used 28419K [0x00000000a0000000, 0x00000000a3c00000, 0x00000000e0000000)
  object space 61440K, 46% used [0x00000000a0000000,0x00000000a1bc0cf0,0x00000000a3c00000)
 Metaspace       used 53352K, capacity 55068K, committed 55384K, reserved 1097728K
  class space    used 7271K, capacity 7744K, committed 7808K, reserved 1048576K
GC Heap History (10 events):
Event: 71.193 GC heap before
{Heap before GC invocations=19 (full 2):
 PSYoungGen      total 54784K, used 49152K [0x00000000e0000000, 0x00000000e3c00000, 0x0000000100000000)
  eden space 49152K, 100% used [0x00000000e0000000,0x00000000e3000000,0x00000000e3000000)
  from space 5632K, 0% used [0x00000000e3680000,0x00000000e3680000,0x00000000e3c00000)
  to   space 6144K, 0% used [0x00000000e3000000,0x00000000e3000000,0x00000000e3600000)
 ParOldGen       total 61440K, used 16230K [0x00000000a0000000, 0x00000000a3c00000, 0x00000000e0000000)
  object space 61440K, 26% used [0x00000000a0000000,0x00000000a0fd9a08,0x00000000a3c00000)
 Metaspace       used 38516K, capacity 39272K, committed 39640K, reserved 1083392K
  class space    used 5190K, capacity 5527K, committed 5632K, reserved 1048576K
Event: 71.229 GC heap after
Heap after GC invocations=19 (full 2):
 PSYoungGen      total 55296K, used 4426K [0x00000000e0000000, 0x00000000e4380000, 0x0000000100000000)
  eden space 49152K, 0% used [0x00000000e0000000,0x00000000e0000000,0x00000000e3000000)
  from space 6144K, 72% used [0x00000000e3000000,0x00000000e3452b60,0x00000000e3600000)
  to   space 6144K, 0% used [0x00000000e3d80000,0x00000000e3d80000,0x00000000e4380000)
 ParOldGen       total 61440K, used 16238K [0x00000000a0000000, 0x00000000a3c00000, 0x00000000e0000000)
  object space 61440K, 26% used [0x00000000a0000000,0x00000000a0fdba08,0x00000000a3c00000)
 Metaspace       used 38516K, capacity 39272K, committed 39640K, reserved 1083392K
  class space    used 5190K, capacity 5527K, committed 5632K, reserved 1048576K
}
Event: 75.944 GC heap before
{Heap before GC invocations=20 (full 2):
 PSYoungGen      total 55296K, used 53578K [0x00000000e0000000, 0x00000000e4380000, 0x0000000100000000)
  eden space 49152K, 100% used [0x00000000e0000000,0x00000000e3000000,0x00000000e3000000)
  from space 6144K, 72% used [0x00000000e3000000,0x00000000e3452b60,0x00000000e3600000)
  to   space 6144K, 0% used [0x00000000e3d80000,0x00000000e3d80000,0x00000000e4380000)
 ParOldGen       total 61440K, used 16238K [0x00000000a0000000, 0x00000000a3c00000, 0x00000000e0000000)
  object space 61440K, 26% used [0x00000000a0000000,0x00000000a0fdba08,0x00000000a3c00000)
 Metaspace       used 41865K, capacity 42724K, committed 43096K, reserved 1087488K
  class space    used 5589K, capacity 5917K, committed 6016K, reserved 1048576K
Event: 75.985 GC heap after
Heap after GC invocations=20 (full 2):
 PSYoungGen      total 61440K, used 6124K [0x00000000e0000000, 0x00000000e4700000, 0x0000000100000000)
  eden space 55296K, 0% used [0x00000000e0000000,0x00000000e0000000,0x00000000e3600000)
  from space 6144K, 99% used [0x00000000e3d80000,0x00000000e437b2f0,0x00000000e4380000)
  to   space 7680K, 0% used [0x00000000e3600000,0x00000000e3600000,0x00000000e3d80000)
 ParOldGen       total 61440K, used 18461K [0x00000000a0000000, 0x00000000a3c00000, 0x00000000e0000000)
  object space 61440K, 30% used [0x00000000a0000000,0x00000000a1207538,0x00000000a3c00000)
 Metaspace       used 41865K, capacity 42724K, committed 43096K, reserved 1087488K
  class space    used 5589K, capacity 5917K, committed 6016K, reserved 1048576K
}
Event: 86.515 GC heap before
{Heap before GC invocations=21 (full 2):
 PSYoungGen      total 61440K, used 61420K [0x00000000e0000000, 0x00000000e4700000, 0x0000000100000000)
  eden space 55296K, 100% used [0x00000000e0000000,0x00000000e3600000,0x00000000e3600000)
  from space 6144K, 99% used [0x00000000e3d80000,0x00000000e437b2f0,0x00000000e4380000)
  to   space 7680K, 0% used [0x00000000e3600000,0x00000000e3600000,0x00000000e3d80000)
 ParOldGen       total 61440K, used 18461K [0x00000000a0000000, 0x00000000a3c00000, 0x00000000e0000000)
  object space 61440K, 30% used [0x00000000a0000000,0x00000000a1207538,0x00000000a3c00000)
 Metaspace       used 46954K, capacity 48082K, committed 48216K, reserved 1091584K
  class space    used 6295K, capacity 6705K, committed 6784K, reserved 1048576K
Event: 86.610 GC heap after
Heap after GC invocations=21 (full 2):
 PSYoungGen      total 62976K, used 4984K [0x00000000e0000000, 0x00000000e4e80000, 0x0000000100000000)
  eden space 55296K, 0% used [0x00000000e0000000,0x00000000e0000000,0x00000000e3600000)
  from space 7680K, 64% used [0x00000000e3600000,0x00000000e3ade0f0,0x00000000e3d80000)
  to   space 7680K, 0% used [0x00000000e4700000,0x00000000e4700000,0x00000000e4e80000)
 ParOldGen       total 61440K, used 24562K [0x00000000a0000000, 0x00000000a3c00000, 0x00000000e0000000)
  object space 61440K, 39% used [0x00000000a0000000,0x00000000a17fca80,0x00000000a3c00000)
 Metaspace       used 46954K, capacity 48082K, committed 48216K, reserved 1091584K
  class space    used 6295K, capacity 6705K, committed 6784K, reserved 1048576K
}
Event: 95.611 GC heap before
{Heap before GC invocations=22 (full 2):
 PSYoungGen      total 62976K, used 60280K [0x00000000e0000000, 0x00000000e4e80000, 0x0000000100000000)
  eden space 55296K, 100% used [0x00000000e0000000,0x00000000e3600000,0x00000000e3600000)
  from space 7680K, 64% used [0x00000000e3600000,0x00000000e3ade0f0,0x00000000e3d80000)
  to   space 7680K, 0% used [0x00000000e4700000,0x00000000e4700000,0x00000000e4e80000)
 ParOldGen       total 61440K, used 24562K [0x00000000a0000000, 0x00000000a3c00000, 0x00000000e0000000)
  object space 61440K, 39% used [0x00000000a0000000,0x00000000a17fca80,0x00000000a3c00000)
 Metaspace       used 50273K, capacity 51848K, committed 52056K, reserved 1093632K
  class space    used 6759K, capacity 7242K, committed 7296K, reserved 1048576K
Event: 95.639 GC heap after
Heap after GC invocations=22 (full 2):
 PSYoungGen      total 71680K, used 7283K [0x00000000e0000000, 0x00000000e4f80000, 0x0000000100000000)
  eden space 64000K, 0% used [0x00000000e0000000,0x00000000e0000000,0x00000000e3e80000)
  from space 7680K, 94% used [0x00000000e4700000,0x00000000e4e1cfe0,0x00000000e4e80000)
  to   space 8704K, 0% used [0x00000000e3e80000,0x00000000e3e80000,0x00000000e4700000)
 ParOldGen       total 61440K, used 24570K [0x00000000a0000000, 0x00000000a3c00000, 0x00000000e0000000)
  object space 61440K, 39% used [0x00000000a0000000,0x00000000a17fea80,0x00000000a3c00000)
 Metaspace       used 50273K, capacity 51848K, committed 52056K, reserved 1093632K
  class space    used 6759K, capacity 7242K, committed 7296K, reserved 1048576K
}
Event: 98.967 GC heap before
{Heap before GC invocations=23 (full 2):
 PSYoungGen      total 71680K, used 71283K [0x00000000e0000000, 0x00000000e4f80000, 0x0000000100000000)
  eden space 64000K, 100% used [0x00000000e0000000,0x00000000e3e80000,0x00000000e3e80000)
  from space 7680K, 94% used [0x00000000e4700000,0x00000000e4e1cfe0,0x00000000e4e80000)
  to   space 8704K, 0% used [0x00000000e3e80000,0x00000000e3e80000,0x00000000e4700000)
 ParOldGen       total 61440K, used 24570K [0x00000000a0000000, 0x00000000a3c00000, 0x00000000e0000000)
  object space 61440K, 39% used [0x00000000a0000000,0x00000000a17fea80,0x00000000a3c00000)
 Metaspace       used 53247K, capacity 54930K, committed 55128K, reserved 1097728K
  class space    used 7248K, capacity 7701K, committed 7808K, reserved 1048576K
Event: 99.014 GC heap after
Heap after GC invocations=23 (full 2):
 PSYoungGen      total 72704K, used 8672K [0x00000000e0000000, 0x00000000e6000000, 0x0000000100000000)
  eden space 64000K, 0% used [0x00000000e0000000,0x00000000e0000000,0x00000000e3e80000)
  from space 8704K, 99% used [0x00000000e3e80000,0x00000000e46f8200,0x00000000e4700000)
  to   space 11264K, 0% used [0x00000000e5500000,0x00000000e5500000,0x00000000e6000000)
 ParOldGen       total 61440K, used 28419K [0x00000000a0000000, 0x00000000a3c00000, 0x00000000e0000000)
  object space 61440K, 46% used [0x00000000a0000000,0x00000000a1bc0cf0,0x00000000a3c00000)
 Metaspace       used 53247K, capacity 54930K, committed 55128K, reserved 1097728K
  class space    used 7248K, capacity 7701K, committed 7808K, reserved 1048576K
}

