# JRE version: OpenJDK Runtime Environment (8.0_152-b01) (build 1.8.0_152-release-915-b01)
# Java VM: OpenJDK 64-Bit Server VM (25.152-b01 mixed mode windows-amd64 compressed oops)
Heap:
 PSYoungGen      total 223744K, used 33759K [0x00000000e0000000, 0x00000000ef300000, 0x0000000100000000)
  eden space 211968K, 15% used [0x00000000e0000000,0x00000000e20f7e90,0x00000000ecf00000)
  from space 11776K, 0% used [0x00000000edc00000,0x00000000edc00000,0x00000000ee780000)
  to   space 13312K, 0% used [0x00000000ecf00000,0x00000000ecf00000,0x00000000edc00000)
 ParOldGen       total 45568K, used 16333K [0x00000000a0000000, 0x00000000a2c80000, 0x00000000e0000000)
  object space 45568K, 35% used [0x00000000a0000000,0x00000000a0ff3530,0x00000000a2c80000)
 Metaspace       used 39963K, capacity 40900K, committed 41304K, reserved 1085440K
  class space    used 5326K, capacity 5665K, committed 5760K, reserved 1048576K
GC Heap History (10 events):
Event: 11.273 GC heap before
{Heap before GC invocations=6 (full 1):
 PSYoungGen      total 68096K, used 2532K [0x00000000e0000000, 0x00000000e9200000, 0x0000000100000000)
  eden space 65536K, 0% used [0x00000000e0000000,0x00000000e0000000,0x00000000e4000000)
  from space 2560K, 98% used [0x00000000e4000000,0x00000000e4279030,0x00000000e4280000)
  to   space 9216K, 0% used [0x00000000e8900000,0x00000000e8900000,0x00000000e9200000)
 ParOldGen       total 44032K, used 13100K [0x00000000a0000000, 0x00000000a2b00000, 0x00000000e0000000)
  object space 44032K, 29% used [0x00000000a0000000,0x00000000a0ccb1f8,0x00000000a2b00000)
 Metaspace       used 20735K, capacity 21112K, committed 21248K, reserved 1067008K
  class space    used 2873K, capacity 3039K, committed 3072K, reserved 1048576K
Event: 11.455 GC heap after
Heap after GC invocations=6 (full 1):
 PSYoungGen      total 68096K, used 0K [0x00000000e0000000, 0x00000000e9200000, 0x0000000100000000)
  eden space 65536K, 0% used [0x00000000e0000000,0x00000000e0000000,0x00000000e4000000)
  from space 2560K, 0% used [0x00000000e4000000,0x00000000e4000000,0x00000000e4280000)
  to   space 9216K, 0% used [0x00000000e8900000,0x00000000e8900000,0x00000000e9200000)
 ParOldGen       total 36352K, used 10299K [0x00000000a0000000, 0x00000000a2380000, 0x00000000e0000000)
  object space 36352K, 28% used [0x00000000a0000000,0x00000000a0a0edc8,0x00000000a2380000)
 Metaspace       used 20735K, capacity 21112K, committed 21248K, reserved 1067008K
  class space    used 2873K, capacity 3039K, committed 3072K, reserved 1048576K
}
Event: 15.521 GC heap before
{Heap before GC invocations=7 (full 1):
 PSYoungGen      total 68096K, used 65147K [0x00000000e0000000, 0x00000000e9200000, 0x0000000100000000)
  eden space 65536K, 99% used [0x00000000e0000000,0x00000000e3f9eda8,0x00000000e4000000)
  from space 2560K, 0% used [0x00000000e4000000,0x00000000e4000000,0x00000000e4280000)
  to   space 9216K, 0% used [0x00000000e8900000,0x00000000e8900000,0x00000000e9200000)
 ParOldGen       total 36352K, used 10299K [0x00000000a0000000, 0x00000000a2380000, 0x00000000e0000000)
  object space 36352K, 28% used [0x00000000a0000000,0x00000000a0a0edc8,0x00000000a2380000)
 Metaspace       used 25620K, capacity 26042K, committed 26368K, reserved 1071104K
  class space    used 3532K, capacity 3714K, committed 3840K, reserved 1048576K
Event: 15.580 GC heap after
Heap after GC invocations=7 (full 1):
 PSYoungGen      total 126976K, used 6727K [0x00000000e0000000, 0x00000000e9000000, 0x0000000100000000)
  eden space 119808K, 0% used [0x00000000e0000000,0x00000000e0000000,0x00000000e7500000)
  from space 7168K, 93% used [0x00000000e8900000,0x00000000e8f91c28,0x00000000e9000000)
  to   space 9728K, 0% used [0x00000000e7d00000,0x00000000e7d00000,0x00000000e8680000)
 ParOldGen       total 36352K, used 10299K [0x00000000a0000000, 0x00000000a2380000, 0x00000000e0000000)
  object space 36352K, 28% used [0x00000000a0000000,0x00000000a0a0edc8,0x00000000a2380000)
 Metaspace       used 25620K, capacity 26042K, committed 26368K, reserved 1071104K
  class space    used 3532K, capacity 3714K, committed 3840K, reserved 1048576K
}
Event: 26.000 GC heap before
{Heap before GC invocations=8 (full 1):
 PSYoungGen      total 126976K, used 126287K [0x00000000e0000000, 0x00000000e9000000, 0x0000000100000000)
  eden space 119808K, 99% used [0x00000000e0000000,0x00000000e74c2200,0x00000000e7500000)
  from space 7168K, 93% used [0x00000000e8900000,0x00000000e8f91c28,0x00000000e9000000)
  to   space 9728K, 0% used [0x00000000e7d00000,0x00000000e7d00000,0x00000000e8680000)
 ParOldGen       total 36352K, used 10299K [0x00000000a0000000, 0x00000000a2380000, 0x00000000e0000000)
  object space 36352K, 28% used [0x00000000a0000000,0x00000000a0a0edc8,0x00000000a2380000)
 Metaspace       used 32138K, capacity 32776K, committed 32896K, reserved 1077248K
  class space    used 4388K, capacity 4657K, committed 4736K, reserved 1048576K
Event: 26.035 GC heap after
Heap after GC invocations=8 (full 1):
 PSYoungGen      total 137728K, used 9705K [0x00000000e0000000, 0x00000000ee780000, 0x0000000100000000)
  eden space 128000K, 0% used [0x00000000e0000000,0x00000000e0000000,0x00000000e7d00000)
  from space 9728K, 99% used [0x00000000e7d00000,0x00000000e867a470,0x00000000e8680000)
  to   space 11776K, 0% used [0x00000000edc00000,0x00000000edc00000,0x00000000ee780000)
 ParOldGen       total 36352K, used 11721K [0x00000000a0000000, 0x00000000a2380000, 0x00000000e0000000)
  object space 36352K, 32% used [0x00000000a0000000,0x00000000a0b72498,0x00000000a2380000)
 Metaspace       used 32138K, capacity 32776K, committed 32896K, reserved 1077248K
  class space    used 4388K, capacity 4657K, committed 4736K, reserved 1048576K
}
Event: 32.121 GC heap before
{Heap before GC invocations=9 (full 1):
 PSYoungGen      total 137728K, used 30426K [0x00000000e0000000, 0x00000000ee780000, 0x0000000100000000)
  eden space 128000K, 16% used [0x00000000e0000000,0x00000000e143c628,0x00000000e7d00000)
  from space 9728K, 99% used [0x00000000e7d00000,0x00000000e867a470,0x00000000e8680000)
  to   space 11776K, 0% used [0x00000000edc00000,0x00000000edc00000,0x00000000ee780000)
 ParOldGen       total 36352K, used 11721K [0x00000000a0000000, 0x00000000a2380000, 0x00000000e0000000)
  object space 36352K, 32% used [0x00000000a0000000,0x00000000a0b72498,0x00000000a2380000)
 Metaspace       used 34671K, capacity 35316K, committed 35416K, reserved 1079296K
  class space    used 4661K, capacity 4947K, committed 4992K, reserved 1048576K
Event: 32.181 GC heap after
Heap after GC invocations=9 (full 1):
 PSYoungGen      total 223744K, used 10226K [0x00000000e0000000, 0x00000000ef300000, 0x0000000100000000)
  eden space 211968K, 0% used [0x00000000e0000000,0x00000000e0000000,0x00000000ecf00000)
  from space 11776K, 86% used [0x00000000edc00000,0x00000000ee5fc9e0,0x00000000ee780000)
  to   space 13312K, 0% used [0x00000000ecf00000,0x00000000ecf00000,0x00000000edc00000)
 ParOldGen       total 36352K, used 11721K [0x00000000a0000000, 0x00000000a2380000, 0x00000000e0000000)
  object space 36352K, 32% used [0x00000000a0000000,0x00000000a0b72498,0x00000000a2380000)
 Metaspace       used 34671K, capacity 35316K, committed 35416K, reserved 1079296K
  class space    used 4661K, capacity 4947K, committed 4992K, reserved 1048576K
}
Event: 32.181 GC heap before
{Heap before GC invocations=10 (full 2):
 PSYoungGen      total 223744K, used 10226K [0x00000000e0000000, 0x00000000ef300000, 0x0000000100000000)
  eden space 211968K, 0% used [0x00000000e0000000,0x00000000e0000000,0x00000000ecf00000)
  from space 11776K, 86% used [0x00000000edc00000,0x00000000ee5fc9e0,0x00000000ee780000)
  to   space 13312K, 0% used [0x00000000ecf00000,0x00000000ecf00000,0x00000000edc00000)
 ParOldGen       total 36352K, used 11721K [0x00000000a0000000, 0x00000000a2380000, 0x00000000e0000000)
  object space 36352K, 32% used [0x00000000a0000000,0x00000000a0b72498,0x00000000a2380000)
 Metaspace       used 34671K, capacity 35316K, committed 35416K, reserved 1079296K
  class space    used 4661K, capacity 4947K, committed 4992K, reserved 1048576K
Event: 32.387 GC heap after
Heap after GC invocations=10 (full 2):
 PSYoungGen      total 223744K, used 0K [0x00000000e0000000, 0x00000000ef300000, 0x0000000100000000)
  eden space 211968K, 0% used [0x00000000e0000000,0x00000000e0000000,0x00000000ecf00000)
  from space 11776K, 0% used [0x00000000edc00000,0x00000000edc00000,0x00000000ee780000)
  to   space 13312K, 0% used [0x00000000ecf00000,0x00000000ecf00000,0x00000000edc00000)
 ParOldGen       total 45568K, used 16333K [0x00000000a0000000, 0x00000000a2c80000, 0x00000000e0000000)
  object space 45568K, 35% used [0x00000000a0000000,0x00000000a0ff3530,0x00000000a2c80000)
 Metaspace       used 34671K, capacity 35316K, committed 35416K, reserved 1079296K
  class space    used 4661K, capacity 4947K, committed 4992K, reserved 1048576K
}

