# JRE version: OpenJDK Runtime Environment (8.0_152-b01) (build 1.8.0_152-release-915-b01)
# Java VM: OpenJDK 64-Bit Server VM (25.152-b01 mixed mode windows-amd64 compressed oops)
Heap:
 PSYoungGen      total 151552K, used 23030K [0x00000000e0000000, 0x00000000ec480000, 0x0000000100000000)
  eden space 140288K, 16% used [0x00000000e0000000,0x00000000e167da00,0x00000000e8900000)
  from space 11264K, 0% used [0x00000000e9480000,0x00000000e9480000,0x00000000e9f80000)
  to   space 11776K, 0% used [0x00000000e8900000,0x00000000e8900000,0x00000000e9480000)
 ParOldGen       total 59392K, used 15655K [0x00000000a0000000, 0x00000000a3a00000, 0x00000000e0000000)
  object space 59392K, 26% used [0x00000000a0000000,0x00000000a0f49fb8,0x00000000a3a00000)
 Metaspace       used 37112K, capacity 37696K, committed 37976K, reserved 1081344K
  class space    used 4995K, capacity 5246K, committed 5248K, reserved 1048576K
GC Heap History (10 events):
Event: 6.530 GC heap before
{Heap before GC invocations=6 (full 1):
 PSYoungGen      total 68096K, used 2528K [0x00000000e0000000, 0x00000000e9200000, 0x0000000100000000)
  eden space 65536K, 0% used [0x00000000e0000000,0x00000000e0000000,0x00000000e4000000)
  from space 2560K, 98% used [0x00000000e4000000,0x00000000e4278010,0x00000000e4280000)
  to   space 9216K, 0% used [0x00000000e8900000,0x00000000e8900000,0x00000000e9200000)
 ParOldGen       total 44032K, used 12895K [0x00000000a0000000, 0x00000000a2b00000, 0x00000000e0000000)
  object space 44032K, 29% used [0x00000000a0000000,0x00000000a0c97c48,0x00000000a2b00000)
 Metaspace       used 20709K, capacity 21104K, committed 21248K, reserved 1067008K
  class space    used 2854K, capacity 3021K, committed 3072K, reserved 1048576K
Event: 6.723 GC heap after
Heap after GC invocations=6 (full 1):
 PSYoungGen      total 68096K, used 0K [0x00000000e0000000, 0x00000000e9200000, 0x0000000100000000)
  eden space 65536K, 0% used [0x00000000e0000000,0x00000000e0000000,0x00000000e4000000)
  from space 2560K, 0% used [0x00000000e4000000,0x00000000e4000000,0x00000000e4280000)
  to   space 9216K, 0% used [0x00000000e8900000,0x00000000e8900000,0x00000000e9200000)
 ParOldGen       total 43008K, used 12241K [0x00000000a0000000, 0x00000000a2a00000, 0x00000000e0000000)
  object space 43008K, 28% used [0x00000000a0000000,0x00000000a0bf4508,0x00000000a2a00000)
 Metaspace       used 20709K, capacity 21104K, committed 21248K, reserved 1067008K
  class space    used 2854K, capacity 3021K, committed 3072K, reserved 1048576K
}
Event: 9.268 GC heap before
{Heap before GC invocations=7 (full 1):
 PSYoungGen      total 68096K, used 65536K [0x00000000e0000000, 0x00000000e9200000, 0x0000000100000000)
  eden space 65536K, 100% used [0x00000000e0000000,0x00000000e4000000,0x00000000e4000000)
  from space 2560K, 0% used [0x00000000e4000000,0x00000000e4000000,0x00000000e4280000)
  to   space 9216K, 0% used [0x00000000e8900000,0x00000000e8900000,0x00000000e9200000)
 ParOldGen       total 43008K, used 12241K [0x00000000a0000000, 0x00000000a2a00000, 0x00000000e0000000)
  object space 43008K, 28% used [0x00000000a0000000,0x00000000a0bf4508,0x00000000a2a00000)
 Metaspace       used 25678K, capacity 26132K, committed 26240K, reserved 1071104K
  class space    used 3508K, capacity 3684K, committed 3712K, reserved 1048576K
Event: 9.300 GC heap after
Heap after GC invocations=7 (full 1):
 PSYoungGen      total 105472K, used 7167K [0x00000000e0000000, 0x00000000e9000000, 0x0000000100000000)
  eden space 98304K, 0% used [0x00000000e0000000,0x00000000e0000000,0x00000000e6000000)
  from space 7168K, 99% used [0x00000000e8900000,0x00000000e8fffc58,0x00000000e9000000)
  to   space 9728K, 0% used [0x00000000e7d00000,0x00000000e7d00000,0x00000000e8680000)
 ParOldGen       total 43008K, used 12241K [0x00000000a0000000, 0x00000000a2a00000, 0x00000000e0000000)
  object space 43008K, 28% used [0x00000000a0000000,0x00000000a0bf4508,0x00000000a2a00000)
 Metaspace       used 25678K, capacity 26132K, committed 26240K, reserved 1071104K
  class space    used 3508K, capacity 3684K, committed 3712K, reserved 1048576K
}
Event: 18.836 GC heap before
{Heap before GC invocations=8 (full 1):
 PSYoungGen      total 105472K, used 105471K [0x00000000e0000000, 0x00000000e9000000, 0x0000000100000000)
  eden space 98304K, 100% used [0x00000000e0000000,0x00000000e6000000,0x00000000e6000000)
  from space 7168K, 99% used [0x00000000e8900000,0x00000000e8fffc58,0x00000000e9000000)
  to   space 9728K, 0% used [0x00000000e7d00000,0x00000000e7d00000,0x00000000e8680000)
 ParOldGen       total 43008K, used 12241K [0x00000000a0000000, 0x00000000a2a00000, 0x00000000e0000000)
  object space 43008K, 28% used [0x00000000a0000000,0x00000000a0bf4508,0x00000000a2a00000)
 Metaspace       used 30891K, capacity 31408K, committed 31616K, reserved 1077248K
  class space    used 4196K, capacity 4375K, committed 4480K, reserved 1048576K
Event: 18.864 GC heap after
Heap after GC invocations=8 (full 1):
 PSYoungGen      total 137728K, used 8940K [0x00000000e0000000, 0x00000000e9f80000, 0x0000000100000000)
  eden space 128000K, 0% used [0x00000000e0000000,0x00000000e0000000,0x00000000e7d00000)
  from space 9728K, 91% used [0x00000000e7d00000,0x00000000e85bb278,0x00000000e8680000)
  to   space 11264K, 0% used [0x00000000e9480000,0x00000000e9480000,0x00000000e9f80000)
 ParOldGen       total 43008K, used 12249K [0x00000000a0000000, 0x00000000a2a00000, 0x00000000e0000000)
  object space 43008K, 28% used [0x00000000a0000000,0x00000000a0bf6508,0x00000000a2a00000)
 Metaspace       used 30891K, capacity 31408K, committed 31616K, reserved 1077248K
  class space    used 4196K, capacity 4375K, committed 4480K, reserved 1048576K
}
Event: 22.970 GC heap before
{Heap before GC invocations=9 (full 1):
 PSYoungGen      total 137728K, used 34193K [0x00000000e0000000, 0x00000000e9f80000, 0x0000000100000000)
  eden space 128000K, 19% used [0x00000000e0000000,0x00000000e18a92a0,0x00000000e7d00000)
  from space 9728K, 91% used [0x00000000e7d00000,0x00000000e85bb278,0x00000000e8680000)
  to   space 11264K, 0% used [0x00000000e9480000,0x00000000e9480000,0x00000000e9f80000)
 ParOldGen       total 43008K, used 12249K [0x00000000a0000000, 0x00000000a2a00000, 0x00000000e0000000)
  object space 43008K, 28% used [0x00000000a0000000,0x00000000a0bf6508,0x00000000a2a00000)
 Metaspace       used 34697K, capacity 35264K, committed 35416K, reserved 1079296K
  class space    used 4699K, capacity 4946K, committed 4992K, reserved 1048576K
Event: 22.999 GC heap after
Heap after GC invocations=9 (full 1):
 PSYoungGen      total 151552K, used 9283K [0x00000000e0000000, 0x00000000ec480000, 0x0000000100000000)
  eden space 140288K, 0% used [0x00000000e0000000,0x00000000e0000000,0x00000000e8900000)
  from space 11264K, 82% used [0x00000000e9480000,0x00000000e9d90c98,0x00000000e9f80000)
  to   space 11776K, 0% used [0x00000000e8900000,0x00000000e8900000,0x00000000e9480000)
 ParOldGen       total 43008K, used 12257K [0x00000000a0000000, 0x00000000a2a00000, 0x00000000e0000000)
  object space 43008K, 28% used [0x00000000a0000000,0x00000000a0bf8508,0x00000000a2a00000)
 Metaspace       used 34697K, capacity 35264K, committed 35416K, reserved 1079296K
  class space    used 4699K, capacity 4946K, committed 4992K, reserved 1048576K
}
Event: 22.999 GC heap before
{Heap before GC invocations=10 (full 2):
 PSYoungGen      total 151552K, used 9283K [0x00000000e0000000, 0x00000000ec480000, 0x0000000100000000)
  eden space 140288K, 0% used [0x00000000e0000000,0x00000000e0000000,0x00000000e8900000)
  from space 11264K, 82% used [0x00000000e9480000,0x00000000e9d90c98,0x00000000e9f80000)
  to   space 11776K, 0% used [0x00000000e8900000,0x00000000e8900000,0x00000000e9480000)
 ParOldGen       total 43008K, used 12257K [0x00000000a0000000, 0x00000000a2a00000, 0x00000000e0000000)
  object space 43008K, 28% used [0x00000000a0000000,0x00000000a0bf8508,0x00000000a2a00000)
 Metaspace       used 34697K, capacity 35264K, committed 35416K, reserved 1079296K
  class space    used 4699K, capacity 4946K, committed 4992K, reserved 1048576K
Event: 23.233 GC heap after
Heap after GC invocations=10 (full 2):
 PSYoungGen      total 151552K, used 0K [0x00000000e0000000, 0x00000000ec480000, 0x0000000100000000)
  eden space 140288K, 0% used [0x00000000e0000000,0x00000000e0000000,0x00000000e8900000)
  from space 11264K, 0% used [0x00000000e9480000,0x00000000e9480000,0x00000000e9f80000)
  to   space 11776K, 0% used [0x00000000e8900000,0x00000000e8900000,0x00000000e9480000)
 ParOldGen       total 59392K, used 15655K [0x00000000a0000000, 0x00000000a3a00000, 0x00000000e0000000)
  object space 59392K, 26% used [0x00000000a0000000,0x00000000a0f49fb8,0x00000000a3a00000)
 Metaspace       used 34697K, capacity 35264K, committed 35416K, reserved 1079296K
  class space    used 4699K, capacity 4946K, committed 4992K, reserved 1048576K
}

