# JRE version: OpenJDK Runtime Environment (8.0_152-b01) (build 1.8.0_152-release-915-b01)
# Java VM: OpenJDK 64-Bit Server VM (25.152-b01 mixed mode windows-amd64 compressed oops)
Heap:
 PSYoungGen      total 173568K, used 39940K [0x00000000e0000000, 0x00000000efd00000, 0x0000000100000000)
  eden space 151552K, 26% used [0x00000000e0000000,0x00000000e2701100,0x00000000e9400000)
  from space 22016K, 0% used [0x00000000e9400000,0x00000000e9400000,0x00000000ea980000)
  to   space 22016K, 0% used [0x00000000ee780000,0x00000000ee780000,0x00000000efd00000)
 ParOldGen       total 54272K, used 36749K [0x00000000a0000000, 0x00000000a3500000, 0x00000000e0000000)
  object space 54272K, 67% used [0x00000000a0000000,0x00000000a23e3488,0x00000000a3500000)
 Metaspace       used 59532K, capacity 61264K, committed 61528K, reserved 1101824K
  class space    used 7866K, capacity 8275K, committed 8320K, reserved 1048576K
GC Heap History (10 events):
Event: 65.583 GC heap before
{Heap before GC invocations=12 (full 2):
 PSYoungGen      total 109056K, used 99328K [0x00000000e0000000, 0x00000000e9080000, 0x0000000100000000)
  eden space 99328K, 100% used [0x00000000e0000000,0x00000000e6100000,0x00000000e6100000)
  from space 9728K, 0% used [0x00000000e6100000,0x00000000e6100000,0x00000000e6a80000)
  to   space 11264K, 0% used [0x00000000e8580000,0x00000000e8580000,0x00000000e9080000)
 ParOldGen       total 54272K, used 15796K [0x00000000a0000000, 0x00000000a3500000, 0x00000000e0000000)
  object space 54272K, 29% used [0x00000000a0000000,0x00000000a0f6d008,0x00000000a3500000)
 Metaspace       used 41095K, capacity 41808K, committed 42072K, reserved 1085440K
  class space    used 5463K, capacity 5705K, committed 5760K, reserved 1048576K
Event: 65.620 GC heap after
Heap after GC invocations=12 (full 2):
 PSYoungGen      total 135168K, used 10925K [0x00000000e0000000, 0x00000000e9700000, 0x0000000100000000)
  eden space 123904K, 0% used [0x00000000e0000000,0x00000000e0000000,0x00000000e7900000)
  from space 11264K, 96% used [0x00000000e8580000,0x00000000e902b440,0x00000000e9080000)
  to   space 12800K, 0% used [0x00000000e7900000,0x00000000e7900000,0x00000000e8580000)
 ParOldGen       total 54272K, used 15804K [0x00000000a0000000, 0x00000000a3500000, 0x00000000e0000000)
  object space 54272K, 29% used [0x00000000a0000000,0x00000000a0f6f008,0x00000000a3500000)
 Metaspace       used 41095K, capacity 41808K, committed 42072K, reserved 1085440K
  class space    used 5463K, capacity 5705K, committed 5760K, reserved 1048576K
}
Event: 79.693 GC heap before
{Heap before GC invocations=13 (full 2):
 PSYoungGen      total 135168K, used 134829K [0x00000000e0000000, 0x00000000e9700000, 0x0000000100000000)
  eden space 123904K, 100% used [0x00000000e0000000,0x00000000e7900000,0x00000000e7900000)
  from space 11264K, 96% used [0x00000000e8580000,0x00000000e902b440,0x00000000e9080000)
  to   space 12800K, 0% used [0x00000000e7900000,0x00000000e7900000,0x00000000e8580000)
 ParOldGen       total 54272K, used 15804K [0x00000000a0000000, 0x00000000a3500000, 0x00000000e0000000)
  object space 54272K, 29% used [0x00000000a0000000,0x00000000a0f6f008,0x00000000a3500000)
 Metaspace       used 50309K, capacity 51688K, committed 51928K, reserved 1093632K
  class space    used 6769K, capacity 7159K, committed 7168K, reserved 1048576K
Event: 79.738 GC heap after
Heap after GC invocations=13 (full 2):
 PSYoungGen      total 136704K, used 12773K [0x00000000e0000000, 0x00000000eb900000, 0x0000000100000000)
  eden space 123904K, 0% used [0x00000000e0000000,0x00000000e0000000,0x00000000e7900000)
  from space 12800K, 99% used [0x00000000e7900000,0x00000000e85797d8,0x00000000e8580000)
  to   space 15872K, 0% used [0x00000000ea980000,0x00000000ea980000,0x00000000eb900000)
 ParOldGen       total 54272K, used 19754K [0x00000000a0000000, 0x00000000a3500000, 0x00000000e0000000)
  object space 54272K, 36% used [0x00000000a0000000,0x00000000a134a9c0,0x00000000a3500000)
 Metaspace       used 50309K, capacity 51688K, committed 51928K, reserved 1093632K
  class space    used 6769K, capacity 7159K, committed 7168K, reserved 1048576K
}
Event: 97.853 GC heap before
{Heap before GC invocations=14 (full 2):
 PSYoungGen      total 136704K, used 136677K [0x00000000e0000000, 0x00000000eb900000, 0x0000000100000000)
  eden space 123904K, 100% used [0x00000000e0000000,0x00000000e7900000,0x00000000e7900000)
  from space 12800K, 99% used [0x00000000e7900000,0x00000000e85797d8,0x00000000e8580000)
  to   space 15872K, 0% used [0x00000000ea980000,0x00000000ea980000,0x00000000eb900000)
 ParOldGen       total 54272K, used 19754K [0x00000000a0000000, 0x00000000a3500000, 0x00000000e0000000)
  object space 54272K, 36% used [0x00000000a0000000,0x00000000a134a9c0,0x00000000a3500000)
 Metaspace       used 56965K, capacity 58674K, committed 58968K, reserved 1099776K
  class space    used 7600K, capacity 8028K, committed 8064K, reserved 1048576K
Event: 97.930 GC heap after
Heap after GC invocations=14 (full 2):
 PSYoungGen      total 167424K, used 15852K [0x00000000e0000000, 0x00000000ec280000, 0x0000000100000000)
  eden space 151552K, 0% used [0x00000000e0000000,0x00000000e0000000,0x00000000e9400000)
  from space 15872K, 99% used [0x00000000ea980000,0x00000000eb8fb2a0,0x00000000eb900000)
  to   space 22016K, 0% used [0x00000000e9400000,0x00000000e9400000,0x00000000ea980000)
 ParOldGen       total 54272K, used 30152K [0x00000000a0000000, 0x00000000a3500000, 0x00000000e0000000)
  object space 54272K, 55% used [0x00000000a0000000,0x00000000a1d72088,0x00000000a3500000)
 Metaspace       used 56965K, capacity 58674K, committed 58968K, reserved 1099776K
  class space    used 7600K, capacity 8028K, committed 8064K, reserved 1048576K
}
Event: 98.659 GC heap before
{Heap before GC invocations=15 (full 2):
 PSYoungGen      total 167424K, used 27313K [0x00000000e0000000, 0x00000000ec280000, 0x0000000100000000)
  eden space 151552K, 7% used [0x00000000e0000000,0x00000000e0b311f8,0x00000000e9400000)
  from space 15872K, 99% used [0x00000000ea980000,0x00000000eb8fb2a0,0x00000000eb900000)
  to   space 22016K, 0% used [0x00000000e9400000,0x00000000e9400000,0x00000000ea980000)
 ParOldGen       total 54272K, used 30152K [0x00000000a0000000, 0x00000000a3500000, 0x00000000e0000000)
  object space 54272K, 55% used [0x00000000a0000000,0x00000000a1d72088,0x00000000a3500000)
 Metaspace       used 57168K, capacity 58866K, committed 58968K, reserved 1099776K
  class space    used 7618K, capacity 8028K, committed 8064K, reserved 1048576K
Event: 98.714 GC heap after
Heap after GC invocations=15 (full 2):
 PSYoungGen      total 173568K, used 1746K [0x00000000e0000000, 0x00000000efd00000, 0x0000000100000000)
  eden space 151552K, 0% used [0x00000000e0000000,0x00000000e0000000,0x00000000e9400000)
  from space 22016K, 7% used [0x00000000e9400000,0x00000000e95b4bd0,0x00000000ea980000)
  to   space 22016K, 0% used [0x00000000ee780000,0x00000000ee780000,0x00000000efd00000)
 ParOldGen       total 54272K, used 45885K [0x00000000a0000000, 0x00000000a3500000, 0x00000000e0000000)
  object space 54272K, 84% used [0x00000000a0000000,0x00000000a2ccf6e8,0x00000000a3500000)
 Metaspace       used 57168K, capacity 58866K, committed 58968K, reserved 1099776K
  class space    used 7618K, capacity 8028K, committed 8064K, reserved 1048576K
}
Event: 98.714 GC heap before
{Heap before GC invocations=16 (full 3):
 PSYoungGen      total 173568K, used 1746K [0x00000000e0000000, 0x00000000efd00000, 0x0000000100000000)
  eden space 151552K, 0% used [0x00000000e0000000,0x00000000e0000000,0x00000000e9400000)
  from space 22016K, 7% used [0x00000000e9400000,0x00000000e95b4bd0,0x00000000ea980000)
  to   space 22016K, 0% used [0x00000000ee780000,0x00000000ee780000,0x00000000efd00000)
 ParOldGen       total 54272K, used 45885K [0x00000000a0000000, 0x00000000a3500000, 0x00000000e0000000)
  object space 54272K, 84% used [0x00000000a0000000,0x00000000a2ccf6e8,0x00000000a3500000)
 Metaspace       used 57168K, capacity 58866K, committed 58968K, reserved 1099776K
  class space    used 7618K, capacity 8028K, committed 8064K, reserved 1048576K
Event: 99.173 GC heap after
Heap after GC invocations=16 (full 3):
 PSYoungGen      total 173568K, used 0K [0x00000000e0000000, 0x00000000efd00000, 0x0000000100000000)
  eden space 151552K, 0% used [0x00000000e0000000,0x00000000e0000000,0x00000000e9400000)
  from space 22016K, 0% used [0x00000000e9400000,0x00000000e9400000,0x00000000ea980000)
  to   space 22016K, 0% used [0x00000000ee780000,0x00000000ee780000,0x00000000efd00000)
 ParOldGen       total 54272K, used 36749K [0x00000000a0000000, 0x00000000a3500000, 0x00000000e0000000)
  object space 54272K, 67% used [0x00000000a0000000,0x00000000a23e3488,0x00000000a3500000)
 Metaspace       used 57168K, capacity 58866K, committed 58968K, reserved 1099776K
  class space    used 7618K, capacity 8028K, committed 8064K, reserved 1048576K
}

