# JRE version: OpenJDK Runtime Environment (8.0_152-b02) (build 1.8.0_152-release-1024-b02)
# Java VM: OpenJDK 64-Bit Server VM (25.152-b02 mixed mode windows-amd64 compressed oops)
Heap:
 PSYoungGen      total 215040K, used 100558K [0x00000000e0000000, 0x00000000f3d80000, 0x0000000100000000)
  eden space 197120K, 51% used [0x00000000e0000000,0x00000000e6233a00,0x00000000ec080000)
  from space 17920K, 0% used [0x00000000ec080000,0x00000000ec080000,0x00000000ed200000)
  to   space 23552K, 0% used [0x00000000f2680000,0x00000000f2680000,0x00000000f3d80000)
 ParOldGen       total 52736K, used 40537K [0x00000000a0000000, 0x00000000a3380000, 0x00000000e0000000)
  object space 52736K, 76% used [0x00000000a0000000,0x00000000a2796418,0x00000000a3380000)
 Metaspace       used 58428K, capacity 60192K, committed 60416K, reserved 1101824K
  class space    used 7950K, capacity 8419K, committed 8448K, reserved 1048576K
GC Heap History (10 events):
Event: 62.498 GC heap before
{Heap before GC invocations=8 (full 1):
 PSYoungGen      total 124416K, used 109161K [0x00000000e0000000, 0x00000000e9280000, 0x0000000100000000)
  eden space 116224K, 87% used [0x00000000e0000000,0x00000000e62f3628,0x00000000e7180000)
  from space 8192K, 95% used [0x00000000e8a80000,0x00000000e92270f0,0x00000000e9280000)
  to   space 11264K, 0% used [0x00000000e7c80000,0x00000000e7c80000,0x00000000e8780000)
 ParOldGen       total 41984K, used 14004K [0x00000000a0000000, 0x00000000a2900000, 0x00000000e0000000)
  object space 41984K, 33% used [0x00000000a0000000,0x00000000a0dad310,0x00000000a2900000)
 Metaspace       used 34429K, capacity 35228K, committed 35416K, reserved 1079296K
  class space    used 4703K, capacity 4998K, committed 5120K, reserved 1048576K
Event: 62.542 GC heap after
Heap after GC invocations=8 (full 1):
 PSYoungGen      total 138752K, used 11245K [0x00000000e0000000, 0x00000000ee080000, 0x0000000100000000)
  eden space 127488K, 0% used [0x00000000e0000000,0x00000000e0000000,0x00000000e7c80000)
  from space 11264K, 99% used [0x00000000e7c80000,0x00000000e877b620,0x00000000e8780000)
  to   space 14848K, 0% used [0x00000000ed200000,0x00000000ed200000,0x00000000ee080000)
 ParOldGen       total 41984K, used 17438K [0x00000000a0000000, 0x00000000a2900000, 0x00000000e0000000)
  object space 41984K, 41% used [0x00000000a0000000,0x00000000a11079d8,0x00000000a2900000)
 Metaspace       used 34429K, capacity 35228K, committed 35416K, reserved 1079296K
  class space    used 4703K, capacity 4998K, committed 5120K, reserved 1048576K
}
Event: 62.542 GC heap before
{Heap before GC invocations=9 (full 2):
 PSYoungGen      total 138752K, used 11245K [0x00000000e0000000, 0x00000000ee080000, 0x0000000100000000)
  eden space 127488K, 0% used [0x00000000e0000000,0x00000000e0000000,0x00000000e7c80000)
  from space 11264K, 99% used [0x00000000e7c80000,0x00000000e877b620,0x00000000e8780000)
  to   space 14848K, 0% used [0x00000000ed200000,0x00000000ed200000,0x00000000ee080000)
 ParOldGen       total 41984K, used 17438K [0x00000000a0000000, 0x00000000a2900000, 0x00000000e0000000)
  object space 41984K, 41% used [0x00000000a0000000,0x00000000a11079d8,0x00000000a2900000)
 Metaspace       used 34429K, capacity 35228K, committed 35416K, reserved 1079296K
  class space    used 4703K, capacity 4998K, committed 5120K, reserved 1048576K
Event: 62.749 GC heap after
Heap after GC invocations=9 (full 2):
 PSYoungGen      total 138752K, used 0K [0x00000000e0000000, 0x00000000ee080000, 0x0000000100000000)
  eden space 127488K, 0% used [0x00000000e0000000,0x00000000e0000000,0x00000000e7c80000)
  from space 11264K, 0% used [0x00000000e7c80000,0x00000000e7c80000,0x00000000e8780000)
  to   space 14848K, 0% used [0x00000000ed200000,0x00000000ed200000,0x00000000ee080000)
 ParOldGen       total 52736K, used 20647K [0x00000000a0000000, 0x00000000a3380000, 0x00000000e0000000)
  object space 52736K, 39% used [0x00000000a0000000,0x00000000a1429ca8,0x00000000a3380000)
 Metaspace       used 34378K, capacity 35096K, committed 35416K, reserved 1079296K
  class space    used 4690K, capacity 4954K, committed 5120K, reserved 1048576K
}
Event: 72.372 GC heap before
{Heap before GC invocations=10 (full 2):
 PSYoungGen      total 138752K, used 127488K [0x00000000e0000000, 0x00000000ee080000, 0x0000000100000000)
  eden space 127488K, 100% used [0x00000000e0000000,0x00000000e7c80000,0x00000000e7c80000)
  from space 11264K, 0% used [0x00000000e7c80000,0x00000000e7c80000,0x00000000e8780000)
  to   space 14848K, 0% used [0x00000000ed200000,0x00000000ed200000,0x00000000ee080000)
 ParOldGen       total 52736K, used 20647K [0x00000000a0000000, 0x00000000a3380000, 0x00000000e0000000)
  object space 52736K, 39% used [0x00000000a0000000,0x00000000a1429ca8,0x00000000a3380000)
 Metaspace       used 45132K, capacity 46190K, committed 46336K, reserved 1089536K
  class space    used 6077K, capacity 6399K, committed 6400K, reserved 1048576K
Event: 72.414 GC heap after
Heap after GC invocations=10 (full 2):
 PSYoungGen      total 211968K, used 14841K [0x00000000e0000000, 0x00000000ef980000, 0x0000000100000000)
  eden space 197120K, 0% used [0x00000000e0000000,0x00000000e0000000,0x00000000ec080000)
  from space 14848K, 99% used [0x00000000ed200000,0x00000000ee07e518,0x00000000ee080000)
  to   space 17920K, 0% used [0x00000000ec080000,0x00000000ec080000,0x00000000ed200000)
 ParOldGen       total 52736K, used 20975K [0x00000000a0000000, 0x00000000a3380000, 0x00000000e0000000)
  object space 52736K, 39% used [0x00000000a0000000,0x00000000a147bcf8,0x00000000a3380000)
 Metaspace       used 45132K, capacity 46190K, committed 46336K, reserved 1089536K
  class space    used 6077K, capacity 6399K, committed 6400K, reserved 1048576K
}
Event: 89.103 GC heap before
{Heap before GC invocations=11 (full 2):
 PSYoungGen      total 211968K, used 188150K [0x00000000e0000000, 0x00000000ef980000, 0x0000000100000000)
  eden space 197120K, 87% used [0x00000000e0000000,0x00000000ea93f448,0x00000000ec080000)
  from space 14848K, 99% used [0x00000000ed200000,0x00000000ee07e518,0x00000000ee080000)
  to   space 17920K, 0% used [0x00000000ec080000,0x00000000ec080000,0x00000000ed200000)
 ParOldGen       total 52736K, used 20975K [0x00000000a0000000, 0x00000000a3380000, 0x00000000e0000000)
  object space 52736K, 39% used [0x00000000a0000000,0x00000000a147bcf8,0x00000000a3380000)
 Metaspace       used 57181K, capacity 58940K, committed 59028K, reserved 1099776K
  class space    used 7783K, capacity 8233K, committed 8320K, reserved 1048576K
Event: 89.198 GC heap after
Heap after GC invocations=11 (full 2):
 PSYoungGen      total 215040K, used 17900K [0x00000000e0000000, 0x00000000f3d80000, 0x0000000100000000)
  eden space 197120K, 0% used [0x00000000e0000000,0x00000000e0000000,0x00000000ec080000)
  from space 17920K, 99% used [0x00000000ec080000,0x00000000ed1fb338,0x00000000ed200000)
  to   space 23552K, 0% used [0x00000000f2680000,0x00000000f2680000,0x00000000f3d80000)
 ParOldGen       total 52736K, used 28385K [0x00000000a0000000, 0x00000000a3380000, 0x00000000e0000000)
  object space 52736K, 53% used [0x00000000a0000000,0x00000000a1bb87c8,0x00000000a3380000)
 Metaspace       used 57181K, capacity 58940K, committed 59028K, reserved 1099776K
  class space    used 7783K, capacity 8233K, committed 8320K, reserved 1048576K
}
Event: 89.198 GC heap before
{Heap before GC invocations=12 (full 3):
 PSYoungGen      total 215040K, used 17900K [0x00000000e0000000, 0x00000000f3d80000, 0x0000000100000000)
  eden space 197120K, 0% used [0x00000000e0000000,0x00000000e0000000,0x00000000ec080000)
  from space 17920K, 99% used [0x00000000ec080000,0x00000000ed1fb338,0x00000000ed200000)
  to   space 23552K, 0% used [0x00000000f2680000,0x00000000f2680000,0x00000000f3d80000)
 ParOldGen       total 52736K, used 28385K [0x00000000a0000000, 0x00000000a3380000, 0x00000000e0000000)
  object space 52736K, 53% used [0x00000000a0000000,0x00000000a1bb87c8,0x00000000a3380000)
 Metaspace       used 57181K, capacity 58940K, committed 59028K, reserved 1099776K
  class space    used 7783K, capacity 8233K, committed 8320K, reserved 1048576K
Event: 89.747 GC heap after
Heap after GC invocations=12 (full 3):
 PSYoungGen      total 215040K, used 0K [0x00000000e0000000, 0x00000000f3d80000, 0x0000000100000000)
  eden space 197120K, 0% used [0x00000000e0000000,0x00000000e0000000,0x00000000ec080000)
  from space 17920K, 0% used [0x00000000ec080000,0x00000000ec080000,0x00000000ed200000)
  to   space 23552K, 0% used [0x00000000f2680000,0x00000000f2680000,0x00000000f3d80000)
 ParOldGen       total 52736K, used 40537K [0x00000000a0000000, 0x00000000a3380000, 0x00000000e0000000)
  object space 52736K, 76% used [0x00000000a0000000,0x00000000a2796418,0x00000000a3380000)
 Metaspace       used 57181K, capacity 58940K, committed 59028K, reserved 1099776K
  class space    used 7783K, capacity 8233K, committed 8320K, reserved 1048576K
}

