# JRE version: OpenJDK Runtime Environment (8.0_152-b01) (build 1.8.0_152-release-915-b01)
# Java VM: OpenJDK 64-Bit Server VM (25.152-b01 mixed mode windows-amd64 compressed oops)
Heap:
 PSYoungGen      total 227840K, used 35517K [0x00000000e0000000, 0x00000000ef980000, 0x0000000100000000)
  eden space 215040K, 10% used [0x00000000e0000000,0x00000000e16371f0,0x00000000ed200000)
  from space 12800K, 99% used [0x00000000ed200000,0x00000000ede782b8,0x00000000ede80000)
  to   space 12288K, 7% used [0x00000000ede80000,0x00000000edf70200,0x00000000eea80000)
 ParOldGen       total 46592K, used 23586K [0x00000000a0000000, 0x00000000a2d80000, 0x00000000e0000000)
  object space 46592K, 50% used [0x00000000a0000000,0x00000000a1708978,0x00000000a2d80000)
 Metaspace       used 51605K, capacity 53190K, committed 53376K, reserved 1099776K
  class space    used 6974K, capacity 7425K, committed 7552K, reserved 1048576K
GC Heap History (10 events):
Event: 20.309 GC heap after
Heap after GC invocations=7 (full 1):
 PSYoungGen      total 127488K, used 6856K [0x00000000e0000000, 0x00000000e9000000, 0x0000000100000000)
  eden space 120320K, 0% used [0x00000000e0000000,0x00000000e0000000,0x00000000e7580000)
  from space 7168K, 95% used [0x00000000e8900000,0x00000000e8fb21a8,0x00000000e9000000)
  to   space 9728K, 0% used [0x00000000e7d00000,0x00000000e7d00000,0x00000000e8680000)
 ParOldGen       total 35328K, used 9647K [0x00000000a0000000, 0x00000000a2280000, 0x00000000e0000000)
  object space 35328K, 27% used [0x00000000a0000000,0x00000000a096bd38,0x00000000a2280000)
 Metaspace       used 26192K, capacity 26662K, committed 26880K, reserved 1073152K
  class space    used 3550K, capacity 3746K, committed 3840K, reserved 1048576K
}
Event: 36.171 GC heap before
{Heap before GC invocations=8 (full 1):
 PSYoungGen      total 127488K, used 127176K [0x00000000e0000000, 0x00000000e9000000, 0x0000000100000000)
  eden space 120320K, 100% used [0x00000000e0000000,0x00000000e7580000,0x00000000e7580000)
  from space 7168K, 95% used [0x00000000e8900000,0x00000000e8fb21a8,0x00000000e9000000)
  to   space 9728K, 0% used [0x00000000e7d00000,0x00000000e7d00000,0x00000000e8680000)
 ParOldGen       total 35328K, used 9647K [0x00000000a0000000, 0x00000000a2280000, 0x00000000e0000000)
  object space 35328K, 27% used [0x00000000a0000000,0x00000000a096bd38,0x00000000a2280000)
 Metaspace       used 32217K, capacity 32966K, committed 33152K, reserved 1077248K
  class space    used 4404K, capacity 4695K, committed 4736K, reserved 1048576K
Event: 36.204 GC heap after
Heap after GC invocations=8 (full 1):
 PSYoungGen      total 137728K, used 9702K [0x00000000e0000000, 0x00000000eea80000, 0x0000000100000000)
  eden space 128000K, 0% used [0x00000000e0000000,0x00000000e0000000,0x00000000e7d00000)
  from space 9728K, 99% used [0x00000000e7d00000,0x00000000e8679b50,0x00000000e8680000)
  to   space 12288K, 0% used [0x00000000ede80000,0x00000000ede80000,0x00000000eea80000)
 ParOldGen       total 35328K, used 11538K [0x00000000a0000000, 0x00000000a2280000, 0x00000000e0000000)
  object space 35328K, 32% used [0x00000000a0000000,0x00000000a0b44bd0,0x00000000a2280000)
 Metaspace       used 32217K, capacity 32966K, committed 33152K, reserved 1077248K
  class space    used 4404K, capacity 4695K, committed 4736K, reserved 1048576K
}
Event: 37.383 GC heap before
{Heap before GC invocations=9 (full 1):
 PSYoungGen      total 137728K, used 23946K [0x00000000e0000000, 0x00000000eea80000, 0x0000000100000000)
  eden space 128000K, 11% used [0x00000000e0000000,0x00000000e0de8df0,0x00000000e7d00000)
  from space 9728K, 99% used [0x00000000e7d00000,0x00000000e8679b50,0x00000000e8680000)
  to   space 12288K, 0% used [0x00000000ede80000,0x00000000ede80000,0x00000000eea80000)
 ParOldGen       total 35328K, used 11538K [0x00000000a0000000, 0x00000000a2280000, 0x00000000e0000000)
  object space 35328K, 32% used [0x00000000a0000000,0x00000000a0b44bd0,0x00000000a2280000)
 Metaspace       used 34474K, capacity 35188K, committed 35416K, reserved 1079296K
  class space    used 4693K, capacity 4974K, committed 4992K, reserved 1048576K
Event: 37.409 GC heap after
Heap after GC invocations=9 (full 1):
 PSYoungGen      total 227328K, used 9608K [0x00000000e0000000, 0x00000000ef980000, 0x0000000100000000)
  eden space 215040K, 0% used [0x00000000e0000000,0x00000000e0000000,0x00000000ed200000)
  from space 12288K, 78% used [0x00000000ede80000,0x00000000ee7e23d0,0x00000000eea80000)
  to   space 12800K, 0% used [0x00000000ed200000,0x00000000ed200000,0x00000000ede80000)
 ParOldGen       total 35328K, used 11546K [0x00000000a0000000, 0x00000000a2280000, 0x00000000e0000000)
  object space 35328K, 32% used [0x00000000a0000000,0x00000000a0b46bd0,0x00000000a2280000)
 Metaspace       used 34474K, capacity 35188K, committed 35416K, reserved 1079296K
  class space    used 4693K, capacity 4974K, committed 4992K, reserved 1048576K
}
Event: 37.409 GC heap before
{Heap before GC invocations=10 (full 2):
 PSYoungGen      total 227328K, used 9608K [0x00000000e0000000, 0x00000000ef980000, 0x0000000100000000)
  eden space 215040K, 0% used [0x00000000e0000000,0x00000000e0000000,0x00000000ed200000)
  from space 12288K, 78% used [0x00000000ede80000,0x00000000ee7e23d0,0x00000000eea80000)
  to   space 12800K, 0% used [0x00000000ed200000,0x00000000ed200000,0x00000000ede80000)
 ParOldGen       total 35328K, used 11546K [0x00000000a0000000, 0x00000000a2280000, 0x00000000e0000000)
  object space 35328K, 32% used [0x00000000a0000000,0x00000000a0b46bd0,0x00000000a2280000)
 Metaspace       used 34474K, capacity 35188K, committed 35416K, reserved 1079296K
  class space    used 4693K, capacity 4974K, committed 4992K, reserved 1048576K
Event: 37.604 GC heap after
Heap after GC invocations=10 (full 2):
 PSYoungGen      total 227328K, used 0K [0x00000000e0000000, 0x00000000ef980000, 0x0000000100000000)
  eden space 215040K, 0% used [0x00000000e0000000,0x00000000e0000000,0x00000000ed200000)
  from space 12288K, 0% used [0x00000000ede80000,0x00000000ede80000,0x00000000eea80000)
  to   space 12800K, 0% used [0x00000000ed200000,0x00000000ed200000,0x00000000ede80000)
 ParOldGen       total 46592K, used 15682K [0x00000000a0000000, 0x00000000a2d80000, 0x00000000e0000000)
  object space 46592K, 33% used [0x00000000a0000000,0x00000000a0f50928,0x00000000a2d80000)
 Metaspace       used 34474K, capacity 35188K, committed 35416K, reserved 1079296K
  class space    used 4693K, capacity 4974K, committed 4992K, reserved 1048576K
}
Event: 48.172 GC heap before
{Heap before GC invocations=11 (full 2):
 PSYoungGen      total 227328K, used 215040K [0x00000000e0000000, 0x00000000ef980000, 0x0000000100000000)
  eden space 215040K, 100% used [0x00000000e0000000,0x00000000ed200000,0x00000000ed200000)
  from space 12288K, 0% used [0x00000000ede80000,0x00000000ede80000,0x00000000eea80000)
  to   space 12800K, 0% used [0x00000000ed200000,0x00000000ed200000,0x00000000ede80000)
 ParOldGen       total 46592K, used 15682K [0x00000000a0000000, 0x00000000a2d80000, 0x00000000e0000000)
  object space 46592K, 33% used [0x00000000a0000000,0x00000000a0f50928,0x00000000a2d80000)
 Metaspace       used 50710K, capacity 52258K, committed 52352K, reserved 1093632K
  class space    used 6826K, capacity 7291K, committed 7296K, reserved 1048576K
Event: 48.229 GC heap after
Heap after GC invocations=11 (full 2):
 PSYoungGen      total 227840K, used 12768K [0x00000000e0000000, 0x00000000ef980000, 0x0000000100000000)
  eden space 215040K, 0% used [0x00000000e0000000,0x00000000e0000000,0x00000000ed200000)
  from space 12800K, 99% used [0x00000000ed200000,0x00000000ede782b8,0x00000000ede80000)
  to   space 12288K, 0% used [0x00000000ede80000,0x00000000ede80000,0x00000000eea80000)
 ParOldGen       total 46592K, used 23586K [0x00000000a0000000, 0x00000000a2d80000, 0x00000000e0000000)
  object space 46592K, 50% used [0x00000000a0000000,0x00000000a1708978,0x00000000a2d80000)
 Metaspace       used 50710K, capacity 52258K, committed 52352K, reserved 1093632K
  class space    used 6826K, capacity 7291K, committed 7296K, reserved 1048576K
}
Event: 48.752 GC heap before
{Heap before GC invocations=12 (full 2):
 PSYoungGen      total 227840K, used 35517K [0x00000000e0000000, 0x00000000ef980000, 0x0000000100000000)
  eden space 215040K, 10% used [0x00000000e0000000,0x00000000e16371f0,0x00000000ed200000)
  from space 12800K, 99% used [0x00000000ed200000,0x00000000ede782b8,0x00000000ede80000)
  to   space 12288K, 0% used [0x00000000ede80000,0x00000000ede80000,0x00000000eea80000)
 ParOldGen       total 46592K, used 23586K [0x00000000a0000000, 0x00000000a2d80000, 0x00000000e0000000)
  object space 46592K, 50% used [0x00000000a0000000,0x00000000a1708978,0x00000000a2d80000)
 Metaspace       used 51605K, capacity 53190K, committed 53376K, reserved 1099776K
  class space    used 6974K, capacity 7425K, committed 7552K, reserved 1048576K

