# JRE version: OpenJDK Runtime Environment (8.0_152-b01) (build 1.8.0_152-release-915-b01)
# Java VM: OpenJDK 64-Bit Server VM (25.152-b01 mixed mode windows-amd64 compressed oops)
Heap:
 PSYoungGen      total 380928K, used 154631K [0x00000000e0000000, 0x00000000f8a00000, 0x0000000100000000)
  eden space 361472K, 38% used [0x00000000e0000000,0x00000000e8726cb8,0x00000000f6100000)
  from space 19456K, 83% used [0x00000000f7680000,0x00000000f865b148,0x00000000f8980000)
  to   space 20992K, 0% used [0x00000000f6100000,0x00000000f6100000,0x00000000f7580000)
 ParOldGen       total 114688K, used 71529K [0x00000000a0000000, 0x00000000a7000000, 0x00000000e0000000)
  object space 114688K, 62% used [0x00000000a0000000,0x00000000a45da6c8,0x00000000a7000000)
 Metaspace       used 79972K, capacity 88386K, committed 88536K, reserved 1126400K
  class space    used 10436K, capacity 12436K, committed 12544K, reserved 1048576K
GC Heap History (10 events):
Event: 7949.710 GC heap before
{Heap before GC invocations=50 (full 4):
 PSYoungGen      total 323072K, used 311203K [0x00000000e0000000, 0x00000000f6880000, 0x0000000100000000)
  eden space 304128K, 100% used [0x00000000e0000000,0x00000000f2900000,0x00000000f2900000)
  from space 18944K, 37% used [0x00000000f2900000,0x00000000f2fe8e88,0x00000000f3b80000)
  to   space 17920K, 0% used [0x00000000f5700000,0x00000000f5700000,0x00000000f6880000)
 ParOldGen       total 114688K, used 68477K [0x00000000a0000000, 0x00000000a7000000, 0x00000000e0000000)
  object space 114688K, 59% used [0x00000000a0000000,0x00000000a42df418,0x00000000a7000000)
 Metaspace       used 78644K, capacity 86100K, committed 86232K, reserved 1124352K
  class space    used 10260K, capacity 11928K, committed 12032K, reserved 1048576K
Event: 7949.877 GC heap after
Heap after GC invocations=50 (full 4):
 PSYoungGen      total 342016K, used 8681K [0x00000000e0000000, 0x00000000f6380000, 0x0000000100000000)
  eden space 329216K, 0% used [0x00000000e0000000,0x00000000e0000000,0x00000000f4180000)
  from space 12800K, 67% used [0x00000000f5700000,0x00000000f5f7a6d8,0x00000000f6380000)
  to   space 17408K, 0% used [0x00000000f4180000,0x00000000f4180000,0x00000000f5280000)
 ParOldGen       total 114688K, used 68485K [0x00000000a0000000, 0x00000000a7000000, 0x00000000e0000000)
  object space 114688K, 59% used [0x00000000a0000000,0x00000000a42e1418,0x00000000a7000000)
 Metaspace       used 78644K, capacity 86100K, committed 86232K, reserved 1124352K
  class space    used 10260K, capacity 11928K, committed 12032K, reserved 1048576K
}
Event: 8300.672 GC heap before
{Heap before GC invocations=51 (full 4):
 PSYoungGen      total 342016K, used 336377K [0x00000000e0000000, 0x00000000f6380000, 0x0000000100000000)
  eden space 329216K, 99% used [0x00000000e0000000,0x00000000f4004050,0x00000000f4180000)
  from space 12800K, 67% used [0x00000000f5700000,0x00000000f5f7a6d8,0x00000000f6380000)
  to   space 17408K, 0% used [0x00000000f4180000,0x00000000f4180000,0x00000000f5280000)
 ParOldGen       total 114688K, used 68485K [0x00000000a0000000, 0x00000000a7000000, 0x00000000e0000000)
  object space 114688K, 59% used [0x00000000a0000000,0x00000000a42e1418,0x00000000a7000000)
 Metaspace       used 78956K, capacity 86608K, committed 86744K, reserved 1124352K
  class space    used 10289K, capacity 12020K, committed 12032K, reserved 1048576K
Event: 8300.715 GC heap after
Heap after GC invocations=51 (full 4):
 PSYoungGen      total 346624K, used 16861K [0x00000000e0000000, 0x00000000f7d80000, 0x0000000100000000)
  eden space 329216K, 0% used [0x00000000e0000000,0x00000000e0000000,0x00000000f4180000)
  from space 17408K, 96% used [0x00000000f4180000,0x00000000f51f7640,0x00000000f5280000)
  to   space 19456K, 0% used [0x00000000f6a80000,0x00000000f6a80000,0x00000000f7d80000)
 ParOldGen       total 114688K, used 71505K [0x00000000a0000000, 0x00000000a7000000, 0x00000000e0000000)
  object space 114688K, 62% used [0x00000000a0000000,0x00000000a45d46c8,0x00000000a7000000)
 Metaspace       used 78956K, capacity 86608K, committed 86744K, reserved 1124352K
  class space    used 10289K, capacity 12020K, committed 12032K, reserved 1048576K
}
Event: 8516.397 GC heap before
{Heap before GC invocations=52 (full 4):
 PSYoungGen      total 346624K, used 346077K [0x00000000e0000000, 0x00000000f7d80000, 0x0000000100000000)
  eden space 329216K, 100% used [0x00000000e0000000,0x00000000f4180000,0x00000000f4180000)
  from space 17408K, 96% used [0x00000000f4180000,0x00000000f51f7640,0x00000000f5280000)
  to   space 19456K, 0% used [0x00000000f6a80000,0x00000000f6a80000,0x00000000f7d80000)
 ParOldGen       total 114688K, used 71505K [0x00000000a0000000, 0x00000000a7000000, 0x00000000e0000000)
  object space 114688K, 62% used [0x00000000a0000000,0x00000000a45d46c8,0x00000000a7000000)
 Metaspace       used 79218K, capacity 87054K, committed 87128K, reserved 1124352K
  class space    used 10326K, capacity 12143K, committed 12160K, reserved 1048576K
Event: 8516.476 GC heap after
Heap after GC invocations=52 (full 4):
 PSYoungGen      total 363008K, used 9847K [0x00000000e0000000, 0x00000000f7900000, 0x0000000100000000)
  eden space 348160K, 0% used [0x00000000e0000000,0x00000000e0000000,0x00000000f5400000)
  from space 14848K, 66% used [0x00000000f6a80000,0x00000000f741dd80,0x00000000f7900000)
  to   space 18944K, 0% used [0x00000000f5400000,0x00000000f5400000,0x00000000f6680000)
 ParOldGen       total 114688K, used 71513K [0x00000000a0000000, 0x00000000a7000000, 0x00000000e0000000)
  object space 114688K, 62% used [0x00000000a0000000,0x00000000a45d66c8,0x00000000a7000000)
 Metaspace       used 79218K, capacity 87054K, committed 87128K, reserved 1124352K
  class space    used 10326K, capacity 12143K, committed 12160K, reserved 1048576K
}
Event: 8849.975 GC heap before
{Heap before GC invocations=53 (full 4):
 PSYoungGen      total 363008K, used 357173K [0x00000000e0000000, 0x00000000f7900000, 0x0000000100000000)
  eden space 348160K, 99% used [0x00000000e0000000,0x00000000f532f880,0x00000000f5400000)
  from space 14848K, 66% used [0x00000000f6a80000,0x00000000f741dd80,0x00000000f7900000)
  to   space 18944K, 0% used [0x00000000f5400000,0x00000000f5400000,0x00000000f6680000)
 ParOldGen       total 114688K, used 71513K [0x00000000a0000000, 0x00000000a7000000, 0x00000000e0000000)
  object space 114688K, 62% used [0x00000000a0000000,0x00000000a45d66c8,0x00000000a7000000)
 Metaspace       used 79469K, capacity 87554K, committed 87768K, reserved 1124352K
  class space    used 10349K, capacity 12223K, committed 12288K, reserved 1048576K
Event: 8850.112 GC heap after
Heap after GC invocations=53 (full 4):
 PSYoungGen      total 367104K, used 13228K [0x00000000e0000000, 0x00000000f8980000, 0x0000000100000000)
  eden space 348160K, 0% used [0x00000000e0000000,0x00000000e0000000,0x00000000f5400000)
  from space 18944K, 69% used [0x00000000f5400000,0x00000000f60eb2b8,0x00000000f6680000)
  to   space 19456K, 0% used [0x00000000f7680000,0x00000000f7680000,0x00000000f8980000)
 ParOldGen       total 114688K, used 71521K [0x00000000a0000000, 0x00000000a7000000, 0x00000000e0000000)
  object space 114688K, 62% used [0x00000000a0000000,0x00000000a45d86c8,0x00000000a7000000)
 Metaspace       used 79469K, capacity 87554K, committed 87768K, reserved 1124352K
  class space    used 10349K, capacity 12223K, committed 12288K, reserved 1048576K
}
Event: 9143.634 GC heap before
{Heap before GC invocations=54 (full 4):
 PSYoungGen      total 367104K, used 361388K [0x00000000e0000000, 0x00000000f8980000, 0x0000000100000000)
  eden space 348160K, 100% used [0x00000000e0000000,0x00000000f5400000,0x00000000f5400000)
  from space 18944K, 69% used [0x00000000f5400000,0x00000000f60eb2b8,0x00000000f6680000)
  to   space 19456K, 0% used [0x00000000f7680000,0x00000000f7680000,0x00000000f8980000)
 ParOldGen       total 114688K, used 71521K [0x00000000a0000000, 0x00000000a7000000, 0x00000000e0000000)
  object space 114688K, 62% used [0x00000000a0000000,0x00000000a45d86c8,0x00000000a7000000)
 Metaspace       used 79671K, capacity 87990K, committed 88152K, reserved 1124352K
  class space    used 10384K, capacity 12345K, committed 12416K, reserved 1048576K
Event: 9143.767 GC heap after
Heap after GC invocations=54 (full 4):
 PSYoungGen      total 380928K, used 16236K [0x00000000e0000000, 0x00000000f8a00000, 0x0000000100000000)
  eden space 361472K, 0% used [0x00000000e0000000,0x00000000e0000000,0x00000000f6100000)
  from space 19456K, 83% used [0x00000000f7680000,0x00000000f865b148,0x00000000f8980000)
  to   space 20992K, 0% used [0x00000000f6100000,0x00000000f6100000,0x00000000f7580000)
 ParOldGen       total 114688K, used 71529K [0x00000000a0000000, 0x00000000a7000000, 0x00000000e0000000)
  object space 114688K, 62% used [0x00000000a0000000,0x00000000a45da6c8,0x00000000a7000000)
 Metaspace       used 79671K, capacity 87990K, committed 88152K, reserved 1124352K
  class space    used 10384K, capacity 12345K, committed 12416K, reserved 1048576K
}

