# JRE version: OpenJDK Runtime Environment (8.0_152-b02) (build 1.8.0_152-release-1024-b02)
# Java VM: OpenJDK 64-Bit Server VM (25.152-b02 mixed mode windows-amd64 compressed oops)
Heap:
 PSYoungGen      total 200704K, used 93829K [0x00000000e0000000, 0x00000000ecf00000, 0x0000000100000000)
  eden space 193536K, 44% used [0x00000000e0000000,0x00000000e54a74f8,0x00000000ebd00000)
  from space 7168K, 99% used [0x00000000ec800000,0x00000000ecef9f70,0x00000000ecf00000)
  to   space 8704K, 0% used [0x00000000ebe00000,0x00000000ebe00000,0x00000000ec680000)
 ParOldGen       total 43008K, used 20553K [0x00000000a0000000, 0x00000000a2a00000, 0x00000000e0000000)
  object space 43008K, 47% used [0x00000000a0000000,0x00000000a14125d0,0x00000000a2a00000)
 Metaspace       used 53353K, capacity 54634K, committed 55000K, reserved 1097728K
  class space    used 6931K, capacity 7310K, committed 7424K, reserved 1048576K
GC Heap History (10 events):
Event: 125.600 GC heap before
{Heap before GC invocations=20 (full 2):
 PSYoungGen      total 94720K, used 88064K [0x00000000e0000000, 0x00000000e8400000, 0x0000000100000000)
  eden space 88064K, 100% used [0x00000000e0000000,0x00000000e5600000,0x00000000e5600000)
  from space 6656K, 0% used [0x00000000e5600000,0x00000000e5600000,0x00000000e5c80000)
  to   space 6656K, 0% used [0x00000000e7d80000,0x00000000e7d80000,0x00000000e8400000)
 ParOldGen       total 43008K, used 16847K [0x00000000a0000000, 0x00000000a2a00000, 0x00000000e0000000)
  object space 43008K, 39% used [0x00000000a0000000,0x00000000a1073c18,0x00000000a2a00000)
 Metaspace       used 39867K, capacity 40680K, committed 41048K, reserved 1085440K
  class space    used 5176K, capacity 5421K, committed 5504K, reserved 1048576K
Event: 125.621 GC heap after
Heap after GC invocations=20 (full 2):
 PSYoungGen      total 121856K, used 4350K [0x00000000e0000000, 0x00000000e8200000, 0x0000000100000000)
  eden space 117248K, 0% used [0x00000000e0000000,0x00000000e0000000,0x00000000e7280000)
  from space 4608K, 94% used [0x00000000e7d80000,0x00000000e81bf968,0x00000000e8200000)
  to   space 6656K, 0% used [0x00000000e7500000,0x00000000e7500000,0x00000000e7b80000)
 ParOldGen       total 43008K, used 16871K [0x00000000a0000000, 0x00000000a2a00000, 0x00000000e0000000)
  object space 43008K, 39% used [0x00000000a0000000,0x00000000a1079c18,0x00000000a2a00000)
 Metaspace       used 39867K, capacity 40680K, committed 41048K, reserved 1085440K
  class space    used 5176K, capacity 5421K, committed 5504K, reserved 1048576K
}
Event: 135.802 GC heap before
{Heap before GC invocations=21 (full 2):
 PSYoungGen      total 121856K, used 121598K [0x00000000e0000000, 0x00000000e8200000, 0x0000000100000000)
  eden space 117248K, 100% used [0x00000000e0000000,0x00000000e7280000,0x00000000e7280000)
  from space 4608K, 94% used [0x00000000e7d80000,0x00000000e81bf968,0x00000000e8200000)
  to   space 6656K, 0% used [0x00000000e7500000,0x00000000e7500000,0x00000000e7b80000)
 ParOldGen       total 43008K, used 16871K [0x00000000a0000000, 0x00000000a2a00000, 0x00000000e0000000)
  object space 43008K, 39% used [0x00000000a0000000,0x00000000a1079c18,0x00000000a2a00000)
 Metaspace       used 40213K, capacity 41128K, committed 41304K, reserved 1085440K
  class space    used 5197K, capacity 5485K, committed 5504K, reserved 1048576K
Event: 135.849 GC heap after
Heap after GC invocations=21 (full 2):
 PSYoungGen      total 126464K, used 624K [0x00000000e0000000, 0x00000000ea500000, 0x0000000100000000)
  eden space 119808K, 0% used [0x00000000e0000000,0x00000000e0000000,0x00000000e7500000)
  from space 6656K, 9% used [0x00000000e7500000,0x00000000e759c230,0x00000000e7b80000)
  to   space 7168K, 0% used [0x00000000e9e00000,0x00000000e9e00000,0x00000000ea500000)
 ParOldGen       total 43008K, used 19043K [0x00000000a0000000, 0x00000000a2a00000, 0x00000000e0000000)
  object space 43008K, 44% used [0x00000000a0000000,0x00000000a1298d90,0x00000000a2a00000)
 Metaspace       used 40213K, capacity 41128K, committed 41304K, reserved 1085440K
  class space    used 5197K, capacity 5485K, committed 5504K, reserved 1048576K
}
Event: 153.376 GC heap before
{Heap before GC invocations=22 (full 2):
 PSYoungGen      total 126464K, used 120432K [0x00000000e0000000, 0x00000000ea500000, 0x0000000100000000)
  eden space 119808K, 100% used [0x00000000e0000000,0x00000000e7500000,0x00000000e7500000)
  from space 6656K, 9% used [0x00000000e7500000,0x00000000e759c230,0x00000000e7b80000)
  to   space 7168K, 0% used [0x00000000e9e00000,0x00000000e9e00000,0x00000000ea500000)
 ParOldGen       total 43008K, used 19043K [0x00000000a0000000, 0x00000000a2a00000, 0x00000000e0000000)
  object space 43008K, 44% used [0x00000000a0000000,0x00000000a1298d90,0x00000000a2a00000)
 Metaspace       used 40307K, capacity 41128K, committed 41304K, reserved 1085440K
  class space    used 5198K, capacity 5485K, committed 5504K, reserved 1048576K
Event: 153.381 GC heap after
Heap after GC invocations=22 (full 2):
 PSYoungGen      total 161792K, used 337K [0x00000000e0000000, 0x00000000ea600000, 0x0000000100000000)
  eden space 154624K, 0% used [0x00000000e0000000,0x00000000e0000000,0x00000000e9700000)
  from space 7168K, 4% used [0x00000000e9e00000,0x00000000e9e54470,0x00000000ea500000)
  to   space 7168K, 0% used [0x00000000e9700000,0x00000000e9700000,0x00000000e9e00000)
 ParOldGen       total 43008K, used 19386K [0x00000000a0000000, 0x00000000a2a00000, 0x00000000e0000000)
  object space 43008K, 45% used [0x00000000a0000000,0x00000000a12eea60,0x00000000a2a00000)
 Metaspace       used 40307K, capacity 41128K, committed 41304K, reserved 1085440K
  class space    used 5198K, capacity 5485K, committed 5504K, reserved 1048576K
}
Event: 169.427 GC heap before
{Heap before GC invocations=23 (full 2):
 PSYoungGen      total 161792K, used 154961K [0x00000000e0000000, 0x00000000ea600000, 0x0000000100000000)
  eden space 154624K, 100% used [0x00000000e0000000,0x00000000e9700000,0x00000000e9700000)
  from space 7168K, 4% used [0x00000000e9e00000,0x00000000e9e54470,0x00000000ea500000)
  to   space 7168K, 0% used [0x00000000e9700000,0x00000000e9700000,0x00000000e9e00000)
 ParOldGen       total 43008K, used 19386K [0x00000000a0000000, 0x00000000a2a00000, 0x00000000e0000000)
  object space 43008K, 45% used [0x00000000a0000000,0x00000000a12eea60,0x00000000a2a00000)
 Metaspace       used 40339K, capacity 41192K, committed 41304K, reserved 1085440K
  class space    used 5198K, capacity 5485K, committed 5504K, reserved 1048576K
Event: 169.462 GC heap after
Heap after GC invocations=23 (full 2):
 PSYoungGen      total 161792K, used 208K [0x00000000e0000000, 0x00000000ecf00000, 0x0000000100000000)
  eden space 154624K, 0% used [0x00000000e0000000,0x00000000e0000000,0x00000000e9700000)
  from space 7168K, 2% used [0x00000000e9700000,0x00000000e9734040,0x00000000e9e00000)
  to   space 7168K, 0% used [0x00000000ec800000,0x00000000ec800000,0x00000000ecf00000)
 ParOldGen       total 43008K, used 19475K [0x00000000a0000000, 0x00000000a2a00000, 0x00000000e0000000)
  object space 43008K, 45% used [0x00000000a0000000,0x00000000a1304ef0,0x00000000a2a00000)
 Metaspace       used 40339K, capacity 41192K, committed 41304K, reserved 1085440K
  class space    used 5198K, capacity 5485K, committed 5504K, reserved 1048576K
}
Event: 223.058 GC heap before
{Heap before GC invocations=24 (full 2):
 PSYoungGen      total 161792K, used 154832K [0x00000000e0000000, 0x00000000ecf00000, 0x0000000100000000)
  eden space 154624K, 100% used [0x00000000e0000000,0x00000000e9700000,0x00000000e9700000)
  from space 7168K, 2% used [0x00000000e9700000,0x00000000e9734040,0x00000000e9e00000)
  to   space 7168K, 0% used [0x00000000ec800000,0x00000000ec800000,0x00000000ecf00000)
 ParOldGen       total 43008K, used 19475K [0x00000000a0000000, 0x00000000a2a00000, 0x00000000e0000000)
  object space 43008K, 45% used [0x00000000a0000000,0x00000000a1304ef0,0x00000000a2a00000)
 Metaspace       used 47061K, capacity 48120K, committed 48344K, reserved 1091584K
  class space    used 6045K, capacity 6372K, committed 6400K, reserved 1048576K
Event: 223.093 GC heap after
Heap after GC invocations=24 (full 2):
 PSYoungGen      total 200704K, used 7143K [0x00000000e0000000, 0x00000000ecf00000, 0x0000000100000000)
  eden space 193536K, 0% used [0x00000000e0000000,0x00000000e0000000,0x00000000ebd00000)
  from space 7168K, 99% used [0x00000000ec800000,0x00000000ecef9f70,0x00000000ecf00000)
  to   space 8704K, 0% used [0x00000000ebe00000,0x00000000ebe00000,0x00000000ec680000)
 ParOldGen       total 43008K, used 20553K [0x00000000a0000000, 0x00000000a2a00000, 0x00000000e0000000)
  object space 43008K, 47% used [0x00000000a0000000,0x00000000a14125d0,0x00000000a2a00000)
 Metaspace       used 47061K, capacity 48120K, committed 48344K, reserved 1091584K
  class space    used 6045K, capacity 6372K, committed 6400K, reserved 1048576K
}

