# JRE version: OpenJDK Runtime Environment (8.0_152-b02) (build 1.8.0_152-release-1024-b02)
# Java VM: OpenJDK 64-Bit Server VM (25.152-b02 mixed mode windows-amd64 compressed oops)
Heap:
 PSYoungGen      total 89600K, used 19907K [0x00000000e0000000, 0x00000000e9080000, 0x0000000100000000)
  eden space 82432K, 24% used [0x00000000e0000000,0x00000000e1370e00,0x00000000e5080000)
  from space 7168K, 0% used [0x00000000e8980000,0x00000000e8980000,0x00000000e9080000)
  to   space 14336K, 0% used [0x00000000e7480000,0x00000000e7480000,0x00000000e8280000)
 ParOldGen       total 66048K, used 37105K [0x00000000a0000000, 0x00000000a4080000, 0x00000000e0000000)
  object space 66048K, 56% used [0x00000000a0000000,0x00000000a243c508,0x00000000a4080000)
 Metaspace       used 55936K, capacity 57562K, committed 57816K, reserved 1099776K
  class space    used 7428K, capacity 7838K, committed 7936K, reserved 1048576K
GC Heap History (10 events):
Event: 186.026 GC heap before
{Heap before GC invocations=13 (full 2):
 PSYoungGen      total 100864K, used 92672K [0x00000000e0000000, 0x00000000e6f80000, 0x0000000100000000)
  eden space 92672K, 100% used [0x00000000e0000000,0x00000000e5a80000,0x00000000e5a80000)
  from space 8192K, 0% used [0x00000000e6480000,0x00000000e6480000,0x00000000e6c80000)
  to   space 10240K, 0% used [0x00000000e5a80000,0x00000000e5a80000,0x00000000e6480000)
 ParOldGen       total 41984K, used 16875K [0x00000000a0000000, 0x00000000a2900000, 0x00000000e0000000)
  object space 41984K, 40% used [0x00000000a0000000,0x00000000a107af50,0x00000000a2900000)
 Metaspace       used 39226K, capacity 39984K, committed 40152K, reserved 1083392K
  class space    used 5306K, capacity 5543K, committed 5632K, reserved 1048576K
Event: 186.116 GC heap after
Heap after GC invocations=13 (full 2):
 PSYoungGen      total 102912K, used 9639K [0x00000000e0000000, 0x00000000e9b00000, 0x0000000100000000)
  eden space 92672K, 0% used [0x00000000e0000000,0x00000000e0000000,0x00000000e5a80000)
  from space 10240K, 94% used [0x00000000e5a80000,0x00000000e63e9cc0,0x00000000e6480000)
  to   space 11264K, 0% used [0x00000000e9000000,0x00000000e9000000,0x00000000e9b00000)
 ParOldGen       total 41984K, used 16883K [0x00000000a0000000, 0x00000000a2900000, 0x00000000e0000000)
  object space 41984K, 40% used [0x00000000a0000000,0x00000000a107cf50,0x00000000a2900000)
 Metaspace       used 39226K, capacity 39984K, committed 40152K, reserved 1083392K
  class space    used 5306K, capacity 5543K, committed 5632K, reserved 1048576K
}
Event: 272.331 GC heap before
{Heap before GC invocations=14 (full 2):
 PSYoungGen      total 102912K, used 102311K [0x00000000e0000000, 0x00000000e9b00000, 0x0000000100000000)
  eden space 92672K, 100% used [0x00000000e0000000,0x00000000e5a80000,0x00000000e5a80000)
  from space 10240K, 94% used [0x00000000e5a80000,0x00000000e63e9cc0,0x00000000e6480000)
  to   space 11264K, 0% used [0x00000000e9000000,0x00000000e9000000,0x00000000e9b00000)
 ParOldGen       total 41984K, used 16883K [0x00000000a0000000, 0x00000000a2900000, 0x00000000e0000000)
  object space 41984K, 40% used [0x00000000a0000000,0x00000000a107cf50,0x00000000a2900000)
 Metaspace       used 47350K, capacity 48444K, committed 48728K, reserved 1091584K
  class space    used 6362K, capacity 6661K, committed 6784K, reserved 1048576K
Event: 272.383 GC heap after
Heap after GC invocations=14 (full 2):
 PSYoungGen      total 96768K, used 7201K [0x00000000e0000000, 0x00000000e9780000, 0x0000000100000000)
  eden space 89088K, 0% used [0x00000000e0000000,0x00000000e0000000,0x00000000e5700000)
  from space 7680K, 93% used [0x00000000e9000000,0x00000000e9708488,0x00000000e9780000)
  to   space 11264K, 0% used [0x00000000e8180000,0x00000000e8180000,0x00000000e8c80000)
 ParOldGen       total 41984K, used 23760K [0x00000000a0000000, 0x00000000a2900000, 0x00000000e0000000)
  object space 41984K, 56% used [0x00000000a0000000,0x00000000a1734088,0x00000000a2900000)
 Metaspace       used 47350K, capacity 48444K, committed 48728K, reserved 1091584K
  class space    used 6362K, capacity 6661K, committed 6784K, reserved 1048576K
}
Event: 309.733 GC heap before
{Heap before GC invocations=15 (full 2):
 PSYoungGen      total 96768K, used 96289K [0x00000000e0000000, 0x00000000e9780000, 0x0000000100000000)
  eden space 89088K, 100% used [0x00000000e0000000,0x00000000e5700000,0x00000000e5700000)
  from space 7680K, 93% used [0x00000000e9000000,0x00000000e9708488,0x00000000e9780000)
  to   space 11264K, 0% used [0x00000000e8180000,0x00000000e8180000,0x00000000e8c80000)
 ParOldGen       total 41984K, used 23760K [0x00000000a0000000, 0x00000000a2900000, 0x00000000e0000000)
  object space 41984K, 56% used [0x00000000a0000000,0x00000000a1734088,0x00000000a2900000)
 Metaspace       used 51831K, capacity 53368K, committed 53592K, reserved 1095680K
  class space    used 7020K, capacity 7425K, committed 7552K, reserved 1048576K
Event: 309.772 GC heap after
Heap after GC invocations=15 (full 2):
 PSYoungGen      total 93696K, used 8074K [0x00000000e0000000, 0x00000000e9080000, 0x0000000100000000)
  eden space 85504K, 0% used [0x00000000e0000000,0x00000000e0000000,0x00000000e5380000)
  from space 8192K, 98% used [0x00000000e8180000,0x00000000e8962a00,0x00000000e8980000)
  to   space 7168K, 0% used [0x00000000e8980000,0x00000000e8980000,0x00000000e9080000)
 ParOldGen       total 41984K, used 26438K [0x00000000a0000000, 0x00000000a2900000, 0x00000000e0000000)
  object space 41984K, 62% used [0x00000000a0000000,0x00000000a19d1b18,0x00000000a2900000)
 Metaspace       used 51831K, capacity 53368K, committed 53592K, reserved 1095680K
  class space    used 7020K, capacity 7425K, committed 7552K, reserved 1048576K
}
Event: 329.231 GC heap before
{Heap before GC invocations=16 (full 2):
 PSYoungGen      total 93696K, used 93578K [0x00000000e0000000, 0x00000000e9080000, 0x0000000100000000)
  eden space 85504K, 100% used [0x00000000e0000000,0x00000000e5380000,0x00000000e5380000)
  from space 8192K, 98% used [0x00000000e8180000,0x00000000e8962a00,0x00000000e8980000)
  to   space 7168K, 0% used [0x00000000e8980000,0x00000000e8980000,0x00000000e9080000)
 ParOldGen       total 41984K, used 26438K [0x00000000a0000000, 0x00000000a2900000, 0x00000000e0000000)
  object space 41984K, 62% used [0x00000000a0000000,0x00000000a19d1b18,0x00000000a2900000)
 Metaspace       used 54069K, capacity 55660K, committed 55768K, reserved 1097728K
  class space    used 7227K, capacity 7609K, committed 7680K, reserved 1048576K
Event: 329.331 GC heap after
Heap after GC invocations=16 (full 2):
 PSYoungGen      total 89600K, used 7144K [0x00000000e0000000, 0x00000000e9080000, 0x0000000100000000)
  eden space 82432K, 0% used [0x00000000e0000000,0x00000000e0000000,0x00000000e5080000)
  from space 7168K, 99% used [0x00000000e8980000,0x00000000e907a290,0x00000000e9080000)
  to   space 14336K, 0% used [0x00000000e7480000,0x00000000e7480000,0x00000000e8280000)
 ParOldGen       total 41984K, used 34649K [0x00000000a0000000, 0x00000000a2900000, 0x00000000e0000000)
  object space 41984K, 82% used [0x00000000a0000000,0x00000000a21d6510,0x00000000a2900000)
 Metaspace       used 54069K, capacity 55660K, committed 55768K, reserved 1097728K
  class space    used 7227K, capacity 7609K, committed 7680K, reserved 1048576K
}
Event: 329.331 GC heap before
{Heap before GC invocations=17 (full 3):
 PSYoungGen      total 89600K, used 7144K [0x00000000e0000000, 0x00000000e9080000, 0x0000000100000000)
  eden space 82432K, 0% used [0x00000000e0000000,0x00000000e0000000,0x00000000e5080000)
  from space 7168K, 99% used [0x00000000e8980000,0x00000000e907a290,0x00000000e9080000)
  to   space 14336K, 0% used [0x00000000e7480000,0x00000000e7480000,0x00000000e8280000)
 ParOldGen       total 41984K, used 34649K [0x00000000a0000000, 0x00000000a2900000, 0x00000000e0000000)
  object space 41984K, 82% used [0x00000000a0000000,0x00000000a21d6510,0x00000000a2900000)
 Metaspace       used 54069K, capacity 55660K, committed 55768K, reserved 1097728K
  class space    used 7227K, capacity 7609K, committed 7680K, reserved 1048576K
Event: 330.367 GC heap after
Heap after GC invocations=17 (full 3):
 PSYoungGen      total 89600K, used 0K [0x00000000e0000000, 0x00000000e9080000, 0x0000000100000000)
  eden space 82432K, 0% used [0x00000000e0000000,0x00000000e0000000,0x00000000e5080000)
  from space 7168K, 0% used [0x00000000e8980000,0x00000000e8980000,0x00000000e9080000)
  to   space 14336K, 0% used [0x00000000e7480000,0x00000000e7480000,0x00000000e8280000)
 ParOldGen       total 66048K, used 37105K [0x00000000a0000000, 0x00000000a4080000, 0x00000000e0000000)
  object space 66048K, 56% used [0x00000000a0000000,0x00000000a243c508,0x00000000a4080000)
 Metaspace       used 54069K, capacity 55660K, committed 55768K, reserved 1097728K
  class space    used 7227K, capacity 7609K, committed 7680K, reserved 1048576K
}

