# JRE version: OpenJDK Runtime Environment (8.0_152-b02) (build 1.8.0_152-release-1024-b02)
# Java VM: OpenJDK 64-Bit Server VM (25.152-b02 mixed mode windows-amd64 compressed oops)
Heap:
 PSYoungGen      total 34304K, used 10545K [0x00000000e0000000, 0x00000000e2f00000, 0x0000000100000000)
  eden space 31744K, 25% used [0x00000000e0000000,0x00000000e07cc668,0x00000000e1f00000)
  from space 2560K, 100% used [0x00000000e2000000,0x00000000e2280000,0x00000000e2280000)
  to   space 8192K, 0% used [0x00000000e2700000,0x00000000e2700000,0x00000000e2f00000)
 ParOldGen       total 42496K, used 17019K [0x00000000a0000000, 0x00000000a2980000, 0x00000000e0000000)
  object space 42496K, 40% used [0x00000000a0000000,0x00000000a109ed70,0x00000000a2980000)
 Metaspace       used 28556K, capacity 29072K, committed 29184K, reserved 1075200K
  class space    used 3879K, capacity 4058K, committed 4096K, reserved 1048576K
GC Heap History (10 events):
Event: 19.867 GC heap before
{Heap before GC invocations=6 (full 0):
 PSYoungGen      total 35328K, used 35296K [0x00000000e0000000, 0x00000000e2500000, 0x0000000100000000)
  eden space 32768K, 100% used [0x00000000e0000000,0x00000000e2000000,0x00000000e2000000)
  from space 2560K, 98% used [0x00000000e2000000,0x00000000e2278040,0x00000000e2280000)
  to   space 2560K, 0% used [0x00000000e2280000,0x00000000e2280000,0x00000000e2500000)
 ParOldGen       total 44032K, used 6752K [0x00000000a0000000, 0x00000000a2b00000, 0x00000000e0000000)
  object space 44032K, 15% used [0x00000000a0000000,0x00000000a06980c0,0x00000000a2b00000)
 Metaspace       used 17492K, capacity 17866K, committed 18048K, reserved 1064960K
  class space    used 2524K, capacity 2657K, committed 2688K, reserved 1048576K
Event: 19.899 GC heap after
Heap after GC invocations=6 (full 0):
 PSYoungGen      total 35328K, used 2544K [0x00000000e0000000, 0x00000000e2500000, 0x0000000100000000)
  eden space 32768K, 0% used [0x00000000e0000000,0x00000000e0000000,0x00000000e2000000)
  from space 2560K, 99% used [0x00000000e2280000,0x00000000e24fc050,0x00000000e2500000)
  to   space 2560K, 0% used [0x00000000e2000000,0x00000000e2000000,0x00000000e2280000)
 ParOldGen       total 44032K, used 10828K [0x00000000a0000000, 0x00000000a2b00000, 0x00000000e0000000)
  object space 44032K, 24% used [0x00000000a0000000,0x00000000a0a93110,0x00000000a2b00000)
 Metaspace       used 17492K, capacity 17866K, committed 18048K, reserved 1064960K
  class space    used 2524K, capacity 2657K, committed 2688K, reserved 1048576K
}
Event: 22.812 GC heap before
{Heap before GC invocations=7 (full 0):
 PSYoungGen      total 35328K, used 23548K [0x00000000e0000000, 0x00000000e2500000, 0x0000000100000000)
  eden space 32768K, 64% used [0x00000000e0000000,0x00000000e1483170,0x00000000e2000000)
  from space 2560K, 99% used [0x00000000e2280000,0x00000000e24fc050,0x00000000e2500000)
  to   space 2560K, 0% used [0x00000000e2000000,0x00000000e2000000,0x00000000e2280000)
 ParOldGen       total 44032K, used 10828K [0x00000000a0000000, 0x00000000a2b00000, 0x00000000e0000000)
  object space 44032K, 24% used [0x00000000a0000000,0x00000000a0a93110,0x00000000a2b00000)
 Metaspace       used 20833K, capacity 21200K, committed 21248K, reserved 1067008K
  class space    used 2898K, capacity 3042K, committed 3072K, reserved 1048576K
Event: 22.832 GC heap after
Heap after GC invocations=7 (full 0):
 PSYoungGen      total 34304K, used 2544K [0x00000000e0000000, 0x00000000e2f00000, 0x0000000100000000)
  eden space 31744K, 0% used [0x00000000e0000000,0x00000000e0000000,0x00000000e1f00000)
  from space 2560K, 99% used [0x00000000e2000000,0x00000000e227c060,0x00000000e2280000)
  to   space 8192K, 0% used [0x00000000e2700000,0x00000000e2700000,0x00000000e2f00000)
 ParOldGen       total 44032K, used 14338K [0x00000000a0000000, 0x00000000a2b00000, 0x00000000e0000000)
  object space 44032K, 32% used [0x00000000a0000000,0x00000000a0e00bf0,0x00000000a2b00000)
 Metaspace       used 20833K, capacity 21200K, committed 21248K, reserved 1067008K
  class space    used 2898K, capacity 3042K, committed 3072K, reserved 1048576K
}
Event: 22.832 GC heap before
{Heap before GC invocations=8 (full 1):
 PSYoungGen      total 34304K, used 2544K [0x00000000e0000000, 0x00000000e2f00000, 0x0000000100000000)
  eden space 31744K, 0% used [0x00000000e0000000,0x00000000e0000000,0x00000000e1f00000)
  from space 2560K, 99% used [0x00000000e2000000,0x00000000e227c060,0x00000000e2280000)
  to   space 8192K, 0% used [0x00000000e2700000,0x00000000e2700000,0x00000000e2f00000)
 ParOldGen       total 44032K, used 14338K [0x00000000a0000000, 0x00000000a2b00000, 0x00000000e0000000)
  object space 44032K, 32% used [0x00000000a0000000,0x00000000a0e00bf0,0x00000000a2b00000)
 Metaspace       used 20833K, capacity 21200K, committed 21248K, reserved 1067008K
  class space    used 2898K, capacity 3042K, committed 3072K, reserved 1048576K
Event: 22.982 GC heap after
Heap after GC invocations=8 (full 1):
 PSYoungGen      total 34304K, used 0K [0x00000000e0000000, 0x00000000e2f00000, 0x0000000100000000)
  eden space 31744K, 0% used [0x00000000e0000000,0x00000000e0000000,0x00000000e1f00000)
  from space 2560K, 0% used [0x00000000e2000000,0x00000000e2000000,0x00000000e2280000)
  to   space 8192K, 0% used [0x00000000e2700000,0x00000000e2700000,0x00000000e2f00000)
 ParOldGen       total 42496K, used 14003K [0x00000000a0000000, 0x00000000a2980000, 0x00000000e0000000)
  object space 42496K, 32% used [0x00000000a0000000,0x00000000a0dacf28,0x00000000a2980000)
 Metaspace       used 20833K, capacity 21200K, committed 21248K, reserved 1067008K
  class space    used 2898K, capacity 3042K, committed 3072K, reserved 1048576K
}
Event: 28.030 GC heap before
{Heap before GC invocations=9 (full 1):
 PSYoungGen      total 34304K, used 31744K [0x00000000e0000000, 0x00000000e2f00000, 0x0000000100000000)
  eden space 31744K, 100% used [0x00000000e0000000,0x00000000e1f00000,0x00000000e1f00000)
  from space 2560K, 0% used [0x00000000e2000000,0x00000000e2000000,0x00000000e2280000)
  to   space 8192K, 0% used [0x00000000e2700000,0x00000000e2700000,0x00000000e2f00000)
 ParOldGen       total 42496K, used 14003K [0x00000000a0000000, 0x00000000a2980000, 0x00000000e0000000)
  object space 42496K, 32% used [0x00000000a0000000,0x00000000a0dacf28,0x00000000a2980000)
 Metaspace       used 25824K, capacity 26240K, committed 26368K, reserved 1073152K
  class space    used 3426K, capacity 3569K, committed 3584K, reserved 1048576K
Event: 28.047 GC heap after
Heap after GC invocations=9 (full 1):
 PSYoungGen      total 39936K, used 4782K [0x00000000e0000000, 0x00000000e2f00000, 0x0000000100000000)
  eden space 31744K, 0% used [0x00000000e0000000,0x00000000e0000000,0x00000000e1f00000)
  from space 8192K, 58% used [0x00000000e2700000,0x00000000e2baba30,0x00000000e2f00000)
  to   space 2560K, 0% used [0x00000000e2000000,0x00000000e2000000,0x00000000e2280000)
 ParOldGen       total 42496K, used 14011K [0x00000000a0000000, 0x00000000a2980000, 0x00000000e0000000)
  object space 42496K, 32% used [0x00000000a0000000,0x00000000a0daef28,0x00000000a2980000)
 Metaspace       used 25824K, capacity 26240K, committed 26368K, reserved 1073152K
  class space    used 3426K, capacity 3569K, committed 3584K, reserved 1048576K
}
Event: 30.178 GC heap before
{Heap before GC invocations=10 (full 1):
 PSYoungGen      total 39936K, used 36526K [0x00000000e0000000, 0x00000000e2f00000, 0x0000000100000000)
  eden space 31744K, 100% used [0x00000000e0000000,0x00000000e1f00000,0x00000000e1f00000)
  from space 8192K, 58% used [0x00000000e2700000,0x00000000e2baba30,0x00000000e2f00000)
  to   space 2560K, 0% used [0x00000000e2000000,0x00000000e2000000,0x00000000e2280000)
 ParOldGen       total 42496K, used 14011K [0x00000000a0000000, 0x00000000a2980000, 0x00000000e0000000)
  object space 42496K, 32% used [0x00000000a0000000,0x00000000a0daef28,0x00000000a2980000)
 Metaspace       used 27950K, capacity 28428K, committed 28544K, reserved 1073152K
  class space    used 3798K, capacity 3955K, committed 3968K, reserved 1048576K
Event: 30.197 GC heap after
Heap after GC invocations=10 (full 1):
 PSYoungGen      total 34304K, used 2560K [0x00000000e0000000, 0x00000000e2f00000, 0x0000000100000000)
  eden space 31744K, 0% used [0x00000000e0000000,0x00000000e0000000,0x00000000e1f00000)
  from space 2560K, 100% used [0x00000000e2000000,0x00000000e2280000,0x00000000e2280000)
  to   space 8192K, 0% used [0x00000000e2700000,0x00000000e2700000,0x00000000e2f00000)
 ParOldGen       total 42496K, used 17019K [0x00000000a0000000, 0x00000000a2980000, 0x00000000e0000000)
  object space 42496K, 40% used [0x00000000a0000000,0x00000000a109ed70,0x00000000a2980000)
 Metaspace       used 27950K, capacity 28428K, committed 28544K, reserved 1073152K
  class space    used 3798K, capacity 3955K, committed 3968K, reserved 1048576K
}

